#
# There is insufficient memory for the Java Runtime Environment to continue.
# Native memory allocation (malloc) failed to allocate 358352 bytes for Chunk::new
# Possible reasons:
#   The system is out of physical RAM or swap space
#   The process is running with CompressedOops enabled, and the Java Heap may be blocking the growth of the native heap
# Possible solutions:
#   Reduce memory load on the system
#   Increase physical memory or swap space
#   Check if swap backing store is full
#   Decrease Java heap size (-Xmx/-Xms)
#   Decrease number of Java threads
#   Decrease Java thread stack sizes (-Xss)
#   Set larger code cache with -XX:ReservedCodeCacheSize=
#   JVM is running with Unscaled Compressed Oops mode in which the Java heap is
#     placed in the first 4GB address space. The Java Heap base address is the
#     maximum limit for the native heap growth. Please use -XX:HeapBaseMinAddress
#     to set the Java Heap base and to place the Java Heap above 4GB virtual address.
# This output file may be truncated or incomplete.
#
#  Out of Memory Error (arena.cpp:189), pid=13984, tid=14292
#
# JRE version: OpenJDK Runtime Environment Temurin-17.0.5+8 (17.0.5+8) (build 17.0.5+8)
# Java VM: OpenJDK 64-Bit Server VM Temurin-17.0.5+8 (17.0.5+8, mixed mode, tiered, compressed oops, compressed class ptrs, parallel gc, windows-amd64)
# No core dump will be written. Minidumps are not enabled by default on client versions of Windows
#

---------------  S U M M A R Y ------------

Command Line: --add-modules=ALL-SYSTEM --add-opens=java.base/java.util=ALL-UNNAMED --add-opens=java.base/java.lang=ALL-UNNAMED --add-opens=java.base/sun.nio.fs=ALL-UNNAMED -Declipse.application=org.eclipse.jdt.ls.core.id1 -Dosgi.bundles.defaultStartLevel=4 -Declipse.product=org.eclipse.jdt.ls.core.product -Djava.import.generatesMetadataFilesAtProjectRoot=false -Dfile.encoding=utf8 -XX:+UseParallelGC -XX:GCTimeRatio=4 -XX:AdaptiveSizePolicyWeight=90 -Dsun.zip.disableMemoryMapping=true -Xmx1G -Xms100m -Xlog:disable -javaagent:c:\Users\TSAYEM\.vscode\extensions\redhat.java-1.14.0-win32-x64\lombok\lombok-1.18.24.jar c:\Users\TSAYEM\.vscode\extensions\redhat.java-1.14.0-win32-x64\server\plugins\org.eclipse.equinox.launcher_1.6.400.v20210924-0641.jar -configuration c:\Users\TSAYEM\AppData\Roaming\Code\User\globalStorage\redhat.java\1.14.0\config_ss_win -data c:\Users\TSAYEM\AppData\Roaming\Code\User\workspaceStorage\34b13347db8fab4b15f6ff554861a99e\redhat.java\ss_ws

Host: Intel(R) Core(TM) i5-2467M CPU @ 1.60GHz, 4 cores, 3G,  Windows 10 , 64 bit Build 19041 (10.0.19041.2364)
Time: Tue Jan 31 11:06:57 2023 Afr. centrale Ouest elapsed time: 3.446855 seconds (0d 0h 0m 3s)

---------------  T H R E A D  ---------------

Current thread (0x000001929ed5b030):  JavaThread "C2 CompilerThread0" daemon [_thread_in_native, id=14292, stack(0x0000001017700000,0x0000001017800000)]


Current CompileTask:
C2:   3447  640       4       lombok.patcher.PatchScript::classMatches (41 bytes)

Stack: [0x0000001017700000,0x0000001017800000]
Native frames: (J=compiled Java code, j=interpreted, Vv=VM code, C=native code)
V  [jvm.dll+0x676b3a]
V  [jvm.dll+0x831444]
V  [jvm.dll+0x832bee]
V  [jvm.dll+0x833253]
V  [jvm.dll+0x244ce5]
V  [jvm.dll+0xabbac]
V  [jvm.dll+0xac17c]
V  [jvm.dll+0x362d57]
V  [jvm.dll+0x32d591]
V  [jvm.dll+0x32ca3a]
V  [jvm.dll+0x217b51]
V  [jvm.dll+0x216f71]
V  [jvm.dll+0x1a343d]
V  [jvm.dll+0x22698a]
V  [jvm.dll+0x224ac5]
V  [jvm.dll+0x7e727b]
V  [jvm.dll+0x7e17ea]
V  [jvm.dll+0x6759e5]
C  [ucrtbase.dll+0x21bb2]
C  [KERNEL32.DLL+0x17614]
C  [ntdll.dll+0x526a1]


---------------  P R O C E S S  ---------------

Threads class SMR info:
_java_thread_list=0x00000192a0c0fb40, length=13, elements={
0x000001928af0d1a0, 0x000001929ed2b740, 0x000001929ed2c570, 0x000001929ed54270,
0x000001929ed56e30, 0x000001929ed598f0, 0x000001929ed5a2a0, 0x000001929ed5b030,
0x00000192a071fbc0, 0x00000192a0722c80, 0x000001928afcaa20, 0x00000192a0948140,
0x00000192a0b6b5a0
}

Java Threads: ( => current thread )
  0x000001928af0d1a0 JavaThread "main" [_thread_in_native, id=11312, stack(0x0000001016e00000,0x0000001016f00000)]
  0x000001929ed2b740 JavaThread "Reference Handler" daemon [_thread_blocked, id=11848, stack(0x0000001017100000,0x0000001017200000)]
  0x000001929ed2c570 JavaThread "Finalizer" daemon [_thread_blocked, id=8012, stack(0x0000001017200000,0x0000001017300000)]
  0x000001929ed54270 JavaThread "Signal Dispatcher" daemon [_thread_blocked, id=3200, stack(0x0000001017300000,0x0000001017400000)]
  0x000001929ed56e30 JavaThread "Attach Listener" daemon [_thread_blocked, id=6752, stack(0x0000001017400000,0x0000001017500000)]
  0x000001929ed598f0 JavaThread "Service Thread" daemon [_thread_blocked, id=13076, stack(0x0000001017500000,0x0000001017600000)]
  0x000001929ed5a2a0 JavaThread "Monitor Deflation Thread" daemon [_thread_blocked, id=1808, stack(0x0000001017600000,0x0000001017700000)]
=>0x000001929ed5b030 JavaThread "C2 CompilerThread0" daemon [_thread_in_native, id=14292, stack(0x0000001017700000,0x0000001017800000)]
  0x00000192a071fbc0 JavaThread "C1 CompilerThread0" daemon [_thread_blocked, id=8028, stack(0x0000001017800000,0x0000001017900000)]
  0x00000192a0722c80 JavaThread "Sweeper thread" daemon [_thread_blocked, id=3496, stack(0x0000001017900000,0x0000001017a00000)]
  0x000001928afcaa20 JavaThread "Common-Cleaner" daemon [_thread_blocked, id=9916, stack(0x0000001017a00000,0x0000001017b00000)]
  0x00000192a0948140 JavaThread "Notification Thread" daemon [_thread_blocked, id=6876, stack(0x0000001017b00000,0x0000001017c00000)]
  0x00000192a0b6b5a0 JavaThread "C2 CompilerThread1" daemon [_thread_blocked, id=11552, stack(0x0000001017d00000,0x0000001017e00000)]

Other Threads:
  0x000001929ed14160 VMThread "VM Thread" [stack: 0x0000001017000000,0x0000001017100000] [id=12224]
  0x00000192a0948610 WatcherThread [stack: 0x0000001017c00000,0x0000001017d00000] [id=9300]
  0x000001928af23160 GCTaskThread "GC Thread#0" [stack: 0x0000001016f00000,0x0000001017000000] [id=10716]

Threads with active compile tasks:
C2 CompilerThread0     3512  640       4       lombok.patcher.PatchScript::classMatches (41 bytes)

VM state: not at safepoint (normal execution)

VM Mutex/Monitor currently owned by a thread: None

Heap address: 0x00000000c0000000, size: 1024 MB, Compressed Oops mode: 32-bit

CDS archive(s) not mapped
Compressed class space mapped at: 0x0000000100000000-0x0000000140000000, reserved size: 1073741824
Narrow klass base: 0x0000000000000000, Narrow klass shift: 3, Narrow klass range: 0x140000000

GC Precious Log:
 CPUs: 4 total, 4 available
 Memory: 3982M
 Large Page Support: Disabled
 NUMA Support: Disabled
 Compressed Oops: Enabled (32-bit)
 Alignments: Space 512K, Generation 512K, Heap 2M
 Heap Min Capacity: 100M
 Heap Initial Capacity: 100M
 Heap Max Capacity: 1G
 Pre-touch: Disabled
 Parallel Workers: 4

Heap:
 PSYoungGen      total 29696K, used 15004K [0x00000000eab00000, 0x00000000ecc00000, 0x0000000100000000)
  eden space 25600K, 58% used [0x00000000eab00000,0x00000000eb9a7018,0x00000000ec400000)
  from space 4096K, 0% used [0x00000000ec800000,0x00000000ec800000,0x00000000ecc00000)
  to   space 4096K, 0% used [0x00000000ec400000,0x00000000ec400000,0x00000000ec800000)
 ParOldGen       total 68608K, used 0K [0x00000000c0000000, 0x00000000c4300000, 0x00000000eab00000)
  object space 68608K, 0% used [0x00000000c0000000,0x00000000c0000000,0x00000000c4300000)
 Metaspace       used 9284K, committed 9408K, reserved 1064960K
  class space    used 924K, committed 960K, reserved 1048576K

Card table byte_map: [0x000001928a8c0000,0x000001928aad0000] _byte_map_base: 0x000001928a2c0000

Marking Bits: (ParMarkBitMap*) 0x00007ff9bd500dd0
 Begin Bits: [0x000001929cba0000, 0x000001929dba0000)
 End Bits:   [0x000001929dba0000, 0x000001929eba0000)

Polling page: 0x0000019288e10000

Metaspace:

Usage:
  Non-class:      8.16 MB used.
      Class:    924.46 KB used.
       Both:      9.07 MB used.

Virtual space:
  Non-class space:       16.00 MB reserved,       8.25 MB ( 52%) committed,  2 nodes.
      Class space:        1.00 GB reserved,     960.00 KB ( <1%) committed,  1 nodes.
             Both:        1.02 GB reserved,       9.19 MB ( <1%) committed. 

Chunk freelists:
   Non-Class:  2.92 MB
       Class:  3.09 MB
        Both:  6.01 MB

MaxMetaspaceSize: unlimited
CompressedClassSpaceSize: 1.00 GB
Initial GC threshold: 21.00 MB
Current GC threshold: 21.00 MB
CDS: off
MetaspaceReclaimPolicy: balanced
 - commit_granule_bytes: 65536.
 - commit_granule_words: 8192.
 - virtual_space_node_default_size: 1048576.
 - enlarge_chunks_in_place: 1.
 - new_chunks_are_fully_committed: 0.
 - uncommit_free_chunks: 1.
 - use_allocation_guard: 0.
 - handle_deallocations: 1.


Internal statistics:

num_allocs_failed_limit: 0.
num_arena_births: 12.
num_arena_deaths: 0.
num_vsnodes_births: 3.
num_vsnodes_deaths: 0.
num_space_committed: 147.
num_space_uncommitted: 0.
num_chunks_returned_to_freelist: 0.
num_chunks_taken_from_freelist: 48.
num_chunk_merges: 0.
num_chunk_splits: 24.
num_chunks_enlarged: 18.
num_purges: 0.
num_inconsistent_stats: 0.

CodeHeap 'non-profiled nmethods': size=120000Kb used=223Kb max_used=223Kb free=119776Kb
 bounds [0x0000019295670000, 0x00000192958e0000, 0x000001929cba0000]
CodeHeap 'profiled nmethods': size=120000Kb used=1155Kb max_used=1155Kb free=118844Kb
 bounds [0x000001928e140000, 0x000001928e3b0000, 0x0000019295670000]
CodeHeap 'non-nmethods': size=5760Kb used=1130Kb max_used=1146Kb free=4629Kb
 bounds [0x000001928dba0000, 0x000001928de10000, 0x000001928e140000]
 total_blobs=1105 nmethods=686 adapters=334
 compilation: enabled
              stopped_count=0, restarted_count=0
 full_count=0

Compilation events (20 events):
Event: 3.412 Thread 0x00000192a0b6b5a0  652       4       java.lang.invoke.VarHandleByteArrayAsInts$ArrayHandle::get (36 bytes)
Event: 3.412 Thread 0x00000192a071fbc0  667 %     3       java.util.Properties$LineReader::readLine @ 53 (584 bytes)
Event: 3.415 Thread 0x00000192a0b6b5a0 nmethod 652 0x00000192956a4290 code [0x00000192956a4420, 0x00000192956a4558]
Event: 3.415 Thread 0x00000192a0b6b5a0  654       4       lombok.patcher.MethodTarget::typeMatches (14 bytes)
Event: 3.417 Thread 0x00000192a071fbc0 nmethod 667% 0x000001928e24dd10 code [0x000001928e24e0e0, 0x000001928e250c18]
Event: 3.418 Thread 0x00000192a071fbc0  668       3       java.util.Properties$LineReader::readLine (584 bytes)
Event: 3.423 Thread 0x00000192a071fbc0 nmethod 668 0x000001928e251910 code [0x000001928e251cc0, 0x000001928e2544b8]
Event: 3.423 Thread 0x00000192a071fbc0  670       3       java.io.WinNTFileSystem::normalize (224 bytes)
Event: 3.428 Thread 0x00000192a071fbc0 nmethod 670 0x000001928e255090 code [0x000001928e255480, 0x000001928e256ff8]
Event: 3.428 Thread 0x00000192a071fbc0  671       3       lombok.eclipse.agent.EclipsePatcher$1::shouldTransform (79 bytes)
Event: 3.429 Thread 0x00000192a071fbc0 nmethod 671 0x000001928e257a90 code [0x000001928e257d00, 0x000001928e2586e8]
Event: 3.431 Thread 0x00000192a071fbc0  672       3       java.io.ByteArrayOutputStream::<init> (43 bytes)
Event: 3.432 Thread 0x00000192a071fbc0 nmethod 672 0x000001928e258a90 code [0x000001928e258cc0, 0x000001928e259498]
Event: 3.432 Thread 0x00000192a071fbc0  673       3       java.util.Properties::loadConvert (540 bytes)
Event: 3.435 Thread 0x00000192a071fbc0 nmethod 673 0x000001928e259790 code [0x000001928e259a80, 0x000001928e25ae98]
Event: 3.436 Thread 0x00000192a071fbc0  674       3       java.util.concurrent.ConcurrentHashMap$BaseIterator::hasNext (13 bytes)
Event: 3.436 Thread 0x00000192a071fbc0 nmethod 674 0x000001928e25b510 code [0x000001928e25b6a0, 0x000001928e25b818]
Event: 3.442 Thread 0x00000192a071fbc0  675       3       java.lang.Character::charCount (12 bytes)
Event: 3.442 Thread 0x00000192a071fbc0 nmethod 675 0x000001928e25b890 code [0x000001928e25ba20, 0x000001928e25bb98]
Event: 3.442 Thread 0x00000192a071fbc0  676       3       java.lang.String::trim (35 bytes)

GC Heap History (0 events):
No events

Dll operation events (8 events):
Event: 0.038 Loaded shared library c:\Users\TSAYEM\.vscode\extensions\redhat.java-1.14.0-win32-x64\jre\17.0.5-win32-x86_64\bin\java.dll
Event: 1.135 Loaded shared library c:\Users\TSAYEM\.vscode\extensions\redhat.java-1.14.0-win32-x64\jre\17.0.5-win32-x86_64\bin\zip.dll
Event: 1.145 Loaded shared library C:\Users\TSAYEM\.vscode\extensions\redhat.java-1.14.0-win32-x64\jre\17.0.5-win32-x86_64\bin\instrument.dll
Event: 1.254 Loaded shared library C:\Users\TSAYEM\.vscode\extensions\redhat.java-1.14.0-win32-x64\jre\17.0.5-win32-x86_64\bin\net.dll
Event: 1.262 Loaded shared library C:\Users\TSAYEM\.vscode\extensions\redhat.java-1.14.0-win32-x64\jre\17.0.5-win32-x86_64\bin\nio.dll
Event: 1.283 Loaded shared library C:\Users\TSAYEM\.vscode\extensions\redhat.java-1.14.0-win32-x64\jre\17.0.5-win32-x86_64\bin\zip.dll
Event: 1.410 Loaded shared library C:\Users\TSAYEM\.vscode\extensions\redhat.java-1.14.0-win32-x64\jre\17.0.5-win32-x86_64\bin\jimage.dll
Event: 1.658 Loaded shared library c:\Users\TSAYEM\.vscode\extensions\redhat.java-1.14.0-win32-x64\jre\17.0.5-win32-x86_64\bin\verify.dll

Deoptimization events (20 events):
Event: 2.115 Thread 0x000001928af0d1a0 DEOPT PACKING pc=0x000001928e1864d6 sp=0x0000001016efebb0
Event: 2.115 Thread 0x000001928af0d1a0 DEOPT UNPACKING pc=0x000001928dbf2843 sp=0x0000001016efe050 mode 0
Event: 2.125 Thread 0x000001928af0d1a0 DEOPT PACKING pc=0x000001928e15a713 sp=0x0000001016efc690
Event: 2.125 Thread 0x000001928af0d1a0 DEOPT UNPACKING pc=0x000001928dbf2843 sp=0x0000001016efbb50 mode 0
Event: 2.285 Thread 0x000001928af0d1a0 Uncommon trap: trap_request=0xffffff45 fr.pc=0x000001929567e940 relative=0x0000000000000560
Event: 2.285 Thread 0x000001928af0d1a0 Uncommon trap: reason=unstable_if action=reinterpret pc=0x000001929567e940 method=java.util.HashMap.putVal(ILjava/lang/Object;Ljava/lang/Object;ZZ)Ljava/lang/Object; @ 181 c2
Event: 2.285 Thread 0x000001928af0d1a0 DEOPT PACKING pc=0x000001929567e940 sp=0x0000001016efda40
Event: 2.285 Thread 0x000001928af0d1a0 DEOPT UNPACKING pc=0x000001928dbf20a3 sp=0x0000001016efd9b0 mode 2
Event: 2.537 Thread 0x000001928af0d1a0 Uncommon trap: trap_request=0xffffff45 fr.pc=0x0000019295683dc0 relative=0x00000000000000c0
Event: 2.537 Thread 0x000001928af0d1a0 Uncommon trap: reason=unstable_if action=reinterpret pc=0x0000019295683dc0 method=java.net.URI.match(CJJ)Z @ 45 c2
Event: 2.537 Thread 0x000001928af0d1a0 DEOPT PACKING pc=0x0000019295683dc0 sp=0x0000001016efc6d0
Event: 2.537 Thread 0x000001928af0d1a0 DEOPT UNPACKING pc=0x000001928dbf20a3 sp=0x0000001016efc658 mode 2
Event: 2.556 Thread 0x000001928af0d1a0 Uncommon trap: trap_request=0xffffff45 fr.pc=0x0000019295691e7c relative=0x000000000000061c
Event: 2.556 Thread 0x000001928af0d1a0 Uncommon trap: reason=unstable_if action=reinterpret pc=0x0000019295691e7c method=java.lang.String.replace(Ljava/lang/CharSequence;Ljava/lang/CharSequence;)Ljava/lang/String; @ 48 c2
Event: 2.556 Thread 0x000001928af0d1a0 DEOPT PACKING pc=0x0000019295691e7c sp=0x0000001016efc650
Event: 2.556 Thread 0x000001928af0d1a0 DEOPT UNPACKING pc=0x000001928dbf20a3 sp=0x0000001016efc5d0 mode 2
Event: 3.430 Thread 0x000001928af0d1a0 Uncommon trap: trap_request=0xffffff45 fr.pc=0x00000192956a3974 relative=0x0000000000000074
Event: 3.430 Thread 0x000001928af0d1a0 Uncommon trap: reason=unstable_if action=reinterpret pc=0x00000192956a3974 method=jdk.internal.misc.Unsafe.convEndian(ZI)I @ 4 c2
Event: 3.430 Thread 0x000001928af0d1a0 DEOPT PACKING pc=0x00000192956a3974 sp=0x0000001016efd710
Event: 3.430 Thread 0x000001928af0d1a0 DEOPT UNPACKING pc=0x000001928dbf20a3 sp=0x0000001016efd640 mode 2

Classes unloaded (0 events):
No events

Classes redefined (0 events):
No events

Internal exceptions (7 events):
Event: 0.981 Thread 0x000001928af0d1a0 Exception <a 'java/lang/NoSuchMethodError'{0x00000000eacb2138}: 'void java.lang.invoke.DirectMethodHandle$Holder.invokeStatic(java.lang.Object, java.lang.Object, java.lang.Object)'> (0x00000000eacb2138) 
thrown [s\src\hotspot\share\interpreter\linkResolver.cpp, line 759]
Event: 1.750 Thread 0x000001928af0d1a0 Exception <a 'java/lang/reflect/InvocationTargetException'{0x00000000eaf792d0}> (0x00000000eaf792d0) 
thrown [s\src\hotspot\share\runtime\reflection.cpp, line 1121]
Event: 3.410 Thread 0x000001928af0d1a0 Exception <a 'java/lang/ClassNotFoundException'{0x00000000eb8ceb00}: sun/net/www/protocol/c/Handler> (0x00000000eb8ceb00) 
thrown [s\src\hotspot\share\classfile\systemDictionary.cpp, line 256]
Event: 3.425 Thread 0x000001928af0d1a0 Exception <a 'java/io/FileNotFoundException'{0x00000000eb8e2628}> (0x00000000eb8e2628) 
thrown [s\src\hotspot\share\prims\jni.cpp, line 516]
Event: 3.426 Thread 0x000001928af0d1a0 Exception <a 'java/io/FileNotFoundException'{0x00000000eb8e3750}> (0x00000000eb8e3750) 
thrown [s\src\hotspot\share\prims\jni.cpp, line 516]
Event: 3.427 Thread 0x000001928af0d1a0 Exception <a 'java/io/FileNotFoundException'{0x00000000eb8e4870}> (0x00000000eb8e4870) 
thrown [s\src\hotspot\share\prims\jni.cpp, line 516]
Event: 3.427 Thread 0x000001928af0d1a0 Exception <a 'java/io/FileNotFoundException'{0x00000000eb8e5960}> (0x00000000eb8e5960) 
thrown [s\src\hotspot\share\prims\jni.cpp, line 516]

VM Operations (12 events):
Event: 1.043 Executing VM operation: HandshakeAllThreads
Event: 1.043 Executing VM operation: HandshakeAllThreads done
Event: 1.509 Executing VM operation: HandshakeAllThreads
Event: 1.509 Executing VM operation: HandshakeAllThreads done
Event: 1.509 Executing VM operation: Cleanup
Event: 1.509 Executing VM operation: Cleanup done
Event: 2.509 Executing VM operation: Cleanup
Event: 2.524 Executing VM operation: Cleanup done
Event: 3.299 Executing VM operation: HandshakeAllThreads
Event: 3.299 Executing VM operation: HandshakeAllThreads done
Event: 3.351 Executing VM operation: HandshakeAllThreads
Event: 3.351 Executing VM operation: HandshakeAllThreads done

Events (20 events):
Event: 3.430 loading class sun/net/www/MimeTable$DefaultInstanceHolder
Event: 3.430 loading class sun/net/www/MimeTable$DefaultInstanceHolder done
Event: 3.430 loading class sun/net/www/MimeTable$DefaultInstanceHolder$1
Event: 3.430 loading class sun/net/www/MimeTable$DefaultInstanceHolder$1 done
Event: 3.433 loading class java/util/Properties$EntrySet
Event: 3.433 loading class java/util/Properties$EntrySet done
Event: 3.433 loading class java/util/concurrent/ConcurrentHashMap$EntrySetView
Event: 3.434 loading class java/util/concurrent/ConcurrentHashMap$EntrySetView done
Event: 3.434 loading class java/util/Collections$SynchronizedSet
Event: 3.434 loading class java/util/Collections$SynchronizedCollection
Event: 3.434 loading class java/util/Collections$SynchronizedCollection done
Event: 3.435 loading class java/util/Collections$SynchronizedSet done
Event: 3.435 loading class java/util/concurrent/ConcurrentHashMap$EntryIterator
Event: 3.435 loading class java/util/concurrent/ConcurrentHashMap$EntryIterator done
Event: 3.436 loading class java/util/concurrent/ConcurrentHashMap$MapEntry
Event: 3.437 loading class java/util/concurrent/ConcurrentHashMap$MapEntry done
Event: 3.439 loading class java/util/Hashtable$Enumerator
Event: 3.439 loading class java/util/Hashtable$Enumerator done
Event: 3.439 loading class sun/net/www/MimeEntry
Event: 3.440 loading class sun/net/www/MimeEntry done


Dynamic libraries:
0x00007ff637bd0000 - 0x00007ff637bde000 	c:\Users\TSAYEM\.vscode\extensions\redhat.java-1.14.0-win32-x64\jre\17.0.5-win32-x86_64\bin\java.exe
0x00007ff9fc530000 - 0x00007ff9fc728000 	C:\WINDOWS\SYSTEM32\ntdll.dll
0x00007ff9fbd50000 - 0x00007ff9fbe0f000 	C:\WINDOWS\System32\KERNEL32.DLL
0x00007ff9fa200000 - 0x00007ff9fa4d2000 	C:\WINDOWS\System32\KERNELBASE.dll
0x00007ff9fa0b0000 - 0x00007ff9fa1b0000 	C:\WINDOWS\System32\ucrtbase.dll
0x00007ff9ed8e0000 - 0x00007ff9ed8f7000 	c:\Users\TSAYEM\.vscode\extensions\redhat.java-1.14.0-win32-x64\jre\17.0.5-win32-x86_64\bin\jli.dll
0x00007ff9fbb90000 - 0x00007ff9fbd31000 	C:\WINDOWS\System32\USER32.dll
0x00007ff9f9dd0000 - 0x00007ff9f9df2000 	C:\WINDOWS\System32\win32u.dll
0x00007ff9faa90000 - 0x00007ff9faabb000 	C:\WINDOWS\System32\GDI32.dll
0x00007ff9f9cc0000 - 0x00007ff9f9dcf000 	C:\WINDOWS\System32\gdi32full.dll
0x00007ff9f9f60000 - 0x00007ff9f9ffd000 	C:\WINDOWS\System32\msvcp_win.dll
0x00007ff9ed2a0000 - 0x00007ff9ed2b9000 	c:\Users\TSAYEM\.vscode\extensions\redhat.java-1.14.0-win32-x64\jre\17.0.5-win32-x86_64\bin\VCRUNTIME140.dll
0x00007ff9eadb0000 - 0x00007ff9eb04a000 	C:\WINDOWS\WinSxS\amd64_microsoft.windows.common-controls_6595b64144ccf1df_6.0.19041.1110_none_60b5254171f9507e\COMCTL32.dll
0x00007ff9fa9d0000 - 0x00007ff9faa6e000 	C:\WINDOWS\System32\msvcrt.dll
0x00007ff9fa990000 - 0x00007ff9fa9c2000 	C:\WINDOWS\System32\IMM32.DLL
0x00007ff9f4ca0000 - 0x00007ff9f4cac000 	c:\Users\TSAYEM\.vscode\extensions\redhat.java-1.14.0-win32-x64\jre\17.0.5-win32-x86_64\bin\vcruntime140_1.dll
0x00007ff9da800000 - 0x00007ff9da891000 	c:\Users\TSAYEM\.vscode\extensions\redhat.java-1.14.0-win32-x64\jre\17.0.5-win32-x86_64\bin\msvcp140.dll
0x00007ff9bc980000 - 0x00007ff9bd5c4000 	c:\Users\TSAYEM\.vscode\extensions\redhat.java-1.14.0-win32-x64\jre\17.0.5-win32-x86_64\bin\server\jvm.dll
0x00007ff9fa700000 - 0x00007ff9fa7ae000 	C:\WINDOWS\System32\ADVAPI32.dll
0x00007ff9fa8f0000 - 0x00007ff9fa98c000 	C:\WINDOWS\System32\sechost.dll
0x00007ff9fa7b0000 - 0x00007ff9fa8d5000 	C:\WINDOWS\System32\RPCRT4.dll
0x00007ff9e6cb0000 - 0x00007ff9e6cb9000 	C:\WINDOWS\SYSTEM32\WSOCK32.dll
0x00007ff9fb040000 - 0x00007ff9fb0ab000 	C:\WINDOWS\System32\WS2_32.dll
0x00007ff9ebda0000 - 0x00007ff9ebdc7000 	C:\WINDOWS\SYSTEM32\WINMM.dll
0x00007ff9ee830000 - 0x00007ff9ee83a000 	C:\WINDOWS\SYSTEM32\VERSION.dll
0x00007ff9f7aa0000 - 0x00007ff9f7ab2000 	C:\WINDOWS\SYSTEM32\kernel.appcore.dll
0x00007ff9f4a90000 - 0x00007ff9f4a9a000 	c:\Users\TSAYEM\.vscode\extensions\redhat.java-1.14.0-win32-x64\jre\17.0.5-win32-x86_64\bin\jimage.dll
0x00007ff9e57d0000 - 0x00007ff9e59b4000 	C:\WINDOWS\SYSTEM32\DBGHELP.DLL
0x00007ff9ebb20000 - 0x00007ff9ebb55000 	C:\WINDOWS\SYSTEM32\dbgcore.DLL
0x00007ff9fa4e0000 - 0x00007ff9fa562000 	C:\WINDOWS\System32\bcryptPrimitives.dll
0x00007ff9f2180000 - 0x00007ff9f218e000 	c:\Users\TSAYEM\.vscode\extensions\redhat.java-1.14.0-win32-x64\jre\17.0.5-win32-x86_64\bin\instrument.dll
0x00007ff9ed900000 - 0x00007ff9ed925000 	c:\Users\TSAYEM\.vscode\extensions\redhat.java-1.14.0-win32-x64\jre\17.0.5-win32-x86_64\bin\java.dll
0x00007ff9edd40000 - 0x00007ff9edd58000 	c:\Users\TSAYEM\.vscode\extensions\redhat.java-1.14.0-win32-x64\jre\17.0.5-win32-x86_64\bin\zip.dll
0x00007ff9fb3e0000 - 0x00007ff9fbb24000 	C:\WINDOWS\System32\SHELL32.dll
0x00007ff9f7ca0000 - 0x00007ff9f8432000 	C:\WINDOWS\SYSTEM32\windows.storage.dll
0x00007ff9faac0000 - 0x00007ff9fae15000 	C:\WINDOWS\System32\combase.dll
0x00007ff9f95a0000 - 0x00007ff9f95d0000 	C:\WINDOWS\SYSTEM32\Wldp.dll
0x00007ff9fb260000 - 0x00007ff9fb30d000 	C:\WINDOWS\System32\SHCORE.dll
0x00007ff9fbb30000 - 0x00007ff9fbb85000 	C:\WINDOWS\System32\shlwapi.dll
0x00007ff9f9b60000 - 0x00007ff9f9b7f000 	C:\WINDOWS\SYSTEM32\profapi.dll
0x00007ff9e1620000 - 0x00007ff9e1639000 	C:\Users\TSAYEM\.vscode\extensions\redhat.java-1.14.0-win32-x64\jre\17.0.5-win32-x86_64\bin\net.dll
0x00007ff9f3980000 - 0x00007ff9f3a8c000 	C:\WINDOWS\SYSTEM32\WINHTTP.dll
0x00007ff9f9380000 - 0x00007ff9f93ea000 	C:\WINDOWS\system32\mswsock.dll
0x00007ff9e0b60000 - 0x00007ff9e0b75000 	C:\Users\TSAYEM\.vscode\extensions\redhat.java-1.14.0-win32-x64\jre\17.0.5-win32-x86_64\bin\nio.dll
0x00007ff9f2150000 - 0x00007ff9f2160000 	c:\Users\TSAYEM\.vscode\extensions\redhat.java-1.14.0-win32-x64\jre\17.0.5-win32-x86_64\bin\verify.dll

dbghelp: loaded successfully - version: 4.0.5 - missing functions: none
symbol engine: initialized successfully - sym options: 0x614 - pdb path: .;c:\Users\TSAYEM\.vscode\extensions\redhat.java-1.14.0-win32-x64\jre\17.0.5-win32-x86_64\bin;C:\WINDOWS\SYSTEM32;C:\WINDOWS\WinSxS\amd64_microsoft.windows.common-controls_6595b64144ccf1df_6.0.19041.1110_none_60b5254171f9507e;c:\Users\TSAYEM\.vscode\extensions\redhat.java-1.14.0-win32-x64\jre\17.0.5-win32-x86_64\bin\server

VM Arguments:
jvm_args: --add-modules=ALL-SYSTEM --add-opens=java.base/java.util=ALL-UNNAMED --add-opens=java.base/java.lang=ALL-UNNAMED --add-opens=java.base/sun.nio.fs=ALL-UNNAMED -Declipse.application=org.eclipse.jdt.ls.core.id1 -Dosgi.bundles.defaultStartLevel=4 -Declipse.product=org.eclipse.jdt.ls.core.product -Djava.import.generatesMetadataFilesAtProjectRoot=false -Dfile.encoding=utf8 -XX:+UseParallelGC -XX:GCTimeRatio=4 -XX:AdaptiveSizePolicyWeight=90 -Dsun.zip.disableMemoryMapping=true -Xmx1G -Xms100m -Xlog:disable -javaagent:c:\Users\TSAYEM\.vscode\extensions\redhat.java-1.14.0-win32-x64\lombok\lombok-1.18.24.jar 
java_command: c:\Users\TSAYEM\.vscode\extensions\redhat.java-1.14.0-win32-x64\server\plugins\org.eclipse.equinox.launcher_1.6.400.v20210924-0641.jar -configuration c:\Users\TSAYEM\AppData\Roaming\Code\User\globalStorage\redhat.java\1.14.0\config_ss_win -data c:\Users\TSAYEM\AppData\Roaming\Code\User\workspaceStorage\34b13347db8fab4b15f6ff554861a99e\redhat.java\ss_ws
java_class_path (initial): c:\Users\TSAYEM\.vscode\extensions\redhat.java-1.14.0-win32-x64\server\plugins\org.eclipse.equinox.launcher_1.6.400.v20210924-0641.jar
Launcher Type: SUN_STANDARD

[Global flags]
    uintx AdaptiveSizePolicyWeight                 = 90                                        {product} {command line}
     intx CICompilerCount                          = 3                                         {product} {ergonomic}
    uintx GCTimeRatio                              = 4                                         {product} {command line}
   size_t InitialHeapSize                          = 104857600                                 {product} {command line}
   size_t MaxHeapSize                              = 1073741824                                {product} {command line}
   size_t MaxNewSize                               = 357564416                                 {product} {ergonomic}
   size_t MinHeapDeltaBytes                        = 524288                                    {product} {ergonomic}
   size_t MinHeapSize                              = 104857600                                 {product} {command line}
   size_t NewSize                                  = 34603008                                  {product} {ergonomic}
    uintx NonNMethodCodeHeapSize                   = 5832780                                {pd product} {ergonomic}
    uintx NonProfiledCodeHeapSize                  = 122912730                              {pd product} {ergonomic}
   size_t OldSize                                  = 70254592                                  {product} {ergonomic}
    uintx ProfiledCodeHeapSize                     = 122912730                              {pd product} {ergonomic}
    uintx ReservedCodeCacheSize                    = 251658240                              {pd product} {ergonomic}
     bool SegmentedCodeCache                       = true                                      {product} {ergonomic}
   size_t SoftMaxHeapSize                          = 1073741824                             {manageable} {ergonomic}
     bool UseCompressedClassPointers               = true                           {product lp64_product} {ergonomic}
     bool UseCompressedOops                        = true                           {product lp64_product} {ergonomic}
     bool UseLargePagesIndividualAllocation        = false                                  {pd product} {ergonomic}
     bool UseParallelGC                            = true                                      {product} {command line}

Logging:
Log output configuration:
 #0: stdout all=off uptime,level,tags
 #1: stderr all=off uptime,level,tags

Environment Variables:
JAVA_HOME=C:\Program Files\Java\jdk-11.0.16.1
PATH=C:\Program Files\Common Files\Oracle\Java\javapath;C:\Program Files\Microsoft\jdk-11.0.12.7-hotspot\bin;C:\WINDOWS\system32;C:\WINDOWS;C:\WINDOWS\System32\Wbem;C:\WINDOWS\System32\WindowsPowerShell\v1.0\;C:\WINDOWS\System32\OpenSSH\;C:\Program Files (x86)\IncrediBuild;C:\Program Files\Git\cmd;C:\Users\TSAYEM\AppData\Local\Microsoft\WindowsApps;C:\Users\TSAYEM\AppData\Local\Programs\Microsoft VS Code\bin;G:\ARMEL\flutter_windows_3.0.0-stable\flutter\bin;C:\Program Files\Common Files\Oracle\Java\javapath;C:\Program Files\Microsoft\jdk-11.0.12.7-hotspot\bin;C:\Program Files (x86)\java\bin;
USERNAME=TSAYEM
OS=Windows_NT
PROCESSOR_IDENTIFIER=Intel64 Family 6 Model 42 Stepping 7, GenuineIntel
TMP=C:\Users\TSAYEM\AppData\Local\Temp
TEMP=C:\Users\TSAYEM\AppData\Local\Temp



---------------  S Y S T E M  ---------------

OS:
 Windows 10 , 64 bit Build 19041 (10.0.19041.2364)
OS uptime: 0 days 1:22 hours
Hyper-V role detected

CPU: total 4 (initial active 4) (2 cores per cpu, 2 threads per core) family 6 model 42 stepping 7 microcode 0x2f, cx8, cmov, fxsr, ht, mmx, sse, sse2, sse3, ssse3, sse4.1, sse4.2, popcnt, tsc, tscinvbit, avx, aes, clmul, vzeroupper, clflush, hv

Memory: 4k page, system-wide physical 3982M (577M free)
TotalPageFile size 7349M (AvailPageFile size 6M)
current process WorkingSet (physical memory assigned to process): 56M, peak: 56M
current process commit charge ("private bytes"): 182M, peak: 182M

vm_info: OpenJDK 64-Bit Server VM (17.0.5+8) for windows-amd64 JRE (17.0.5+8), built on Oct 19 2022 04:48:13 by "temurin" with MS VC++ 16.7 (VS2019)

END.
