#
# There is insufficient memory for the Java Runtime Environment to continue.
# Native memory allocation (malloc) failed to allocate 32744 bytes for ChunkPool::allocate
# Possible reasons:
#   The system is out of physical RAM or swap space
#   The process is running with CompressedOops enabled, and the Java Heap may be blocking the growth of the native heap
# Possible solutions:
#   Reduce memory load on the system
#   Increase physical memory or swap space
#   Check if swap backing store is full
#   Decrease Java heap size (-Xmx/-Xms)
#   Decrease number of Java threads
#   Decrease Java thread stack sizes (-Xss)
#   Set larger code cache with -XX:ReservedCodeCacheSize=
#   JVM is running with Unscaled Compressed Oops mode in which the Java heap is
#     placed in the first 4GB address space. The Java Heap base address is the
#     maximum limit for the native heap growth. Please use -XX:HeapBaseMinAddress
#     to set the Java Heap base and to place the Java Heap above 4GB virtual address.
# This output file may be truncated or incomplete.
#
#  Out of Memory Error (arena.cpp:78), pid=14216, tid=11532
#
# JRE version: OpenJDK Runtime Environment Temurin-17.0.5+8 (17.0.5+8) (build 17.0.5+8)
# Java VM: OpenJDK 64-Bit Server VM Temurin-17.0.5+8 (17.0.5+8, mixed mode, tiered, compressed oops, compressed class ptrs, parallel gc, windows-amd64)
# No core dump will be written. Minidumps are not enabled by default on client versions of Windows
#

---------------  S U M M A R Y ------------

Command Line: --add-modules=ALL-SYSTEM --add-opens=java.base/java.util=ALL-UNNAMED --add-opens=java.base/java.lang=ALL-UNNAMED --add-opens=java.base/sun.nio.fs=ALL-UNNAMED -Declipse.application=org.eclipse.jdt.ls.core.id1 -Dosgi.bundles.defaultStartLevel=4 -Declipse.product=org.eclipse.jdt.ls.core.product -Djava.import.generatesMetadataFilesAtProjectRoot=false -Dfile.encoding=utf8 -XX:+UseParallelGC -XX:GCTimeRatio=4 -XX:AdaptiveSizePolicyWeight=90 -Dsun.zip.disableMemoryMapping=true -Xmx1G -Xms100m -Xlog:disable -javaagent:c:\Users\TSAYEM\.vscode\extensions\redhat.java-1.14.0-win32-x64\lombok\lombok-1.18.24.jar c:\Users\TSAYEM\.vscode\extensions\redhat.java-1.14.0-win32-x64\server\plugins\org.eclipse.equinox.launcher_1.6.400.v20210924-0641.jar -configuration c:\Users\TSAYEM\AppData\Roaming\Code\User\globalStorage\redhat.java\1.14.0\config_ss_win -data c:\Users\TSAYEM\AppData\Roaming\Code\User\workspaceStorage\34b13347db8fab4b15f6ff554861a99e\redhat.java\ss_ws

Host: Intel(R) Core(TM) i5-2467M CPU @ 1.60GHz, 4 cores, 3G,  Windows 10 , 64 bit Build 19041 (10.0.19041.2364)
Time: Tue Jan 31 11:12:41 2023 Afr. centrale Ouest elapsed time: 1.730594 seconds (0d 0h 0m 1s)

---------------  T H R E A D  ---------------

Current thread (0x0000016ef43297c0):  JavaThread "C1 CompilerThread0" daemon [_thread_in_native, id=11532, stack(0x0000002ea2b00000,0x0000002ea2c00000)]


Current CompileTask:
C1:   1730  352   !   3       java.io.WinNTFileSystem::
[error occurred during error reporting (printing current compile task), id 0xe0000001, Out of Memory Error (s\src\hotspot\share\memory\arena.cpp:78)]

Stack: [0x0000002ea2b00000,0x0000002ea2c00000]
Native frames: (J=compiled Java code, j=interpreted, Vv=VM code, C=native code)
V  [jvm.dll+0x676b3a]
V  [jvm.dll+0x831444]
V  [jvm.dll+0x832bee]
V  [jvm.dll+0x833253]
V  [jvm.dll+0x244ce5]
V  [jvm.dll+0xabdcc]
V  [jvm.dll+0xac17c]
V  [jvm.dll+0x79f9bd]
V  [jvm.dll+0x62a5b5]
V  [jvm.dll+0x22b356]
V  [jvm.dll+0x22b8d7]
V  [jvm.dll+0x8312da]
V  [jvm.dll+0x832bee]
V  [jvm.dll+0x833253]
V  [jvm.dll+0x244ce5]
V  [jvm.dll+0xabdcc]
V  [jvm.dll+0xac17c]
V  [jvm.dll+0x17af2d]
V  [jvm.dll+0x17d0de]
V  [jvm.dll+0x17ade5]
V  [jvm.dll+0x175486]
V  [jvm.dll+0x17eb9b]
V  [jvm.dll+0x176658]
V  [jvm.dll+0x179d4f]
V  [jvm.dll+0x1344f3]
V  [jvm.dll+0x133def]
V  [jvm.dll+0x134026]
V  [jvm.dll+0x1334ba]
V  [jvm.dll+0x135181]
V  [jvm.dll+0x22698a]
V  [jvm.dll+0x224ac5]
V  [jvm.dll+0x7e727b]
V  [jvm.dll+0x7e17ea]
V  [jvm.dll+0x6759e5]
C  [ucrtbase.dll+0x21bb2]
C  [KERNEL32.DLL+0x17614]
C  [ntdll.dll+0x526a1]


---------------  P R O C E S S  ---------------

Threads class SMR info:
_java_thread_list=0x0000016ef4414830, length=11, elements={
0x0000016edeadd1a0, 0x0000016ef28fb740, 0x0000016ef28fdd20, 0x0000016ef2923270,
0x0000016ef2925e30, 0x0000016ef29287f0, 0x0000016ef29291a0, 0x0000016ef2929f30,
0x0000016ef43297c0, 0x0000016ef432dde0, 0x0000016ef4418490
}

Java Threads: ( => current thread )
  0x0000016edeadd1a0 JavaThread "main" [_thread_in_vm, id=7008, stack(0x0000002ea2100000,0x0000002ea2200000)]
  0x0000016ef28fb740 JavaThread "Reference Handler" daemon [_thread_blocked, id=10680, stack(0x0000002ea2400000,0x0000002ea2500000)]
  0x0000016ef28fdd20 JavaThread "Finalizer" daemon [_thread_blocked, id=13652, stack(0x0000002ea2500000,0x0000002ea2600000)]
  0x0000016ef2923270 JavaThread "Signal Dispatcher" daemon [_thread_blocked, id=12244, stack(0x0000002ea2600000,0x0000002ea2700000)]
  0x0000016ef2925e30 JavaThread "Attach Listener" daemon [_thread_blocked, id=8480, stack(0x0000002ea2700000,0x0000002ea2800000)]
  0x0000016ef29287f0 JavaThread "Service Thread" daemon [_thread_blocked, id=12576, stack(0x0000002ea2800000,0x0000002ea2900000)]
  0x0000016ef29291a0 JavaThread "Monitor Deflation Thread" daemon [_thread_blocked, id=9952, stack(0x0000002ea2900000,0x0000002ea2a00000)]
  0x0000016ef2929f30 JavaThread "C2 CompilerThread0" daemon [_thread_in_native, id=3444, stack(0x0000002ea2a00000,0x0000002ea2b00000)]
=>0x0000016ef43297c0 JavaThread "C1 CompilerThread0" daemon [_thread_in_native, id=11532, stack(0x0000002ea2b00000,0x0000002ea2c00000)]
  0x0000016ef432dde0 JavaThread "Sweeper thread" daemon [_thread_blocked, id=2228, stack(0x0000002ea2c00000,0x0000002ea2d00000)]
  0x0000016ef4418490 JavaThread "Common-Cleaner" daemon [_thread_blocked, id=14276, stack(0x0000002ea2d00000,0x0000002ea2e00000)]

Other Threads:
  0x0000016ef28e4240 VMThread "VM Thread" [stack: 0x0000002ea2300000,0x0000002ea2400000] [id=11156]
  0x0000016edeaf4170 GCTaskThread "GC Thread#0" [stack: 0x0000002ea2200000,0x0000002ea2300000] [id=1200]

Threads with active compile tasks:
C2 CompilerThread0     1795  357 %     4       java.lang.StringLatin1::replace @ 57 (198 bytes)
C1 CompilerThread0     1795  352   !   3       java.io.WinNTFileSystem::resolve (362 bytes)

VM state: not at safepoint (normal execution)

VM Mutex/Monitor currently owned by a thread: None

Heap address: 0x00000000c0000000, size: 1024 MB, Compressed Oops mode: 32-bit

CDS archive(s) not mapped
Compressed class space mapped at: 0x0000000100000000-0x0000000140000000, reserved size: 1073741824
Narrow klass base: 0x0000000000000000, Narrow klass shift: 3, Narrow klass range: 0x140000000

GC Precious Log:
 CPUs: 4 total, 4 available
 Memory: 3982M
 Large Page Support: Disabled
 NUMA Support: Disabled
 Compressed Oops: Enabled (32-bit)
 Alignments: Space 512K, Generation 512K, Heap 2M
 Heap Min Capacity: 100M
 Heap Initial Capacity: 100M
 Heap Max Capacity: 1G
 Pre-touch: Disabled
 Parallel Workers: 4

Heap:
 PSYoungGen      total 29696K, used 6687K [0x00000000eab00000, 0x00000000ecc00000, 0x0000000100000000)
  eden space 25600K, 26% used [0x00000000eab00000,0x00000000eb187d78,0x00000000ec400000)
  from space 4096K, 0% used [0x00000000ec800000,0x00000000ec800000,0x00000000ecc00000)
  to   space 4096K, 0% used [0x00000000ec400000,0x00000000ec400000,0x00000000ec800000)
 ParOldGen       total 68608K, used 0K [0x00000000c0000000, 0x00000000c4300000, 0x00000000eab00000)
  object space 68608K, 0% used [0x00000000c0000000,0x00000000c0000000,0x00000000c4300000)
 Metaspace       used 6150K, committed 6336K, reserved 1056768K
  class space    used 602K, committed 704K, reserved 1048576K

Card table byte_map: [0x0000016ede490000,0x0000016ede6a0000] _byte_map_base: 0x0000016edde90000

Marking Bits: (ParMarkBitMap*) 0x00007ff99a030dd0
 Begin Bits: [0x0000016ef0770000, 0x0000016ef1770000)
 End Bits:   [0x0000016ef1770000, 0x0000016ef2770000)

Polling page: 0x0000016edca20000

Metaspace:

Usage:
  Non-class:      5.42 MB used.
      Class:    602.18 KB used.
       Both:      6.01 MB used.

Virtual space:
  Non-class space:        8.00 MB reserved,       5.50 MB ( 69%) committed,  1 nodes.
      Class space:        1.00 GB reserved,     704.00 KB ( <1%) committed,  1 nodes.
             Both:        1.01 GB reserved,       6.19 MB ( <1%) committed. 

Chunk freelists:
   Non-Class:  2.28 MB
       Class:  3.22 MB
        Both:  5.50 MB

MaxMetaspaceSize: unlimited
CompressedClassSpaceSize: 1.00 GB
Initial GC threshold: 21.00 MB
Current GC threshold: 21.00 MB
CDS: off
MetaspaceReclaimPolicy: balanced
 - commit_granule_bytes: 65536.
 - commit_granule_words: 8192.
 - virtual_space_node_default_size: 1048576.
 - enlarge_chunks_in_place: 1.
 - new_chunks_are_fully_committed: 0.
 - uncommit_free_chunks: 1.
 - use_allocation_guard: 0.
 - handle_deallocations: 1.


Internal statistics:

num_allocs_failed_limit: 0.
num_arena_births: 10.
num_arena_deaths: 0.
num_vsnodes_births: 2.
num_vsnodes_deaths: 0.
num_space_committed: 99.
num_space_uncommitted: 0.
num_chunks_returned_to_freelist: 0.
num_chunks_taken_from_freelist: 33.
num_chunk_merges: 0.
num_chunk_splits: 18.
num_chunks_enlarged: 16.
num_purges: 0.
num_inconsistent_stats: 0.

CodeHeap 'non-profiled nmethods': size=120000Kb used=100Kb max_used=100Kb free=119900Kb
 bounds [0x0000016ee9240000, 0x0000016ee94b0000, 0x0000016ef0770000]
CodeHeap 'profiled nmethods': size=120000Kb used=433Kb max_used=433Kb free=119566Kb
 bounds [0x0000016ee1d10000, 0x0000016ee1f80000, 0x0000016ee9240000]
CodeHeap 'non-nmethods': size=5760Kb used=1095Kb max_used=1108Kb free=4664Kb
 bounds [0x0000016ee1770000, 0x0000016ee19e0000, 0x0000016ee1d10000]
 total_blobs=725 nmethods=351 adapters=289
 compilation: enabled
              stopped_count=0, restarted_count=0
 full_count=0

Compilation events (20 events):
Event: 1.679 Thread 0x0000016ef43297c0 nmethod 341 0x0000016ee1d75610 code [0x0000016ee1d75840, 0x0000016ee1d76058]
Event: 1.680 Thread 0x0000016ef43297c0  342       3       java.nio.DirectIntBufferU::ix (10 bytes)
Event: 1.680 Thread 0x0000016ef43297c0 nmethod 342 0x0000016ee1d76510 code [0x0000016ee1d766a0, 0x0000016ee1d767b8]
Event: 1.680 Thread 0x0000016ef43297c0  343   !   3       jdk.internal.misc.ScopedMemoryAccess::getInt (20 bytes)
Event: 1.680 Thread 0x0000016ef43297c0 nmethod 343 0x0000016ee1d76890 code [0x0000016ee1d76a60, 0x0000016ee1d76ed8]
Event: 1.694 Thread 0x0000016ef43297c0  344       3       jdk.internal.jimage.ImageStringsReader::match (11 bytes)
Event: 1.695 Thread 0x0000016ef43297c0 nmethod 344 0x0000016ee1d77110 code [0x0000016ee1d772c0, 0x0000016ee1d77488]
Event: 1.695 Thread 0x0000016ef43297c0  346       3       jdk.internal.jimage.ImageStringsReader::stringFromByteBufferMatches (138 bytes)
Event: 1.697 Thread 0x0000016ef43297c0 nmethod 346 0x0000016ee1d77590 code [0x0000016ee1d77880, 0x0000016ee1d789e8]
Event: 1.697 Thread 0x0000016ef43297c0  345       3       jdk.internal.jimage.BasicImageReader::match (37 bytes)
Event: 1.698 Thread 0x0000016ef43297c0 nmethod 345 0x0000016ee1d79190 code [0x0000016ee1d79340, 0x0000016ee1d79598]
Event: 1.698 Thread 0x0000016ef43297c0  347       3       java.io.WinNTFileSystem::prefixLength (91 bytes)
Event: 1.701 Thread 0x0000016ef43297c0 nmethod 347 0x0000016ee1d79690 code [0x0000016ee1d799a0, 0x0000016ee1d7ad18]
Event: 1.701 Thread 0x0000016ef43297c0  348       3       java.util.zip.ZipFile$Source::getEntryHash (7 bytes)
Event: 1.702 Thread 0x0000016ef43297c0 nmethod 348 0x0000016ee1d7b410 code [0x0000016ee1d7b5a0, 0x0000016ee1d7b6d8]
Event: 1.715 Thread 0x0000016ef43297c0  349       3       java.lang.ClassLoader::getResource (41 bytes)
Event: 1.716 Thread 0x0000016ef43297c0 nmethod 349 0x0000016ee1d7b790 code [0x0000016ee1d7b980, 0x0000016ee1d7bf78]
Event: 1.716 Thread 0x0000016ef43297c0  350       3       java.io.FileSystem::hasBooleanAttributes (17 bytes)
Event: 1.717 Thread 0x0000016ef43297c0 nmethod 350 0x0000016ee1d7c190 code [0x0000016ee1d7c340, 0x0000016ee1d7c4e8]
Event: 1.718 Thread 0x0000016ef43297c0  352   !   3       java.io.WinNTFileSystem::resolve (362 bytes)

GC Heap History (0 events):
No events

Dll operation events (8 events):
Event: 0.019 Loaded shared library c:\Users\TSAYEM\.vscode\extensions\redhat.java-1.14.0-win32-x64\jre\17.0.5-win32-x86_64\bin\java.dll
Event: 0.888 Loaded shared library c:\Users\TSAYEM\.vscode\extensions\redhat.java-1.14.0-win32-x64\jre\17.0.5-win32-x86_64\bin\zip.dll
Event: 0.897 Loaded shared library C:\Users\TSAYEM\.vscode\extensions\redhat.java-1.14.0-win32-x64\jre\17.0.5-win32-x86_64\bin\instrument.dll
Event: 1.026 Loaded shared library C:\Users\TSAYEM\.vscode\extensions\redhat.java-1.14.0-win32-x64\jre\17.0.5-win32-x86_64\bin\net.dll
Event: 1.032 Loaded shared library C:\Users\TSAYEM\.vscode\extensions\redhat.java-1.14.0-win32-x64\jre\17.0.5-win32-x86_64\bin\nio.dll
Event: 1.051 Loaded shared library C:\Users\TSAYEM\.vscode\extensions\redhat.java-1.14.0-win32-x64\jre\17.0.5-win32-x86_64\bin\zip.dll
Event: 1.152 Loaded shared library C:\Users\TSAYEM\.vscode\extensions\redhat.java-1.14.0-win32-x64\jre\17.0.5-win32-x86_64\bin\jimage.dll
Event: 1.450 Loaded shared library c:\Users\TSAYEM\.vscode\extensions\redhat.java-1.14.0-win32-x64\jre\17.0.5-win32-x86_64\bin\verify.dll

Deoptimization events (0 events):
No events

Classes unloaded (0 events):
No events

Classes redefined (0 events):
No events

Internal exceptions (2 events):
Event: 0.782 Thread 0x0000016edeadd1a0 Exception <a 'java/lang/NoSuchMethodError'{0x00000000eacb2138}: 'void java.lang.invoke.DirectMethodHandle$Holder.invokeStatic(java.lang.Object, java.lang.Object, java.lang.Object)'> (0x00000000eacb2138) 
thrown [s\src\hotspot\share\interpreter\linkResolver.cpp, line 759]
Event: 1.533 Thread 0x0000016edeadd1a0 Exception <a 'java/lang/reflect/InvocationTargetException'{0x00000000eaf792d0}> (0x00000000eaf792d0) 
thrown [s\src\hotspot\share\runtime\reflection.cpp, line 1121]

VM Operations (6 events):
Event: 0.822 Executing VM operation: HandshakeAllThreads
Event: 0.822 Executing VM operation: HandshakeAllThreads done
Event: 1.262 Executing VM operation: HandshakeAllThreads
Event: 1.262 Executing VM operation: HandshakeAllThreads done
Event: 1.262 Executing VM operation: Cleanup
Event: 1.262 Executing VM operation: Cleanup done

Events (20 events):
Event: 1.588 loading class java/util/regex/Pattern$StartS
Event: 1.588 loading class java/util/regex/Pattern$StartS done
Event: 1.588 loading class java/util/regex/Pattern$Curly
Event: 1.589 loading class java/util/regex/Pattern$Curly done
Event: 1.589 loading class java/util/regex/Pattern$Ques
Event: 1.589 loading class java/util/regex/Pattern$Ques done
Event: 1.589 loading class java/util/regex/Pattern$Loop
Event: 1.589 loading class java/util/regex/Pattern$Loop done
Event: 1.589 loading class java/util/regex/Pattern$Prolog
Event: 1.589 loading class java/util/regex/Pattern$Prolog done
Event: 1.590 loading class java/util/regex/Pattern$Dollar
Event: 1.590 loading class java/util/regex/Pattern$Dollar done
Event: 1.590 loading class java/util/regex/Pattern$GroupCurly
Event: 1.591 loading class java/util/regex/Pattern$GroupCurly done
Event: 1.675 loading class java/lang/AssertionError
Event: 1.675 loading class java/lang/AssertionError done
Event: 1.675 loading class java/util/Collections$SingletonSet
Event: 1.675 loading class java/util/Collections$SingletonSet done
Event: 1.676 loading class java/util/Collections$1
Event: 1.676 loading class java/util/Collections$1 done


Dynamic libraries:
0x00007ff7a4290000 - 0x00007ff7a429e000 	c:\Users\TSAYEM\.vscode\extensions\redhat.java-1.14.0-win32-x64\jre\17.0.5-win32-x86_64\bin\java.exe
0x00007ff9fc530000 - 0x00007ff9fc728000 	C:\WINDOWS\SYSTEM32\ntdll.dll
0x00007ff9fbd50000 - 0x00007ff9fbe0f000 	C:\WINDOWS\System32\KERNEL32.DLL
0x00007ff9fa200000 - 0x00007ff9fa4d2000 	C:\WINDOWS\System32\KERNELBASE.dll
0x00007ff9fa0b0000 - 0x00007ff9fa1b0000 	C:\WINDOWS\System32\ucrtbase.dll
0x00007ff9e1c90000 - 0x00007ff9e1ca7000 	c:\Users\TSAYEM\.vscode\extensions\redhat.java-1.14.0-win32-x64\jre\17.0.5-win32-x86_64\bin\jli.dll
0x00007ff9fbb90000 - 0x00007ff9fbd31000 	C:\WINDOWS\System32\USER32.dll
0x00007ff9f9dd0000 - 0x00007ff9f9df2000 	C:\WINDOWS\System32\win32u.dll
0x00007ff9faa90000 - 0x00007ff9faabb000 	C:\WINDOWS\System32\GDI32.dll
0x00007ff9f9cc0000 - 0x00007ff9f9dcf000 	C:\WINDOWS\System32\gdi32full.dll
0x00007ff9f9f60000 - 0x00007ff9f9ffd000 	C:\WINDOWS\System32\msvcp_win.dll
0x00007ff9e1c20000 - 0x00007ff9e1c39000 	c:\Users\TSAYEM\.vscode\extensions\redhat.java-1.14.0-win32-x64\jre\17.0.5-win32-x86_64\bin\VCRUNTIME140.dll
0x00007ff9eadb0000 - 0x00007ff9eb04a000 	C:\WINDOWS\WinSxS\amd64_microsoft.windows.common-controls_6595b64144ccf1df_6.0.19041.1110_none_60b5254171f9507e\COMCTL32.dll
0x00007ff9fa9d0000 - 0x00007ff9faa6e000 	C:\WINDOWS\System32\msvcrt.dll
0x00007ff9fa990000 - 0x00007ff9fa9c2000 	C:\WINDOWS\System32\IMM32.DLL
0x00007ff9ec450000 - 0x00007ff9ec45c000 	c:\Users\TSAYEM\.vscode\extensions\redhat.java-1.14.0-win32-x64\jre\17.0.5-win32-x86_64\bin\vcruntime140_1.dll
0x00007ff9c7a20000 - 0x00007ff9c7ab1000 	c:\Users\TSAYEM\.vscode\extensions\redhat.java-1.14.0-win32-x64\jre\17.0.5-win32-x86_64\bin\msvcp140.dll
0x00007ff9994b0000 - 0x00007ff99a0f4000 	c:\Users\TSAYEM\.vscode\extensions\redhat.java-1.14.0-win32-x64\jre\17.0.5-win32-x86_64\bin\server\jvm.dll
0x00007ff9fa700000 - 0x00007ff9fa7ae000 	C:\WINDOWS\System32\ADVAPI32.dll
0x00007ff9fa8f0000 - 0x00007ff9fa98c000 	C:\WINDOWS\System32\sechost.dll
0x00007ff9fa7b0000 - 0x00007ff9fa8d5000 	C:\WINDOWS\System32\RPCRT4.dll
0x00007ff9e6cb0000 - 0x00007ff9e6cb9000 	C:\WINDOWS\SYSTEM32\WSOCK32.dll
0x00007ff9fb040000 - 0x00007ff9fb0ab000 	C:\WINDOWS\System32\WS2_32.dll
0x00007ff9ebda0000 - 0x00007ff9ebdc7000 	C:\WINDOWS\SYSTEM32\WINMM.dll
0x00007ff9ee830000 - 0x00007ff9ee83a000 	C:\WINDOWS\SYSTEM32\VERSION.dll
0x00007ff9f7aa0000 - 0x00007ff9f7ab2000 	C:\WINDOWS\SYSTEM32\kernel.appcore.dll
0x00007ff9ebae0000 - 0x00007ff9ebaea000 	c:\Users\TSAYEM\.vscode\extensions\redhat.java-1.14.0-win32-x64\jre\17.0.5-win32-x86_64\bin\jimage.dll
0x00007ff9e57d0000 - 0x00007ff9e59b4000 	C:\WINDOWS\SYSTEM32\DBGHELP.DLL
0x00007ff9ebb20000 - 0x00007ff9ebb55000 	C:\WINDOWS\SYSTEM32\dbgcore.DLL
0x00007ff9fa4e0000 - 0x00007ff9fa562000 	C:\WINDOWS\System32\bcryptPrimitives.dll
0x00007ff9ec2d0000 - 0x00007ff9ec2de000 	c:\Users\TSAYEM\.vscode\extensions\redhat.java-1.14.0-win32-x64\jre\17.0.5-win32-x86_64\bin\instrument.dll
0x00007ff9ec2a0000 - 0x00007ff9ec2c5000 	c:\Users\TSAYEM\.vscode\extensions\redhat.java-1.14.0-win32-x64\jre\17.0.5-win32-x86_64\bin\java.dll
0x00007ff9ec090000 - 0x00007ff9ec0a8000 	c:\Users\TSAYEM\.vscode\extensions\redhat.java-1.14.0-win32-x64\jre\17.0.5-win32-x86_64\bin\zip.dll
0x00007ff9fb3e0000 - 0x00007ff9fbb24000 	C:\WINDOWS\System32\SHELL32.dll
0x00007ff9f7ca0000 - 0x00007ff9f8432000 	C:\WINDOWS\SYSTEM32\windows.storage.dll
0x00007ff9faac0000 - 0x00007ff9fae15000 	C:\WINDOWS\System32\combase.dll
0x00007ff9f95a0000 - 0x00007ff9f95d0000 	C:\WINDOWS\SYSTEM32\Wldp.dll
0x00007ff9fb260000 - 0x00007ff9fb30d000 	C:\WINDOWS\System32\SHCORE.dll
0x00007ff9fbb30000 - 0x00007ff9fbb85000 	C:\WINDOWS\System32\shlwapi.dll
0x00007ff9f9b60000 - 0x00007ff9f9b7f000 	C:\WINDOWS\SYSTEM32\profapi.dll
0x00007ff9e1650000 - 0x00007ff9e1669000 	C:\Users\TSAYEM\.vscode\extensions\redhat.java-1.14.0-win32-x64\jre\17.0.5-win32-x86_64\bin\net.dll
0x00007ff9f3980000 - 0x00007ff9f3a8c000 	C:\WINDOWS\SYSTEM32\WINHTTP.dll
0x00007ff9f9380000 - 0x00007ff9f93ea000 	C:\WINDOWS\system32\mswsock.dll
0x00007ff9e1a00000 - 0x00007ff9e1a15000 	C:\Users\TSAYEM\.vscode\extensions\redhat.java-1.14.0-win32-x64\jre\17.0.5-win32-x86_64\bin\nio.dll
0x00007ff9ec290000 - 0x00007ff9ec2a0000 	c:\Users\TSAYEM\.vscode\extensions\redhat.java-1.14.0-win32-x64\jre\17.0.5-win32-x86_64\bin\verify.dll

dbghelp: loaded successfully - version: 4.0.5 - missing functions: none
symbol engine: initialized successfully - sym options: 0x614 - pdb path: .;c:\Users\TSAYEM\.vscode\extensions\redhat.java-1.14.0-win32-x64\jre\17.0.5-win32-x86_64\bin;C:\WINDOWS\SYSTEM32;C:\WINDOWS\WinSxS\amd64_microsoft.windows.common-controls_6595b64144ccf1df_6.0.19041.1110_none_60b5254171f9507e;c:\Users\TSAYEM\.vscode\extensions\redhat.java-1.14.0-win32-x64\jre\17.0.5-win32-x86_64\bin\server

VM Arguments:
jvm_args: --add-modules=ALL-SYSTEM --add-opens=java.base/java.util=ALL-UNNAMED --add-opens=java.base/java.lang=ALL-UNNAMED --add-opens=java.base/sun.nio.fs=ALL-UNNAMED -Declipse.application=org.eclipse.jdt.ls.core.id1 -Dosgi.bundles.defaultStartLevel=4 -Declipse.product=org.eclipse.jdt.ls.core.product -Djava.import.generatesMetadataFilesAtProjectRoot=false -Dfile.encoding=utf8 -XX:+UseParallelGC -XX:GCTimeRatio=4 -XX:AdaptiveSizePolicyWeight=90 -Dsun.zip.disableMemoryMapping=true -Xmx1G -Xms100m -Xlog:disable -javaagent:c:\Users\TSAYEM\.vscode\extensions\redhat.java-1.14.0-win32-x64\lombok\lombok-1.18.24.jar 
java_command: c:\Users\TSAYEM\.vscode\extensions\redhat.java-1.14.0-win32-x64\server\plugins\org.eclipse.equinox.launcher_1.6.400.v20210924-0641.jar -configuration c:\Users\TSAYEM\AppData\Roaming\Code\User\globalStorage\redhat.java\1.14.0\config_ss_win -data c:\Users\TSAYEM\AppData\Roaming\Code\User\workspaceStorage\34b13347db8fab4b15f6ff554861a99e\redhat.java\ss_ws
java_class_path (initial): c:\Users\TSAYEM\.vscode\extensions\redhat.java-1.14.0-win32-x64\server\plugins\org.eclipse.equinox.launcher_1.6.400.v20210924-0641.jar
Launcher Type: SUN_STANDARD

[Global flags]
    uintx AdaptiveSizePolicyWeight                 = 90                                        {product} {command line}
     intx CICompilerCount                          = 3                                         {product} {ergonomic}
    uintx GCTimeRatio                              = 4                                         {product} {command line}
   size_t InitialHeapSize                          = 104857600                                 {product} {command line}
   size_t MaxHeapSize                              = 1073741824                                {product} {command line}
   size_t MaxNewSize                               = 357564416                                 {product} {ergonomic}
   size_t MinHeapDeltaBytes                        = 524288                                    {product} {ergonomic}
   size_t MinHeapSize                              = 104857600                                 {product} {command line}
   size_t NewSize                                  = 34603008                                  {product} {ergonomic}
    uintx NonNMethodCodeHeapSize                   = 5832780                                {pd product} {ergonomic}
    uintx NonProfiledCodeHeapSize                  = 122912730                              {pd product} {ergonomic}
   size_t OldSize                                  = 70254592                                  {product} {ergonomic}
    uintx ProfiledCodeHeapSize                     = 122912730                              {pd product} {ergonomic}
    uintx ReservedCodeCacheSize                    = 251658240                              {pd product} {ergonomic}
     bool SegmentedCodeCache                       = true                                      {product} {ergonomic}
   size_t SoftMaxHeapSize                          = 1073741824                             {manageable} {ergonomic}
     bool UseCompressedClassPointers               = true                           {product lp64_product} {ergonomic}
     bool UseCompressedOops                        = true                           {product lp64_product} {ergonomic}
     bool UseLargePagesIndividualAllocation        = false                                  {pd product} {ergonomic}
     bool UseParallelGC                            = true                                      {product} {command line}

Logging:
Log output configuration:
 #0: stdout all=off uptime,level,tags
 #1: stderr all=off uptime,level,tags

Environment Variables:
JAVA_HOME=C:\Program Files\Java\jdk-11.0.16.1
PATH=C:\Program Files\Common Files\Oracle\Java\javapath;C:\Program Files\Microsoft\jdk-11.0.12.7-hotspot\bin;C:\WINDOWS\system32;C:\WINDOWS;C:\WINDOWS\System32\Wbem;C:\WINDOWS\System32\WindowsPowerShell\v1.0\;C:\WINDOWS\System32\OpenSSH\;C:\Program Files (x86)\IncrediBuild;C:\Program Files\Git\cmd;C:\Users\TSAYEM\AppData\Local\Microsoft\WindowsApps;C:\Users\TSAYEM\AppData\Local\Programs\Microsoft VS Code\bin;G:\ARMEL\flutter_windows_3.0.0-stable\flutter\bin;C:\Program Files\Common Files\Oracle\Java\javapath;C:\Program Files\Microsoft\jdk-11.0.12.7-hotspot\bin;C:\Program Files (x86)\java\bin;
USERNAME=TSAYEM
OS=Windows_NT
PROCESSOR_IDENTIFIER=Intel64 Family 6 Model 42 Stepping 7, GenuineIntel
TMP=C:\Users\TSAYEM\AppData\Local\Temp
TEMP=C:\Users\TSAYEM\AppData\Local\Temp



---------------  S Y S T E M  ---------------

OS:
 Windows 10 , 64 bit Build 19041 (10.0.19041.2364)
OS uptime: 0 days 1:28 hours
Hyper-V role detected

CPU: total 4 (initial active 4) (2 cores per cpu, 2 threads per core) family 6 model 42 stepping 7 microcode 0x2f, cx8, cmov, fxsr, ht, mmx, sse, sse2, sse3, ssse3, sse4.1, sse4.2, popcnt, tsc, tscinvbit, avx, aes, clmul, vzeroupper, clflush, hv

Memory: 4k page, system-wide physical 3982M (479M free)
TotalPageFile size 7349M (AvailPageFile size 7M)
current process WorkingSet (physical memory assigned to process): 38M, peak: 38M
current process commit charge ("private bytes"): 174M, peak: 174M

vm_info: OpenJDK 64-Bit Server VM (17.0.5+8) for windows-amd64 JRE (17.0.5+8), built on Oct 19 2022 04:48:13 by "temurin" with MS VC++ 16.7 (VS2019)

END.
