#
# There is insufficient memory for the Java Runtime Environment to continue.
# Native memory allocation (mmap) failed to map 65536 bytes for Failed to commit metaspace.
# Possible reasons:
#   The system is out of physical RAM or swap space
#   The process is running with CompressedOops enabled, and the Java Heap may be blocking the growth of the native heap
# Possible solutions:
#   Reduce memory load on the system
#   Increase physical memory or swap space
#   Check if swap backing store is full
#   Decrease Java heap size (-Xmx/-Xms)
#   Decrease number of Java threads
#   Decrease Java thread stack sizes (-Xss)
#   Set larger code cache with -XX:ReservedCodeCacheSize=
#   JVM is running with Unscaled Compressed Oops mode in which the Java heap is
#     placed in the first 4GB address space. The Java Heap base address is the
#     maximum limit for the native heap growth. Please use -XX:HeapBaseMinAddress
#     to set the Java Heap base and to place the Java Heap above 4GB virtual address.
# This output file may be truncated or incomplete.
#
#  Out of Memory Error (virtualSpaceNode.cpp:110), pid=8924, tid=3428
#
# JRE version: OpenJDK Runtime Environment Temurin-17.0.5+8 (17.0.5+8) (build 17.0.5+8)
# Java VM: OpenJDK 64-Bit Server VM Temurin-17.0.5+8 (17.0.5+8, mixed mode, tiered, compressed oops, compressed class ptrs, parallel gc, windows-amd64)
# No core dump will be written. Minidumps are not enabled by default on client versions of Windows
#

---------------  S U M M A R Y ------------

Command Line: --add-modules=ALL-SYSTEM --add-opens=java.base/java.util=ALL-UNNAMED --add-opens=java.base/java.lang=ALL-UNNAMED --add-opens=java.base/sun.nio.fs=ALL-UNNAMED -Declipse.application=org.eclipse.jdt.ls.core.id1 -Dosgi.bundles.defaultStartLevel=4 -Declipse.product=org.eclipse.jdt.ls.core.product -Djava.import.generatesMetadataFilesAtProjectRoot=false -Dfile.encoding=utf8 -XX:+UseParallelGC -XX:GCTimeRatio=4 -XX:AdaptiveSizePolicyWeight=90 -Dsun.zip.disableMemoryMapping=true -Xmx1G -Xms100m -Xlog:disable -javaagent:c:\Users\TSAYEM\.vscode\extensions\redhat.java-1.14.0-win32-x64\lombok\lombok-1.18.24.jar -XX:+HeapDumpOnOutOfMemoryError -XX:HeapDumpPath=c:\Users\TSAYEM\AppData\Roaming\Code\User\workspaceStorage\34b13347db8fab4b15f6ff554861a99e\redhat.java c:\Users\TSAYEM\.vscode\extensions\redhat.java-1.14.0-win32-x64\server\plugins\org.eclipse.equinox.launcher_1.6.400.v20210924-0641.jar -configuration c:\Users\TSAYEM\AppData\Roaming\Code\User\globalStorage\redhat.java\1.14.0\config_win -data c:\Users\TSAYEM\AppData\Roaming\Code\User\workspaceStorage\34b13347db8fab4b15f6ff554861a99e\redhat.java\jdt_ws

Host: Intel(R) Core(TM) i5-2467M CPU @ 1.60GHz, 4 cores, 3G,  Windows 10 , 64 bit Build 19041 (10.0.19041.2364)
Time: Tue Jan 31 11:07:00 2023 Afr. centrale Ouest elapsed time: 0.296961 seconds (0d 0h 0m 0s)

---------------  T H R E A D  ---------------

Current thread (0x000001daea21c6c0):  JavaThread "main" [_thread_in_vm, id=3428, stack(0x000000936a100000,0x000000936a200000)]

Stack: [0x000000936a100000,0x000000936a200000]
Native frames: (J=compiled Java code, j=interpreted, Vv=VM code, C=native code)
V  [jvm.dll+0x676b3a]
V  [jvm.dll+0x831444]
V  [jvm.dll+0x832bee]
V  [jvm.dll+0x833253]
V  [jvm.dll+0x244ce5]
V  [jvm.dll+0x82d4db]
V  [jvm.dll+0x61b2f6]
V  [jvm.dll+0x61b35a]
V  [jvm.dll+0x61db7a]
V  [jvm.dll+0x61bc96]
V  [jvm.dll+0x23937f]
V  [jvm.dll+0x625af5]
V  [jvm.dll+0x1e99bb]
V  [jvm.dll+0x1e9ef5]
V  [jvm.dll+0x1ea92f]
V  [jvm.dll+0x1dfdd1]
V  [jvm.dll+0x53be30]
V  [jvm.dll+0x1f05a7]
V  [jvm.dll+0x7ab9db]
V  [jvm.dll+0x7acd82]
V  [jvm.dll+0x7ad0b8]
V  [jvm.dll+0x23d0ee]
V  [jvm.dll+0x23d33f]
V  [jvm.dll+0x5593e3]
V  [jvm.dll+0x55b864]
V  [jvm.dll+0x38211b]
V  [jvm.dll+0x381bd2]
C  0x000001daecec86fe

Java frames: (J=compiled Java code, j=interpreted, Vv=VM code)
j  jdk.internal.module.ModuleBootstrap.initModulePatcher()Ljdk/internal/module/ModulePatcher;+3 java.base
j  jdk.internal.module.ModuleBootstrap.<clinit>()V+28 java.base
v  ~StubRoutines::call_stub
j  java.lang.System.initPhase2(ZZ)I+0 java.base
v  ~StubRoutines::call_stub

---------------  P R O C E S S  ---------------

Threads class SMR info:
_java_thread_list=0x000001dafe0551c0, length=10, elements={
0x000001daea21c6c0, 0x000001dafe035740, 0x000001dafe037800, 0x000001dafe073130,
0x000001dafe075bf0, 0x000001dafe0765a0, 0x000001dafe076f50, 0x000001dafe077ce0,
0x000001daffa2d3b0, 0x000001daffa32480
}

Java Threads: ( => current thread )
=>0x000001daea21c6c0 JavaThread "main" [_thread_in_vm, id=3428, stack(0x000000936a100000,0x000000936a200000)]
  0x000001dafe035740 JavaThread "Reference Handler" daemon [_thread_blocked, id=2512, stack(0x000000936a400000,0x000000936a500000)]
  0x000001dafe037800 JavaThread "Finalizer" daemon [_thread_blocked, id=8984, stack(0x000000936a500000,0x000000936a600000)]
  0x000001dafe073130 JavaThread "Signal Dispatcher" daemon [_thread_blocked, id=12428, stack(0x000000936a600000,0x000000936a700000)]
  0x000001dafe075bf0 JavaThread "Attach Listener" daemon [_thread_blocked, id=3372, stack(0x000000936a700000,0x000000936a800000)]
  0x000001dafe0765a0 JavaThread "Service Thread" daemon [_thread_blocked, id=11504, stack(0x000000936a800000,0x000000936a900000)]
  0x000001dafe076f50 JavaThread "Monitor Deflation Thread" daemon [_thread_blocked, id=4028, stack(0x000000936a900000,0x000000936aa00000)]
  0x000001dafe077ce0 JavaThread "C2 CompilerThread0" daemon [_thread_blocked, id=6044, stack(0x000000936aa00000,0x000000936ab00000)]
  0x000001daffa2d3b0 JavaThread "C1 CompilerThread0" daemon [_thread_blocked, id=9980, stack(0x000000936ab00000,0x000000936ac00000)]
  0x000001daffa32480 JavaThread "Sweeper thread" daemon [_thread_blocked, id=4684, stack(0x000000936ac00000,0x000000936ad00000)]

Other Threads:
  0x000001daea2eebc0 VMThread "VM Thread" [stack: 0x000000936a300000,0x000000936a400000] [id=3044]
  0x000001daea232830 GCTaskThread "GC Thread#0" [stack: 0x000000936a200000,0x000000936a300000] [id=6360]

Threads with active compile tasks:

VM state: not at safepoint (normal execution)

VM Mutex/Monitor currently owned by a thread:  ([mutex/lock_event])
[0x000001daea217350] Metaspace_lock - owner thread: 0x000001daea21c6c0

Heap address: 0x00000000c0000000, size: 1024 MB, Compressed Oops mode: 32-bit

CDS archive(s) not mapped
Compressed class space mapped at: 0x0000000100000000-0x0000000140000000, reserved size: 1073741824
Narrow klass base: 0x0000000000000000, Narrow klass shift: 3, Narrow klass range: 0x140000000

GC Precious Log:
 CPUs: 4 total, 4 available
 Memory: 3982M
 Large Page Support: Disabled
 NUMA Support: Disabled
 Compressed Oops: Enabled (32-bit)
 Alignments: Space 512K, Generation 512K, Heap 2M
 Heap Min Capacity: 100M
 Heap Initial Capacity: 100M
 Heap Max Capacity: 1G
 Pre-touch: Disabled
 Parallel Workers: 4

Heap:
 PSYoungGen      total 29696K, used 1024K [0x00000000eab00000, 0x00000000ecc00000, 0x0000000100000000)
  eden space 25600K, 4% used [0x00000000eab00000,0x00000000eac00138,0x00000000ec400000)
  from space 4096K, 0% used [0x00000000ec800000,0x00000000ec800000,0x00000000ecc00000)
  to   space 4096K, 0% used [0x00000000ec400000,0x00000000ec400000,0x00000000ec800000)
 ParOldGen       total 68608K, used 0K [0x00000000c0000000, 0x00000000c4300000, 0x00000000eab00000)
  object space 68608K, 0% used [0x00000000c0000000,0x00000000c0000000,0x00000000c4300000)
 Metaspace       used 2310K, committed 2368K, reserved 1056768K
  class space    used 198K, committed 256K, reserved 1048576K

Card table byte_map: [0x000001dae9bd0000,0x000001dae9de0000] _byte_map_base: 0x000001dae95d0000

Marking Bits: (ParMarkBitMap*) 0x00007ff9bd500dd0
 Begin Bits: [0x000001dafbeb0000, 0x000001dafceb0000)
 End Bits:   [0x000001dafceb0000, 0x000001dafdeb0000)

Polling page: 0x000001dae8170000

Metaspace:

Usage:
  Non-class:      2.06 MB used.
      Class:    198.53 KB used.
       Both:      2.26 MB used.

Virtual space:
  Non-class space:        8.00 MB reserved,       2.06 MB ( 26%) committed,  1 nodes.
      Class space:        1.00 GB reserved,     256.00 KB ( <1%) committed,  1 nodes.
             Both:        1.01 GB reserved,       2.31 MB ( <1%) committed. 

Chunk freelists:
   Non-Class:  0 bytes
       Class:  3.75 MB
        Both:  3.75 MB

MaxMetaspaceSize: unlimited
CompressedClassSpaceSize: 1.00 GB
Initial GC threshold: 21.00 MB
Current GC threshold: 21.00 MB
CDS: off
MetaspaceReclaimPolicy: balanced
 - commit_granule_bytes: 65536.
 - commit_granule_words: 8192.
 - virtual_space_node_default_size: 1048576.
 - enlarge_chunks_in_place: 1.
 - new_chunks_are_fully_committed: 0.
 - uncommit_free_chunks: 1.
 - use_allocation_guard: 0.
 - handle_deallocations: 1.


Internal statistics:

num_allocs_failed_limit: 0.
num_arena_births: 2.
num_arena_deaths: 0.
num_vsnodes_births: 2.
num_vsnodes_deaths: 0.
num_space_committed: 37.
num_space_uncommitted: 0.
num_chunks_returned_to_freelist: 0.
num_chunks_taken_from_freelist: 3.
num_chunk_merges: 0.
num_chunk_splits: 1.
num_chunks_enlarged: 0.
num_purges: 0.
num_inconsistent_stats: 0.

CodeHeap 'non-profiled nmethods': size=120000Kb used=0Kb max_used=0Kb free=120000Kb
 bounds [0x000001daf4980000, 0x000001daf4bf0000, 0x000001dafbeb0000]
CodeHeap 'profiled nmethods': size=120000Kb used=0Kb max_used=0Kb free=119999Kb
 bounds [0x000001daed450000, 0x000001daed6c0000, 0x000001daf4980000]
CodeHeap 'non-nmethods': size=5760Kb used=1008Kb max_used=1008Kb free=4751Kb
 bounds [0x000001daeceb0000, 0x000001daed120000, 0x000001daed450000]
 total_blobs=262 nmethods=1 adapters=177
 compilation: enabled
              stopped_count=0, restarted_count=0
 full_count=0

Compilation events (2 events):
Event: 0.278 Thread 0x000001daffa2d3b0    1       3       java.lang.String::isLatin1 (19 bytes)
Event: 0.278 Thread 0x000001daffa2d3b0 nmethod 1 0x000001daed450010 code [0x000001daed4501a0, 0x000001daed450318]

GC Heap History (0 events):
No events

Dll operation events (1 events):
Event: 0.018 Loaded shared library c:\Users\TSAYEM\.vscode\extensions\redhat.java-1.14.0-win32-x64\jre\17.0.5-win32-x86_64\bin\java.dll

Deoptimization events (0 events):
No events

Classes unloaded (0 events):
No events

Classes redefined (0 events):
No events

Internal exceptions (0 events):
No events

VM Operations (0 events):
No events

Events (20 events):
Event: 0.246 Thread 0x000001dafe0765a0 Thread added: 0x000001dafe0765a0
Event: 0.246 Thread 0x000001dafe076f50 Thread added: 0x000001dafe076f50
Event: 0.247 Thread 0x000001dafe077ce0 Thread added: 0x000001dafe077ce0
Event: 0.259 Thread 0x000001daffa2d3b0 Thread added: 0x000001daffa2d3b0
Event: 0.267 Thread 0x000001daffa32480 Thread added: 0x000001daffa32480
Event: 0.277 loading class java/lang/invoke/MethodHandleStatics
Event: 0.277 loading class java/lang/invoke/MethodHandleStatics done
Event: 0.279 loading class jdk/internal/module/ModuleBootstrap
Event: 0.279 loading class jdk/internal/module/ModuleBootstrap done
Event: 0.280 loading class java/lang/module/ModuleDescriptor
Event: 0.281 loading class java/lang/module/ModuleDescriptor done
Event: 0.281 loading class sun/invoke/util/VerifyAccess
Event: 0.281 loading class sun/invoke/util/VerifyAccess done
Event: 0.283 loading class java/lang/reflect/Modifier
Event: 0.283 loading class java/lang/reflect/Modifier done
Event: 0.283 loading class java/lang/module/ModuleDescriptor$1
Event: 0.284 loading class jdk/internal/access/JavaLangModuleAccess
Event: 0.284 loading class jdk/internal/access/JavaLangModuleAccess done
Event: 0.284 loading class java/lang/module/ModuleDescriptor$1 done
Event: 0.284 loading class java/io/File


Dynamic libraries:
0x00007ff637bd0000 - 0x00007ff637bde000 	c:\Users\TSAYEM\.vscode\extensions\redhat.java-1.14.0-win32-x64\jre\17.0.5-win32-x86_64\bin\java.exe
0x00007ff9fc530000 - 0x00007ff9fc728000 	C:\WINDOWS\SYSTEM32\ntdll.dll
0x00007ff9fbd50000 - 0x00007ff9fbe0f000 	C:\WINDOWS\System32\KERNEL32.DLL
0x00007ff9fa200000 - 0x00007ff9fa4d2000 	C:\WINDOWS\System32\KERNELBASE.dll
0x00007ff9fa0b0000 - 0x00007ff9fa1b0000 	C:\WINDOWS\System32\ucrtbase.dll
0x00007ff9ed8e0000 - 0x00007ff9ed8f7000 	c:\Users\TSAYEM\.vscode\extensions\redhat.java-1.14.0-win32-x64\jre\17.0.5-win32-x86_64\bin\jli.dll
0x00007ff9fbb90000 - 0x00007ff9fbd31000 	C:\WINDOWS\System32\USER32.dll
0x00007ff9f9dd0000 - 0x00007ff9f9df2000 	C:\WINDOWS\System32\win32u.dll
0x00007ff9faa90000 - 0x00007ff9faabb000 	C:\WINDOWS\System32\GDI32.dll
0x00007ff9f9cc0000 - 0x00007ff9f9dcf000 	C:\WINDOWS\System32\gdi32full.dll
0x00007ff9f9f60000 - 0x00007ff9f9ffd000 	C:\WINDOWS\System32\msvcp_win.dll
0x00007ff9ed2a0000 - 0x00007ff9ed2b9000 	c:\Users\TSAYEM\.vscode\extensions\redhat.java-1.14.0-win32-x64\jre\17.0.5-win32-x86_64\bin\VCRUNTIME140.dll
0x00007ff9eadb0000 - 0x00007ff9eb04a000 	C:\WINDOWS\WinSxS\amd64_microsoft.windows.common-controls_6595b64144ccf1df_6.0.19041.1110_none_60b5254171f9507e\COMCTL32.dll
0x00007ff9fa9d0000 - 0x00007ff9faa6e000 	C:\WINDOWS\System32\msvcrt.dll
0x00007ff9fa990000 - 0x00007ff9fa9c2000 	C:\WINDOWS\System32\IMM32.DLL
0x00007ff9f4ca0000 - 0x00007ff9f4cac000 	c:\Users\TSAYEM\.vscode\extensions\redhat.java-1.14.0-win32-x64\jre\17.0.5-win32-x86_64\bin\vcruntime140_1.dll
0x00007ff9da800000 - 0x00007ff9da891000 	c:\Users\TSAYEM\.vscode\extensions\redhat.java-1.14.0-win32-x64\jre\17.0.5-win32-x86_64\bin\msvcp140.dll
0x00007ff9bc980000 - 0x00007ff9bd5c4000 	c:\Users\TSAYEM\.vscode\extensions\redhat.java-1.14.0-win32-x64\jre\17.0.5-win32-x86_64\bin\server\jvm.dll
0x00007ff9fa700000 - 0x00007ff9fa7ae000 	C:\WINDOWS\System32\ADVAPI32.dll
0x00007ff9fa8f0000 - 0x00007ff9fa98c000 	C:\WINDOWS\System32\sechost.dll
0x00007ff9fa7b0000 - 0x00007ff9fa8d5000 	C:\WINDOWS\System32\RPCRT4.dll
0x00007ff9e6cb0000 - 0x00007ff9e6cb9000 	C:\WINDOWS\SYSTEM32\WSOCK32.dll
0x00007ff9fb040000 - 0x00007ff9fb0ab000 	C:\WINDOWS\System32\WS2_32.dll
0x00007ff9ebda0000 - 0x00007ff9ebdc7000 	C:\WINDOWS\SYSTEM32\WINMM.dll
0x00007ff9ee830000 - 0x00007ff9ee83a000 	C:\WINDOWS\SYSTEM32\VERSION.dll
0x00007ff9f7aa0000 - 0x00007ff9f7ab2000 	C:\WINDOWS\SYSTEM32\kernel.appcore.dll
0x00007ff9f4a90000 - 0x00007ff9f4a9a000 	c:\Users\TSAYEM\.vscode\extensions\redhat.java-1.14.0-win32-x64\jre\17.0.5-win32-x86_64\bin\jimage.dll
0x00007ff9e57d0000 - 0x00007ff9e59b4000 	C:\WINDOWS\SYSTEM32\DBGHELP.DLL
0x00007ff9ebb20000 - 0x00007ff9ebb55000 	C:\WINDOWS\SYSTEM32\dbgcore.DLL
0x00007ff9fa4e0000 - 0x00007ff9fa562000 	C:\WINDOWS\System32\bcryptPrimitives.dll
0x00007ff9f2180000 - 0x00007ff9f218e000 	c:\Users\TSAYEM\.vscode\extensions\redhat.java-1.14.0-win32-x64\jre\17.0.5-win32-x86_64\bin\instrument.dll
0x00007ff9ed900000 - 0x00007ff9ed925000 	c:\Users\TSAYEM\.vscode\extensions\redhat.java-1.14.0-win32-x64\jre\17.0.5-win32-x86_64\bin\java.dll
0x00007ff9edd40000 - 0x00007ff9edd58000 	c:\Users\TSAYEM\.vscode\extensions\redhat.java-1.14.0-win32-x64\jre\17.0.5-win32-x86_64\bin\zip.dll
0x00007ff9fb3e0000 - 0x00007ff9fbb24000 	C:\WINDOWS\System32\SHELL32.dll
0x00007ff9f7ca0000 - 0x00007ff9f8432000 	C:\WINDOWS\SYSTEM32\windows.storage.dll
0x00007ff9faac0000 - 0x00007ff9fae15000 	C:\WINDOWS\System32\combase.dll
0x00007ff9f95a0000 - 0x00007ff9f95d0000 	C:\WINDOWS\SYSTEM32\Wldp.dll
0x00007ff9fb260000 - 0x00007ff9fb30d000 	C:\WINDOWS\System32\SHCORE.dll
0x00007ff9fbb30000 - 0x00007ff9fbb85000 	C:\WINDOWS\System32\shlwapi.dll
0x00007ff9f9b60000 - 0x00007ff9f9b7f000 	C:\WINDOWS\SYSTEM32\profapi.dll

dbghelp: loaded successfully - version: 4.0.5 - missing functions: none
symbol engine: initialized successfully - sym options: 0x614 - pdb path: .;c:\Users\TSAYEM\.vscode\extensions\redhat.java-1.14.0-win32-x64\jre\17.0.5-win32-x86_64\bin;C:\WINDOWS\SYSTEM32;C:\WINDOWS\WinSxS\amd64_microsoft.windows.common-controls_6595b64144ccf1df_6.0.19041.1110_none_60b5254171f9507e;c:\Users\TSAYEM\.vscode\extensions\redhat.java-1.14.0-win32-x64\jre\17.0.5-win32-x86_64\bin\server

VM Arguments:
jvm_args: --add-modules=ALL-SYSTEM --add-opens=java.base/java.util=ALL-UNNAMED --add-opens=java.base/java.lang=ALL-UNNAMED --add-opens=java.base/sun.nio.fs=ALL-UNNAMED -Declipse.application=org.eclipse.jdt.ls.core.id1 -Dosgi.bundles.defaultStartLevel=4 -Declipse.product=org.eclipse.jdt.ls.core.product -Djava.import.generatesMetadataFilesAtProjectRoot=false -Dfile.encoding=utf8 -XX:+UseParallelGC -XX:GCTimeRatio=4 -XX:AdaptiveSizePolicyWeight=90 -Dsun.zip.disableMemoryMapping=true -Xmx1G -Xms100m -Xlog:disable -javaagent:c:\Users\TSAYEM\.vscode\extensions\redhat.java-1.14.0-win32-x64\lombok\lombok-1.18.24.jar -XX:+HeapDumpOnOutOfMemoryError -XX:HeapDumpPath=c:\Users\TSAYEM\AppData\Roaming\Code\User\workspaceStorage\34b13347db8fab4b15f6ff554861a99e\redhat.java 
java_command: c:\Users\TSAYEM\.vscode\extensions\redhat.java-1.14.0-win32-x64\server\plugins\org.eclipse.equinox.launcher_1.6.400.v20210924-0641.jar -configuration c:\Users\TSAYEM\AppData\Roaming\Code\User\globalStorage\redhat.java\1.14.0\config_win -data c:\Users\TSAYEM\AppData\Roaming\Code\User\workspaceStorage\34b13347db8fab4b15f6ff554861a99e\redhat.java\jdt_ws
java_class_path (initial): c:\Users\TSAYEM\.vscode\extensions\redhat.java-1.14.0-win32-x64\server\plugins\org.eclipse.equinox.launcher_1.6.400.v20210924-0641.jar
Launcher Type: SUN_STANDARD

[Global flags]
    uintx AdaptiveSizePolicyWeight                 = 90                                        {product} {command line}
     intx CICompilerCount                          = 3                                         {product} {ergonomic}
    uintx GCTimeRatio                              = 4                                         {product} {command line}
     bool HeapDumpOnOutOfMemoryError               = true                                   {manageable} {command line}
    ccstr HeapDumpPath                             = c:\Users\TSAYEM\AppData\Roaming\Code\User\workspaceStorage\34b13347db8fab4b15f6ff554861a99e\redhat.java         {manageable} {command line}
   size_t InitialHeapSize                          = 104857600                                 {product} {command line}
   size_t MaxHeapSize                              = 1073741824                                {product} {command line}
   size_t MaxNewSize                               = 357564416                                 {product} {ergonomic}
   size_t MinHeapDeltaBytes                        = 524288                                    {product} {ergonomic}
   size_t MinHeapSize                              = 104857600                                 {product} {command line}
   size_t NewSize                                  = 34603008                                  {product} {ergonomic}
    uintx NonNMethodCodeHeapSize                   = 5832780                                {pd product} {ergonomic}
    uintx NonProfiledCodeHeapSize                  = 122912730                              {pd product} {ergonomic}
   size_t OldSize                                  = 70254592                                  {product} {ergonomic}
    uintx ProfiledCodeHeapSize                     = 122912730                              {pd product} {ergonomic}
    uintx ReservedCodeCacheSize                    = 251658240                              {pd product} {ergonomic}
     bool SegmentedCodeCache                       = true                                      {product} {ergonomic}
   size_t SoftMaxHeapSize                          = 1073741824                             {manageable} {ergonomic}
     bool UseCompressedClassPointers               = true                           {product lp64_product} {ergonomic}
     bool UseCompressedOops                        = true                           {product lp64_product} {ergonomic}
     bool UseLargePagesIndividualAllocation        = false                                  {pd product} {ergonomic}
     bool UseParallelGC                            = true                                      {product} {command line}

Logging:
Log output configuration:
 #0: stdout all=off uptime,level,tags
 #1: stderr all=off uptime,level,tags

Environment Variables:
JAVA_HOME=C:\Program Files\Java\jdk-11.0.16.1
PATH=C:\Program Files\Common Files\Oracle\Java\javapath;C:\Program Files\Microsoft\jdk-11.0.12.7-hotspot\bin;C:\WINDOWS\system32;C:\WINDOWS;C:\WINDOWS\System32\Wbem;C:\WINDOWS\System32\WindowsPowerShell\v1.0\;C:\WINDOWS\System32\OpenSSH\;C:\Program Files (x86)\IncrediBuild;C:\Program Files\Git\cmd;C:\Users\TSAYEM\AppData\Local\Microsoft\WindowsApps;C:\Users\TSAYEM\AppData\Local\Programs\Microsoft VS Code\bin;G:\ARMEL\flutter_windows_3.0.0-stable\flutter\bin;C:\Program Files\Common Files\Oracle\Java\javapath;C:\Program Files\Microsoft\jdk-11.0.12.7-hotspot\bin;C:\Program Files (x86)\java\bin;
USERNAME=TSAYEM
OS=Windows_NT
PROCESSOR_IDENTIFIER=Intel64 Family 6 Model 42 Stepping 7, GenuineIntel
TMP=C:\Users\TSAYEM\AppData\Local\Temp
TEMP=C:\Users\TSAYEM\AppData\Local\Temp



---------------  S Y S T E M  ---------------

OS:
 Windows 10 , 64 bit Build 19041 (10.0.19041.2364)
OS uptime: 0 days 1:22 hours
Hyper-V role detected

CPU: total 4 (initial active 4) (2 cores per cpu, 2 threads per core) family 6 model 42 stepping 7 microcode 0x2f, cx8, cmov, fxsr, ht, mmx, sse, sse2, sse3, ssse3, sse4.1, sse4.2, popcnt, tsc, tscinvbit, avx, aes, clmul, vzeroupper, clflush, hv

Memory: 4k page, system-wide physical 3982M (584M free)
TotalPageFile size 7349M (AvailPageFile size 2M)
current process WorkingSet (physical memory assigned to process): 22M, peak: 22M
current process commit charge ("private bytes"): 166M, peak: 166M

vm_info: OpenJDK 64-Bit Server VM (17.0.5+8) for windows-amd64 JRE (17.0.5+8), built on Oct 19 2022 04:48:13 by "temurin" with MS VC++ 16.7 (VS2019)

END.
