#
# There is insufficient memory for the Java Runtime Environment to continue.
# Native memory allocation (mmap) failed to map 65536 bytes for Failed to commit metaspace.
# Possible reasons:
#   The system is out of physical RAM or swap space
#   The process is running with CompressedOops enabled, and the Java Heap may be blocking the growth of the native heap
# Possible solutions:
#   Reduce memory load on the system
#   Increase physical memory or swap space
#   Check if swap backing store is full
#   Decrease Java heap size (-Xmx/-Xms)
#   Decrease number of Java threads
#   Decrease Java thread stack sizes (-Xss)
#   Set larger code cache with -XX:ReservedCodeCacheSize=
#   JVM is running with Unscaled Compressed Oops mode in which the Java heap is
#     placed in the first 4GB address space. The Java Heap base address is the
#     maximum limit for the native heap growth. Please use -XX:HeapBaseMinAddress
#     to set the Java Heap base and to place the Java Heap above 4GB virtual address.
# This output file may be truncated or incomplete.
#
#  Out of Memory Error (virtualSpaceNode.cpp:110), pid=9460, tid=4004
#
# JRE version: OpenJDK Runtime Environment Temurin-17.0.5+8 (17.0.5+8) (build 17.0.5+8)
# Java VM: OpenJDK 64-Bit Server VM Temurin-17.0.5+8 (17.0.5+8, mixed mode, tiered, compressed oops, compressed class ptrs, parallel gc, windows-amd64)
# No core dump will be written. Minidumps are not enabled by default on client versions of Windows
#

---------------  S U M M A R Y ------------

Command Line: --add-modules=ALL-SYSTEM --add-opens=java.base/java.util=ALL-UNNAMED --add-opens=java.base/java.lang=ALL-UNNAMED --add-opens=java.base/sun.nio.fs=ALL-UNNAMED -Declipse.application=org.eclipse.jdt.ls.core.id1 -Dosgi.bundles.defaultStartLevel=4 -Declipse.product=org.eclipse.jdt.ls.core.product -Djava.import.generatesMetadataFilesAtProjectRoot=false -Dfile.encoding=utf8 -XX:+UseParallelGC -XX:GCTimeRatio=4 -XX:AdaptiveSizePolicyWeight=90 -Dsun.zip.disableMemoryMapping=true -Xmx1G -Xms100m -Xlog:disable -javaagent:c:\Users\TSAYEM\.vscode\extensions\redhat.java-1.14.0-win32-x64\lombok\lombok-1.18.24.jar -XX:+HeapDumpOnOutOfMemoryError -XX:HeapDumpPath=c:\Users\TSAYEM\AppData\Roaming\Code\User\workspaceStorage\34b13347db8fab4b15f6ff554861a99e\redhat.java c:\Users\TSAYEM\.vscode\extensions\redhat.java-1.14.0-win32-x64\server\plugins\org.eclipse.equinox.launcher_1.6.400.v20210924-0641.jar -configuration c:\Users\TSAYEM\AppData\Roaming\Code\User\globalStorage\redhat.java\1.14.0\config_win -data c:\Users\TSAYEM\AppData\Roaming\Code\User\workspaceStorage\34b13347db8fab4b15f6ff554861a99e\redhat.java\jdt_ws

Host: Intel(R) Core(TM) i5-2467M CPU @ 1.60GHz, 4 cores, 3G,  Windows 10 , 64 bit Build 19041 (10.0.19041.2364)
Time: Tue Jan 31 11:12:39 2023 Afr. centrale Ouest elapsed time: 16.985737 seconds (0d 0h 0m 16s)

---------------  T H R E A D  ---------------

Current thread (0x00000296710bf2e0):  JavaThread "Start Level: Equinox Container: b21873bb-4f90-498e-8fdb-a50817e52d4e" daemon [_thread_in_vm, id=4004, stack(0x000000cb51700000,0x000000cb51800000)]

Stack: [0x000000cb51700000,0x000000cb51800000]
Native frames: (J=compiled Java code, j=interpreted, Vv=VM code, C=native code)
V  [jvm.dll+0x676b3a]
V  [jvm.dll+0x831444]
V  [jvm.dll+0x832bee]
V  [jvm.dll+0x833253]
V  [jvm.dll+0x244ce5]
V  [jvm.dll+0x82d4db]
V  [jvm.dll+0x61b2f6]
V  [jvm.dll+0x1bfd2e]
V  [jvm.dll+0x61dc41]
V  [jvm.dll+0x61bc96]
V  [jvm.dll+0x23937f]
V  [jvm.dll+0x625af5]
V  [jvm.dll+0x1e99bb]
V  [jvm.dll+0x1e9ef5]
V  [jvm.dll+0x1ea92f]
V  [jvm.dll+0x1dfdd1]
V  [jvm.dll+0x53be30]
V  [jvm.dll+0x7ac5a8]
V  [jvm.dll+0x7ac694]
V  [jvm.dll+0x40ba25]
V  [jvm.dll+0x411bb8]
C  [java.dll+0x17ec]

Java frames: (J=compiled Java code, j=interpreted, Vv=VM code)
J 1162  java.lang.ClassLoader.defineClass1(Ljava/lang/ClassLoader;Ljava/lang/String;[BIILjava/security/ProtectionDomain;Ljava/lang/String;)Ljava/lang/Class; java.base@17.0.5 (0 bytes) @ 0x00000296656f84db [0x00000296656f8420+0x00000000000000bb]
J 1792 c1 java.lang.ClassLoader.defineClass(Ljava/lang/String;[BIILjava/security/ProtectionDomain;)Ljava/lang/Class; java.base@17.0.5 (43 bytes) @ 0x000002965e4bcad4 [0x000002965e4bc780+0x0000000000000354]
J 2272 c1 org.eclipse.osgi.internal.loader.ModuleClassLoader.defineClass(Ljava/lang/String;[BLorg/eclipse/osgi/internal/loader/classpath/ClasspathEntry;)Lorg/eclipse/osgi/internal/loader/ModuleClassLoader$DefineClassResult; (138 bytes) @ 0x000002965e5eb01c [0x000002965e5eadc0+0x000000000000025c]
J 2144 c1 org.eclipse.osgi.internal.loader.classpath.ClasspathManager.defineClass(Ljava/lang/String;[BLorg/eclipse/osgi/internal/loader/classpath/ClasspathEntry;Lorg/eclipse/osgi/storage/bundlefile/BundleEntry;Ljava/util/List;)Ljava/lang/Class; (636 bytes) @ 0x000002965e5a2334 [0x000002965e5a0960+0x00000000000019d4]
J 1835 c1 org.eclipse.osgi.internal.loader.classpath.ClasspathManager.findClassImpl(Ljava/lang/String;Lorg/eclipse/osgi/internal/loader/classpath/ClasspathEntry;Ljava/util/List;)Ljava/lang/Class; (308 bytes) @ 0x000002965e4e5b74 [0x000002965e4e2dc0+0x0000000000002db4]
J 1834 c1 org.eclipse.osgi.internal.loader.classpath.ClasspathManager.findLocalClassImpl(Ljava/lang/String;[Lorg/eclipse/osgi/internal/loader/classpath/ClasspathEntry;Ljava/util/List;)Ljava/lang/Class; (55 bytes) @ 0x000002965e4e224c [0x000002965e4e20c0+0x000000000000018c]
J 2133 c1 org.eclipse.osgi.internal.loader.classpath.ClasspathManager.findLocalClassImpl(Ljava/lang/String;Ljava/util/List;)Ljava/lang/Class; (132 bytes) @ 0x000002965e598f54 [0x000002965e598a40+0x0000000000000514]
J 1827 c1 org.eclipse.osgi.internal.loader.classpath.ClasspathManager.findLocalClass(Ljava/lang/String;)Ljava/lang/Class; (210 bytes) @ 0x000002965e4dcfbc [0x000002965e4dc320+0x0000000000000c9c]
J 1825 c1 org.eclipse.osgi.internal.loader.BundleLoader.findLocalClass(Ljava/lang/String;)Ljava/lang/Class; (152 bytes) @ 0x000002965e4da46c [0x000002965e4d9c20+0x000000000000084c]
J 1799 c1 org.eclipse.osgi.internal.loader.BundleLoader.findClass0(Ljava/lang/String;ZZ)Ljava/lang/Class; (466 bytes) @ 0x000002965e4cac84 [0x000002965e4c85a0+0x00000000000026e4]
J 1763 c1 org.eclipse.osgi.internal.loader.BundleLoader.findClass(Ljava/lang/String;)Ljava/lang/Class; (8 bytes) @ 0x000002965e4b0b1c [0x000002965e4b0aa0+0x000000000000007c]
J 1765 c1 org.eclipse.osgi.internal.loader.ModuleClassLoader.loadClass(Ljava/lang/String;Z)Ljava/lang/Class; (36 bytes) @ 0x000002965e4b1e3c [0x000002965e4b1c20+0x000000000000021c]
J 850 c1 java.lang.ClassLoader.loadClass(Ljava/lang/String;)Ljava/lang/Class; java.base@17.0.5 (7 bytes) @ 0x000002965e2d813c [0x000002965e2d8040+0x00000000000000fc]
v  ~StubRoutines::call_stub
J 1162  java.lang.ClassLoader.defineClass1(Ljava/lang/ClassLoader;Ljava/lang/String;[BIILjava/security/ProtectionDomain;Ljava/lang/String;)Ljava/lang/Class; java.base@17.0.5 (0 bytes) @ 0x00000296656f84db [0x00000296656f8420+0x00000000000000bb]
J 1792 c1 java.lang.ClassLoader.defineClass(Ljava/lang/String;[BIILjava/security/ProtectionDomain;)Ljava/lang/Class; java.base@17.0.5 (43 bytes) @ 0x000002965e4bcad4 [0x000002965e4bc780+0x0000000000000354]
J 2272 c1 org.eclipse.osgi.internal.loader.ModuleClassLoader.defineClass(Ljava/lang/String;[BLorg/eclipse/osgi/internal/loader/classpath/ClasspathEntry;)Lorg/eclipse/osgi/internal/loader/ModuleClassLoader$DefineClassResult; (138 bytes) @ 0x000002965e5eb01c [0x000002965e5eadc0+0x000000000000025c]
J 2144 c1 org.eclipse.osgi.internal.loader.classpath.ClasspathManager.defineClass(Ljava/lang/String;[BLorg/eclipse/osgi/internal/loader/classpath/ClasspathEntry;Lorg/eclipse/osgi/storage/bundlefile/BundleEntry;Ljava/util/List;)Ljava/lang/Class; (636 bytes) @ 0x000002965e5a2334 [0x000002965e5a0960+0x00000000000019d4]
J 1835 c1 org.eclipse.osgi.internal.loader.classpath.ClasspathManager.findClassImpl(Ljava/lang/String;Lorg/eclipse/osgi/internal/loader/classpath/ClasspathEntry;Ljava/util/List;)Ljava/lang/Class; (308 bytes) @ 0x000002965e4e5b74 [0x000002965e4e2dc0+0x0000000000002db4]
J 1834 c1 org.eclipse.osgi.internal.loader.classpath.ClasspathManager.findLocalClassImpl(Ljava/lang/String;[Lorg/eclipse/osgi/internal/loader/classpath/ClasspathEntry;Ljava/util/List;)Ljava/lang/Class; (55 bytes) @ 0x000002965e4e224c [0x000002965e4e20c0+0x000000000000018c]
J 2133 c1 org.eclipse.osgi.internal.loader.classpath.ClasspathManager.findLocalClassImpl(Ljava/lang/String;Ljava/util/List;)Ljava/lang/Class; (132 bytes) @ 0x000002965e598f54 [0x000002965e598a40+0x0000000000000514]
J 1827 c1 org.eclipse.osgi.internal.loader.classpath.ClasspathManager.findLocalClass(Ljava/lang/String;)Ljava/lang/Class; (210 bytes) @ 0x000002965e4dcfbc [0x000002965e4dc320+0x0000000000000c9c]
J 1825 c1 org.eclipse.osgi.internal.loader.BundleLoader.findLocalClass(Ljava/lang/String;)Ljava/lang/Class; (152 bytes) @ 0x000002965e4da46c [0x000002965e4d9c20+0x000000000000084c]
J 1799 c1 org.eclipse.osgi.internal.loader.BundleLoader.findClass0(Ljava/lang/String;ZZ)Ljava/lang/Class; (466 bytes) @ 0x000002965e4cac84 [0x000002965e4c85a0+0x00000000000026e4]
J 1763 c1 org.eclipse.osgi.internal.loader.BundleLoader.findClass(Ljava/lang/String;)Ljava/lang/Class; (8 bytes) @ 0x000002965e4b0b1c [0x000002965e4b0aa0+0x000000000000007c]
J 1765 c1 org.eclipse.osgi.internal.loader.ModuleClassLoader.loadClass(Ljava/lang/String;Z)Ljava/lang/Class; (36 bytes) @ 0x000002965e4b1e3c [0x000002965e4b1c20+0x000000000000021c]
J 850 c1 java.lang.ClassLoader.loadClass(Ljava/lang/String;)Ljava/lang/Class; java.base@17.0.5 (7 bytes) @ 0x000002965e2d813c [0x000002965e2d8040+0x00000000000000fc]
v  ~StubRoutines::call_stub
j  org.eclipse.jdt.core.JavaCore.start(Lorg/osgi/framework/BundleContext;)V+6
j  org.eclipse.osgi.internal.framework.BundleContextImpl$2.run()Ljava/lang/Void;+23
j  org.eclipse.osgi.internal.framework.BundleContextImpl$2.run()Ljava/lang/Object;+1
J 1296 c1 java.security.AccessController.executePrivileged(Ljava/security/PrivilegedExceptionAction;Ljava/security/AccessControlContext;Ljava/lang/Class;)Ljava/lang/Object; java.base@17.0.5 (65 bytes) @ 0x000002965e3bcfb4 [0x000002965e3bce60+0x0000000000000154]
j  java.security.AccessController.doPrivileged(Ljava/security/PrivilegedExceptionAction;)Ljava/lang/Object;+9 java.base@17.0.5
j  org.eclipse.osgi.internal.framework.BundleContextImpl.startActivator(Lorg/osgi/framework/BundleActivator;)V+9
j  org.eclipse.osgi.internal.framework.BundleContextImpl.start()V+134
j  org.eclipse.osgi.internal.framework.EquinoxBundle.startWorker0()V+35
j  org.eclipse.osgi.internal.framework.EquinoxBundle$EquinoxModule.startWorker()V+4
j  org.eclipse.osgi.container.Module.doStart([Lorg/eclipse/osgi/container/Module$StartOptions;)Lorg/eclipse/osgi/container/ModuleContainerAdaptor$ModuleEvent;+190
J 2246 c1 org.eclipse.osgi.container.Module.start([Lorg/eclipse/osgi/container/Module$StartOptions;)V (655 bytes) @ 0x000002965e5ddc54 [0x000002965e5db8e0+0x0000000000002374]
J 2270 c1 org.eclipse.osgi.framework.util.SecureAction.start(Lorg/eclipse/osgi/container/Module;[Lorg/eclipse/osgi/container/Module$StartOptions;)V (61 bytes) @ 0x000002965e5e8f4c [0x000002965e5e8ac0+0x000000000000048c]
J 2087 c1 org.eclipse.osgi.internal.hooks.EclipseLazyStarter.postFindLocalClass(Ljava/lang/String;Ljava/lang/Class;Lorg/eclipse/osgi/internal/loader/classpath/ClasspathManager;)V (394 bytes) @ 0x000002965e586a5c [0x000002965e585ae0+0x0000000000000f7c]
J 1827 c1 org.eclipse.osgi.internal.loader.classpath.ClasspathManager.findLocalClass(Ljava/lang/String;)Ljava/lang/Class; (210 bytes) @ 0x000002965e4dd2d4 [0x000002965e4dc320+0x0000000000000fb4]
J 1825 c1 org.eclipse.osgi.internal.loader.BundleLoader.findLocalClass(Ljava/lang/String;)Ljava/lang/Class; (152 bytes) @ 0x000002965e4da46c [0x000002965e4d9c20+0x000000000000084c]
J 2105 c1 org.eclipse.osgi.internal.loader.sources.SingleSourcePackage.loadClass(Ljava/lang/String;)Ljava/lang/Class; (9 bytes) @ 0x000002965e59073c [0x000002965e590640+0x00000000000000fc]
J 1799 c1 org.eclipse.osgi.internal.loader.BundleLoader.findClass0(Ljava/lang/String;ZZ)Ljava/lang/Class; (466 bytes) @ 0x000002965e4cab8c [0x000002965e4c85a0+0x00000000000025ec]
J 1763 c1 org.eclipse.osgi.internal.loader.BundleLoader.findClass(Ljava/lang/String;)Ljava/lang/Class; (8 bytes) @ 0x000002965e4b0b1c [0x000002965e4b0aa0+0x000000000000007c]
J 1765 c1 org.eclipse.osgi.internal.loader.ModuleClassLoader.loadClass(Ljava/lang/String;Z)Ljava/lang/Class; (36 bytes) @ 0x000002965e4b1e3c [0x000002965e4b1c20+0x000000000000021c]
J 850 c1 java.lang.ClassLoader.loadClass(Ljava/lang/String;)Ljava/lang/Class; java.base@17.0.5 (7 bytes) @ 0x000002965e2d813c [0x000002965e2d8040+0x00000000000000fc]
v  ~StubRoutines::call_stub
j  java.lang.Class.getDeclaredConstructors0(Z)[Ljava/lang/reflect/Constructor;+0 java.base@17.0.5
j  java.lang.Class.privateGetDeclaredConstructors(Z)[Ljava/lang/reflect/Constructor;+52 java.base@17.0.5
j  java.lang.Class.getConstructor0([Ljava/lang/Class;I)Ljava/lang/reflect/Constructor;+14 java.base@17.0.5
j  java.lang.Class.getConstructor([Ljava/lang/Class;)Ljava/lang/reflect/Constructor;+24 java.base@17.0.5
j  org.eclipse.osgi.internal.framework.BundleContextImpl.loadBundleActivator()Lorg/osgi/framework/BundleActivator;+105
j  org.eclipse.osgi.internal.framework.BundleContextImpl.start()V+18
j  org.eclipse.osgi.internal.framework.EquinoxBundle.startWorker0()V+35
j  org.eclipse.osgi.internal.framework.EquinoxBundle$EquinoxModule.startWorker()V+4
j  org.eclipse.osgi.container.Module.doStart([Lorg/eclipse/osgi/container/Module$StartOptions;)Lorg/eclipse/osgi/container/ModuleContainerAdaptor$ModuleEvent;+190
j  org.eclipse.osgi.container.Module.start([Lorg/eclipse/osgi/container/Module$StartOptions;)V+460
j  org.eclipse.osgi.container.ModuleContainer$ContainerStartLevel$2.run()V+71
j  org.eclipse.osgi.internal.framework.EquinoxContainerAdaptor$1$1.execute(Ljava/lang/Runnable;)V+1
j  org.eclipse.osgi.container.ModuleContainer$ContainerStartLevel.incStartLevel(ILjava/util/List;Z)V+192
j  org.eclipse.osgi.container.ModuleContainer$ContainerStartLevel.incStartLevel(ILjava/util/List;Ljava/util/List;Ljava/util/List;Ljava/util/List;)V+19
j  org.eclipse.osgi.container.ModuleContainer$ContainerStartLevel.doContainerStartLevel(Lorg/eclipse/osgi/container/Module;I[Lorg/osgi/framework/FrameworkListener;)V+349
j  org.eclipse.osgi.container.ModuleContainer$ContainerStartLevel.dispatchEvent(Lorg/eclipse/osgi/container/Module;[Lorg/osgi/framework/FrameworkListener;ILjava/lang/Integer;)V+32
j  org.eclipse.osgi.container.ModuleContainer$ContainerStartLevel.dispatchEvent(Ljava/lang/Object;Ljava/lang/Object;ILjava/lang/Object;)V+15
j  org.eclipse.osgi.framework.eventmgr.EventManager.dispatchEvent(Ljava/util/Set;Lorg/eclipse/osgi/framework/eventmgr/EventDispatcher;ILjava/lang/Object;)V+48
j  org.eclipse.osgi.framework.eventmgr.EventManager$EventThread.run()V+26
v  ~StubRoutines::call_stub

---------------  P R O C E S S  ---------------

Threads class SMR info:
_java_thread_list=0x000002967200d830, length=20, elements={
0x000002965af2c880, 0x000002966ed47750, 0x000002966ed48eb0, 0x000002966ed92130,
0x000002966ed94c00, 0x000002966ed979c0, 0x000002966ed98370, 0x000002966ed99100,
0x0000029670740890, 0x000002966edbdb80, 0x000002965afe7900, 0x0000029670a0e7f0,
0x0000029670ff10e0, 0x0000029670de0600, 0x00000296710bf2e0, 0x0000029670ebabf0,
0x0000029670e24c70, 0x0000029671fdf280, 0x0000029670c4a090, 0x0000029670c47070
}

Java Threads: ( => current thread )
  0x000002965af2c880 JavaThread "main" [_thread_blocked, id=7140, stack(0x000000cb50300000,0x000000cb50400000)]
  0x000002966ed47750 JavaThread "Reference Handler" daemon [_thread_blocked, id=13408, stack(0x000000cb50600000,0x000000cb50700000)]
  0x000002966ed48eb0 JavaThread "Finalizer" daemon [_thread_blocked, id=13720, stack(0x000000cb50700000,0x000000cb50800000)]
  0x000002966ed92130 JavaThread "Signal Dispatcher" daemon [_thread_blocked, id=7936, stack(0x000000cb50800000,0x000000cb50900000)]
  0x000002966ed94c00 JavaThread "Attach Listener" daemon [_thread_blocked, id=5192, stack(0x000000cb50900000,0x000000cb50a00000)]
  0x000002966ed979c0 JavaThread "Service Thread" daemon [_thread_blocked, id=8100, stack(0x000000cb50a00000,0x000000cb50b00000)]
  0x000002966ed98370 JavaThread "Monitor Deflation Thread" daemon [_thread_blocked, id=13480, stack(0x000000cb50b00000,0x000000cb50c00000)]
  0x000002966ed99100 JavaThread "C2 CompilerThread0" daemon [_thread_blocked, id=5568, stack(0x000000cb50c00000,0x000000cb50d00000)]
  0x0000029670740890 JavaThread "C1 CompilerThread0" daemon [_thread_blocked, id=13948, stack(0x000000cb50d00000,0x000000cb50e00000)]
  0x000002966edbdb80 JavaThread "Sweeper thread" daemon [_thread_blocked, id=13864, stack(0x000000cb50e00000,0x000000cb50f00000)]
  0x000002965afe7900 JavaThread "Common-Cleaner" daemon [_thread_blocked, id=9860, stack(0x000000cb50f00000,0x000000cb51000000)]
  0x0000029670a0e7f0 JavaThread "Notification Thread" daemon [_thread_blocked, id=7560, stack(0x000000cb51000000,0x000000cb51100000)]
  0x0000029670ff10e0 JavaThread "Active Thread: Equinox Container: b21873bb-4f90-498e-8fdb-a50817e52d4e" [_thread_blocked, id=2480, stack(0x000000cb51500000,0x000000cb51600000)]
  0x0000029670de0600 JavaThread "Framework Event Dispatcher: Equinox Container: b21873bb-4f90-498e-8fdb-a50817e52d4e" daemon [_thread_blocked, id=7296, stack(0x000000cb51600000,0x000000cb51700000)]
=>0x00000296710bf2e0 JavaThread "Start Level: Equinox Container: b21873bb-4f90-498e-8fdb-a50817e52d4e" daemon [_thread_in_vm, id=4004, stack(0x000000cb51700000,0x000000cb51800000)]
  0x0000029670ebabf0 JavaThread "SCR Component Actor" daemon [_thread_blocked, id=11284, stack(0x000000cb51800000,0x000000cb51900000)]
  0x0000029670e24c70 JavaThread "SCR Component Registry" daemon [_thread_blocked, id=13712, stack(0x000000cb51900000,0x000000cb51a00000)]
  0x0000029671fdf280 JavaThread "Worker-JM" [_thread_blocked, id=13672, stack(0x000000cb51a00000,0x000000cb51b00000)]
  0x0000029670c4a090 JavaThread "Worker-0" [_thread_blocked, id=12456, stack(0x000000cb51b00000,0x000000cb51c00000)]
  0x0000029670c47070 JavaThread "Worker-1" [_thread_blocked, id=9512, stack(0x000000cb51c00000,0x000000cb51d00000)]

Other Threads:
  0x000002966ed317a0 VMThread "VM Thread" [stack: 0x000000cb50500000,0x000000cb50600000] [id=14260]
  0x0000029670a0ecc0 WatcherThread [stack: 0x000000cb51100000,0x000000cb51200000] [id=12928]
  0x000002965af419e0 GCTaskThread "GC Thread#0" [stack: 0x000000cb50400000,0x000000cb50500000] [id=3132]
  0x0000029670ec10d0 GCTaskThread "GC Thread#1" [stack: 0x000000cb51200000,0x000000cb51300000] [id=4992]
  0x0000029670ec1790 GCTaskThread "GC Thread#2" [stack: 0x000000cb51300000,0x000000cb51400000] [id=12016]
  0x0000029670fb38b0 GCTaskThread "GC Thread#3" [stack: 0x000000cb51400000,0x000000cb51500000] [id=3852]

Threads with active compile tasks:

VM state: not at safepoint (normal execution)

VM Mutex/Monitor currently owned by a thread:  ([mutex/lock_event])
[0x000002965af27cf0] Metaspace_lock - owner thread: 0x00000296710bf2e0

Heap address: 0x00000000c0000000, size: 1024 MB, Compressed Oops mode: 32-bit

CDS archive(s) not mapped
Compressed class space mapped at: 0x0000000100000000-0x0000000140000000, reserved size: 1073741824
Narrow klass base: 0x0000000000000000, Narrow klass shift: 3, Narrow klass range: 0x140000000

GC Precious Log:
 CPUs: 4 total, 4 available
 Memory: 3982M
 Large Page Support: Disabled
 NUMA Support: Disabled
 Compressed Oops: Enabled (32-bit)
 Alignments: Space 512K, Generation 512K, Heap 2M
 Heap Min Capacity: 100M
 Heap Initial Capacity: 100M
 Heap Max Capacity: 1G
 Pre-touch: Disabled
 Parallel Workers: 4

Heap:
 PSYoungGen      total 29696K, used 22582K [0x00000000eab00000, 0x00000000ecc00000, 0x0000000100000000)
  eden space 25600K, 88% used [0x00000000eab00000,0x00000000ec10dab0,0x00000000ec400000)
  from space 4096K, 0% used [0x00000000ec800000,0x00000000ec800000,0x00000000ecc00000)
  to   space 4096K, 0% used [0x00000000ec400000,0x00000000ec400000,0x00000000ec800000)
 ParOldGen       total 68608K, used 7949K [0x00000000c0000000, 0x00000000c4300000, 0x00000000eab00000)
  object space 68608K, 11% used [0x00000000c0000000,0x00000000c07c34c0,0x00000000c4300000)
 Metaspace       used 23836K, committed 24384K, reserved 1073152K
  class space    used 2468K, committed 2752K, reserved 1048576K

Card table byte_map: [0x000002965a8e0000,0x000002965aaf0000] _byte_map_base: 0x000002965a2e0000

Marking Bits: (ParMarkBitMap*) 0x00007ff99a030dd0
 Begin Bits: [0x000002966cbc0000, 0x000002966dbc0000)
 End Bits:   [0x000002966dbc0000, 0x000002966ebc0000)

Polling page: 0x0000029658cb0000

Metaspace:

Usage:
  Non-class:     20.87 MB used.
      Class:      2.41 MB used.
       Both:     23.28 MB used.

Virtual space:
  Non-class space:       24.00 MB reserved,      21.12 MB ( 88%) committed,  3 nodes.
      Class space:        1.00 GB reserved,       2.69 MB ( <1%) committed,  1 nodes.
             Both:        1.02 GB reserved,      23.81 MB (  2%) committed. 

Chunk freelists:
   Non-Class:  2.73 MB
       Class:  1.17 MB
        Both:  3.91 MB

MaxMetaspaceSize: unlimited
CompressedClassSpaceSize: 1.00 GB
Initial GC threshold: 21.00 MB
Current GC threshold: 35.00 MB
CDS: off
MetaspaceReclaimPolicy: balanced
 - commit_granule_bytes: 65536.
 - commit_granule_words: 8192.
 - virtual_space_node_default_size: 1048576.
 - enlarge_chunks_in_place: 1.
 - new_chunks_are_fully_committed: 0.
 - uncommit_free_chunks: 1.
 - use_allocation_guard: 0.
 - handle_deallocations: 1.


Internal statistics:

num_allocs_failed_limit: 3.
num_arena_births: 224.
num_arena_deaths: 14.
num_vsnodes_births: 4.
num_vsnodes_deaths: 0.
num_space_committed: 381.
num_space_uncommitted: 0.
num_chunks_returned_to_freelist: 17.
num_chunks_taken_from_freelist: 852.
num_chunk_merges: 4.
num_chunk_splits: 538.
num_chunks_enlarged: 367.
num_purges: 2.
num_inconsistent_stats: 0.

CodeHeap 'non-profiled nmethods': size=120000Kb used=1030Kb max_used=1030Kb free=118969Kb
 bounds [0x0000029665690000, 0x0000029665900000, 0x000002966cbc0000]
CodeHeap 'profiled nmethods': size=120000Kb used=5159Kb max_used=5159Kb free=114840Kb
 bounds [0x000002965e160000, 0x000002965e670000, 0x0000029665690000]
CodeHeap 'non-nmethods': size=5760Kb used=1198Kb max_used=1219Kb free=4561Kb
 bounds [0x000002965dbc0000, 0x000002965de30000, 0x000002965e160000]
 total_blobs=3068 nmethods=2569 adapters=413
 compilation: enabled
              stopped_count=0, restarted_count=0
 full_count=0

Compilation events (20 events):
Event: 16.821 Thread 0x0000029670740890 2557       1       org.eclipse.osgi.internal.serviceregistry.ServiceUse::getLock (5 bytes)
Event: 16.821 Thread 0x0000029670740890 nmethod 2557 0x000002966578e810 code [0x000002966578e9a0, 0x000002966578ea78]
Event: 16.837 Thread 0x0000029670740890 2558       3       org.eclipse.core.internal.preferences.EclipsePreferences::internalNode (153 bytes)
Event: 16.841 Thread 0x0000029670740890 nmethod 2558 0x000002965e65ca90 code [0x000002965e65cec0, 0x000002965e65f118]
Event: 16.841 Thread 0x0000029670740890 2559       1       org.eclipse.core.internal.dtree.AbstractDataTreeNode::isDelta (2 bytes)
Event: 16.842 Thread 0x0000029670740890 nmethod 2559 0x000002966578ef10 code [0x000002966578f0a0, 0x000002966578f178]
Event: 16.842 Thread 0x0000029670740890 2560       3       org.eclipse.core.runtime.Path::append (150 bytes)
Event: 16.844 Thread 0x0000029670740890 nmethod 2560 0x000002965e65fc90 code [0x000002965e65ffa0, 0x000002965e6610a8]
Event: 16.845 Thread 0x0000029670740890 2562       3       org.eclipse.core.internal.preferences.EclipsePreferences::node (8 bytes)
Event: 16.846 Thread 0x0000029670740890 nmethod 2562 0x000002965e661590 code [0x000002965e661740, 0x000002965e661908]
Event: 16.853 Thread 0x000002966ed99100 2563       4       java.util.HashMap::afterNodeRemoval (1 bytes)
Event: 16.853 Thread 0x000002966ed99100 nmethod 2563 0x000002966578f210 code [0x000002966578f380, 0x000002966578f3f8]
Event: 16.968 Thread 0x000002966ed99100 2564       4       org.objectweb.asm.ClassReader::readUtf (44 bytes)
Event: 16.970 Thread 0x0000029670740890 2565       3       org.objectweb.asm.SymbolTable::addConstantUtf8Reference (101 bytes)
Event: 16.971 Thread 0x0000029670740890 nmethod 2565 0x000002965e661a10 code [0x000002965e661c20, 0x000002965e6621f8]
Event: 16.971 Thread 0x0000029670740890 2566       3       org.objectweb.asm.ByteVector::<init> (13 bytes)
Event: 16.971 Thread 0x0000029670740890 nmethod 2566 0x000002965e662510 code [0x000002965e6626a0, 0x000002965e6628b8]
Event: 16.971 Thread 0x0000029670740890 2567       3       org.objectweb.asm.SymbolTable::addConstantClass (8 bytes)
Event: 16.972 Thread 0x0000029670740890 nmethod 2567 0x000002965e662990 code [0x000002965e662b20, 0x000002965e662c68]
Event: 16.974 Thread 0x0000029670740890 2569       3       org.objectweb.asm.ClassReader::readMethod (1066 bytes)

GC Heap History (10 events):
Event: 6.029 GC heap before
{Heap before GC invocations=1 (full 0):
 PSYoungGen      total 29696K, used 25600K [0x00000000eab00000, 0x00000000ecc00000, 0x0000000100000000)
  eden space 25600K, 100% used [0x00000000eab00000,0x00000000ec400000,0x00000000ec400000)
  from space 4096K, 0% used [0x00000000ec800000,0x00000000ec800000,0x00000000ecc00000)
  to   space 4096K, 0% used [0x00000000ec400000,0x00000000ec400000,0x00000000ec800000)
 ParOldGen       total 68608K, used 0K [0x00000000c0000000, 0x00000000c4300000, 0x00000000eab00000)
  object space 68608K, 0% used [0x00000000c0000000,0x00000000c0000000,0x00000000c4300000)
 Metaspace       used 10970K, committed 11136K, reserved 1064960K
  class space    used 1087K, committed 1152K, reserved 1048576K
}
Event: 6.065 GC heap after
{Heap after GC invocations=1 (full 0):
 PSYoungGen      total 29696K, used 3704K [0x00000000eab00000, 0x00000000ecc00000, 0x0000000100000000)
  eden space 25600K, 0% used [0x00000000eab00000,0x00000000eab00000,0x00000000ec400000)
  from space 4096K, 90% used [0x00000000ec400000,0x00000000ec79e218,0x00000000ec800000)
  to   space 4096K, 0% used [0x00000000ec800000,0x00000000ec800000,0x00000000ecc00000)
 ParOldGen       total 68608K, used 0K [0x00000000c0000000, 0x00000000c4300000, 0x00000000eab00000)
  object space 68608K, 0% used [0x00000000c0000000,0x00000000c0000000,0x00000000c4300000)
 Metaspace       used 10970K, committed 11136K, reserved 1064960K
  class space    used 1087K, committed 1152K, reserved 1048576K
}
Event: 10.674 GC heap before
{Heap before GC invocations=2 (full 0):
 PSYoungGen      total 29696K, used 29304K [0x00000000eab00000, 0x00000000ecc00000, 0x0000000100000000)
  eden space 25600K, 100% used [0x00000000eab00000,0x00000000ec400000,0x00000000ec400000)
  from space 4096K, 90% used [0x00000000ec400000,0x00000000ec79e218,0x00000000ec800000)
  to   space 4096K, 0% used [0x00000000ec800000,0x00000000ec800000,0x00000000ecc00000)
 ParOldGen       total 68608K, used 0K [0x00000000c0000000, 0x00000000c4300000, 0x00000000eab00000)
  object space 68608K, 0% used [0x00000000c0000000,0x00000000c0000000,0x00000000c4300000)
 Metaspace       used 14717K, committed 15040K, reserved 1064960K
  class space    used 1484K, committed 1664K, reserved 1048576K
}
Event: 10.691 GC heap after
{Heap after GC invocations=2 (full 0):
 PSYoungGen      total 29696K, used 4093K [0x00000000eab00000, 0x00000000ecc00000, 0x0000000100000000)
  eden space 25600K, 0% used [0x00000000eab00000,0x00000000eab00000,0x00000000ec400000)
  from space 4096K, 99% used [0x00000000ec800000,0x00000000ecbff718,0x00000000ecc00000)
  to   space 4096K, 0% used [0x00000000ec400000,0x00000000ec400000,0x00000000ec800000)
 ParOldGen       total 68608K, used 1937K [0x00000000c0000000, 0x00000000c4300000, 0x00000000eab00000)
  object space 68608K, 2% used [0x00000000c0000000,0x00000000c01e4668,0x00000000c4300000)
 Metaspace       used 14717K, committed 15040K, reserved 1064960K
  class space    used 1484K, committed 1664K, reserved 1048576K
}
Event: 14.167 GC heap before
{Heap before GC invocations=3 (full 0):
 PSYoungGen      total 29696K, used 29693K [0x00000000eab00000, 0x00000000ecc00000, 0x0000000100000000)
  eden space 25600K, 100% used [0x00000000eab00000,0x00000000ec400000,0x00000000ec400000)
  from space 4096K, 99% used [0x00000000ec800000,0x00000000ecbff718,0x00000000ecc00000)
  to   space 4096K, 0% used [0x00000000ec400000,0x00000000ec400000,0x00000000ec800000)
 ParOldGen       total 68608K, used 1937K [0x00000000c0000000, 0x00000000c4300000, 0x00000000eab00000)
  object space 68608K, 2% used [0x00000000c0000000,0x00000000c01e4668,0x00000000c4300000)
 Metaspace       used 19850K, committed 20288K, reserved 1073152K
  class space    used 2007K, committed 2176K, reserved 1048576K
}
Event: 14.180 GC heap after
{Heap after GC invocations=3 (full 0):
 PSYoungGen      total 29696K, used 4095K [0x00000000eab00000, 0x00000000ecc00000, 0x0000000100000000)
  eden space 25600K, 0% used [0x00000000eab00000,0x00000000eab00000,0x00000000ec400000)
  from space 4096K, 99% used [0x00000000ec400000,0x00000000ec7ffc30,0x00000000ec800000)
  to   space 4096K, 0% used [0x00000000ec800000,0x00000000ec800000,0x00000000ecc00000)
 ParOldGen       total 68608K, used 3749K [0x00000000c0000000, 0x00000000c4300000, 0x00000000eab00000)
  object space 68608K, 5% used [0x00000000c0000000,0x00000000c03a9530,0x00000000c4300000)
 Metaspace       used 19850K, committed 20288K, reserved 1073152K
  class space    used 2007K, committed 2176K, reserved 1048576K
}
Event: 15.112 GC heap before
{Heap before GC invocations=4 (full 0):
 PSYoungGen      total 29696K, used 11546K [0x00000000eab00000, 0x00000000ecc00000, 0x0000000100000000)
  eden space 25600K, 29% used [0x00000000eab00000,0x00000000eb246ea0,0x00000000ec400000)
  from space 4096K, 99% used [0x00000000ec400000,0x00000000ec7ffc30,0x00000000ec800000)
  to   space 4096K, 0% used [0x00000000ec800000,0x00000000ec800000,0x00000000ecc00000)
 ParOldGen       total 68608K, used 3749K [0x00000000c0000000, 0x00000000c4300000, 0x00000000eab00000)
  object space 68608K, 5% used [0x00000000c0000000,0x00000000c03a9530,0x00000000c4300000)
 Metaspace       used 21083K, committed 21504K, reserved 1073152K
  class space    used 2148K, committed 2368K, reserved 1048576K
}
Event: 15.122 GC heap after
{Heap after GC invocations=4 (full 0):
 PSYoungGen      total 29696K, used 4083K [0x00000000eab00000, 0x00000000ecc00000, 0x0000000100000000)
  eden space 25600K, 0% used [0x00000000eab00000,0x00000000eab00000,0x00000000ec400000)
  from space 4096K, 99% used [0x00000000ec800000,0x00000000ecbfce38,0x00000000ecc00000)
  to   space 4096K, 0% used [0x00000000ec400000,0x00000000ec400000,0x00000000ec800000)
 ParOldGen       total 68608K, used 4053K [0x00000000c0000000, 0x00000000c4300000, 0x00000000eab00000)
  object space 68608K, 5% used [0x00000000c0000000,0x00000000c03f5530,0x00000000c4300000)
 Metaspace       used 21083K, committed 21504K, reserved 1073152K
  class space    used 2148K, committed 2368K, reserved 1048576K
}
Event: 15.122 GC heap before
{Heap before GC invocations=5 (full 1):
 PSYoungGen      total 29696K, used 4083K [0x00000000eab00000, 0x00000000ecc00000, 0x0000000100000000)
  eden space 25600K, 0% used [0x00000000eab00000,0x00000000eab00000,0x00000000ec400000)
  from space 4096K, 99% used [0x00000000ec800000,0x00000000ecbfce38,0x00000000ecc00000)
  to   space 4096K, 0% used [0x00000000ec400000,0x00000000ec400000,0x00000000ec800000)
 ParOldGen       total 68608K, used 4053K [0x00000000c0000000, 0x00000000c4300000, 0x00000000eab00000)
  object space 68608K, 5% used [0x00000000c0000000,0x00000000c03f5530,0x00000000c4300000)
 Metaspace       used 21083K, committed 21504K, reserved 1073152K
  class space    used 2148K, committed 2368K, reserved 1048576K
}
Event: 15.180 GC heap after
{Heap after GC invocations=5 (full 1):
 PSYoungGen      total 29696K, used 0K [0x00000000eab00000, 0x00000000ecc00000, 0x0000000100000000)
  eden space 25600K, 0% used [0x00000000eab00000,0x00000000eab00000,0x00000000ec400000)
  from space 4096K, 0% used [0x00000000ec800000,0x00000000ec800000,0x00000000ecc00000)
  to   space 4096K, 0% used [0x00000000ec400000,0x00000000ec400000,0x00000000ec800000)
 ParOldGen       total 68608K, used 7949K [0x00000000c0000000, 0x00000000c4300000, 0x00000000eab00000)
  object space 68608K, 11% used [0x00000000c0000000,0x00000000c07c34c0,0x00000000c4300000)
 Metaspace       used 21070K, committed 21504K, reserved 1073152K
  class space    used 2144K, committed 2368K, reserved 1048576K
}

Dll operation events (9 events):
Event: 0.061 Loaded shared library c:\Users\TSAYEM\.vscode\extensions\redhat.java-1.14.0-win32-x64\jre\17.0.5-win32-x86_64\bin\java.dll
Event: 1.143 Loaded shared library c:\Users\TSAYEM\.vscode\extensions\redhat.java-1.14.0-win32-x64\jre\17.0.5-win32-x86_64\bin\zip.dll
Event: 1.153 Loaded shared library C:\Users\TSAYEM\.vscode\extensions\redhat.java-1.14.0-win32-x64\jre\17.0.5-win32-x86_64\bin\instrument.dll
Event: 1.236 Loaded shared library C:\Users\TSAYEM\.vscode\extensions\redhat.java-1.14.0-win32-x64\jre\17.0.5-win32-x86_64\bin\net.dll
Event: 1.241 Loaded shared library C:\Users\TSAYEM\.vscode\extensions\redhat.java-1.14.0-win32-x64\jre\17.0.5-win32-x86_64\bin\nio.dll
Event: 1.364 Loaded shared library C:\Users\TSAYEM\.vscode\extensions\redhat.java-1.14.0-win32-x64\jre\17.0.5-win32-x86_64\bin\zip.dll
Event: 1.535 Loaded shared library C:\Users\TSAYEM\.vscode\extensions\redhat.java-1.14.0-win32-x64\jre\17.0.5-win32-x86_64\bin\jimage.dll
Event: 2.035 Loaded shared library c:\Users\TSAYEM\.vscode\extensions\redhat.java-1.14.0-win32-x64\jre\17.0.5-win32-x86_64\bin\verify.dll
Event: 9.591 Loaded shared library C:\Users\TSAYEM\AppData\Roaming\Code\User\globalStorage\redhat.java\1.14.0\config_win\org.eclipse.equinox.launcher\org.eclipse.equinox.launcher.win32.win32.x86_64_1.2.700.v20221108-1024\eclipse_11801.dll

Deoptimization events (20 events):
Event: 15.815 Thread 0x00000296710bf2e0 DEOPT PACKING pc=0x000002965e425100 sp=0x000000cb517f2110
Event: 15.815 Thread 0x00000296710bf2e0 DEOPT UNPACKING pc=0x000002965dc12843 sp=0x000000cb517f1580 mode 0
Event: 15.815 Thread 0x00000296710bf2e0 DEOPT PACKING pc=0x000002965e425100 sp=0x000000cb517f2110
Event: 15.815 Thread 0x00000296710bf2e0 DEOPT UNPACKING pc=0x000002965dc12843 sp=0x000000cb517f1580 mode 0
Event: 15.816 Thread 0x00000296710bf2e0 DEOPT PACKING pc=0x000002965e425100 sp=0x000000cb517f2110
Event: 15.816 Thread 0x00000296710bf2e0 DEOPT UNPACKING pc=0x000002965dc12843 sp=0x000000cb517f1580 mode 0
Event: 15.816 Thread 0x00000296710bf2e0 DEOPT PACKING pc=0x000002965e425100 sp=0x000000cb517f2110
Event: 15.816 Thread 0x00000296710bf2e0 DEOPT UNPACKING pc=0x000002965dc12843 sp=0x000000cb517f1580 mode 0
Event: 15.817 Thread 0x00000296710bf2e0 DEOPT PACKING pc=0x000002965e425100 sp=0x000000cb517f2110
Event: 15.817 Thread 0x00000296710bf2e0 DEOPT UNPACKING pc=0x000002965dc12843 sp=0x000000cb517f1580 mode 0
Event: 15.899 Thread 0x00000296710bf2e0 DEOPT PACKING pc=0x000002965e2f5d1e sp=0x000000cb517f2440
Event: 15.899 Thread 0x00000296710bf2e0 DEOPT UNPACKING pc=0x000002965dc12843 sp=0x000000cb517f1938 mode 0
Event: 15.911 Thread 0x00000296710bf2e0 DEOPT PACKING pc=0x000002965e2f5d1e sp=0x000000cb517f2440
Event: 15.911 Thread 0x00000296710bf2e0 DEOPT UNPACKING pc=0x000002965dc12843 sp=0x000000cb517f1938 mode 0
Event: 16.271 Thread 0x00000296710bf2e0 Uncommon trap: trap_request=0xffffff45 fr.pc=0x000002966576ffb8 relative=0x0000000000000038
Event: 16.272 Thread 0x00000296710bf2e0 Uncommon trap: reason=unstable_if action=reinterpret pc=0x000002966576ffb8 method=java.util.concurrent.locks.AbstractQueuedSynchronizer.signalNext(Ljava/util/concurrent/locks/AbstractQueuedSynchronizer$Node;)V @ 10 c2
Event: 16.272 Thread 0x00000296710bf2e0 DEOPT PACKING pc=0x000002966576ffb8 sp=0x000000cb517f5440
Event: 16.272 Thread 0x00000296710bf2e0 DEOPT UNPACKING pc=0x000002965dc120a3 sp=0x000000cb517f53c0 mode 2
Event: 16.597 Thread 0x00000296710bf2e0 DEOPT PACKING pc=0x000002965e2f5d1e sp=0x000000cb517f4660
Event: 16.597 Thread 0x00000296710bf2e0 DEOPT UNPACKING pc=0x000002965dc12843 sp=0x000000cb517f3b58 mode 0

Classes unloaded (7 events):
Event: 15.132 Thread 0x000002966ed317a0 Unloading class 0x0000000100218400 'java/lang/invoke/LambdaForm$MH+0x0000000100218400'
Event: 15.132 Thread 0x000002966ed317a0 Unloading class 0x0000000100218000 'java/lang/invoke/LambdaForm$MH+0x0000000100218000'
Event: 15.132 Thread 0x000002966ed317a0 Unloading class 0x0000000100217c00 'java/lang/invoke/LambdaForm$MH+0x0000000100217c00'
Event: 15.132 Thread 0x000002966ed317a0 Unloading class 0x0000000100217400 'java/lang/invoke/LambdaForm$MH+0x0000000100217400'
Event: 15.132 Thread 0x000002966ed317a0 Unloading class 0x0000000100217000 'java/lang/invoke/LambdaForm$BMH+0x0000000100217000'
Event: 15.132 Thread 0x000002966ed317a0 Unloading class 0x0000000100216c00 'java/lang/invoke/LambdaForm$DMH+0x0000000100216c00'
Event: 15.132 Thread 0x000002966ed317a0 Unloading class 0x0000000100214000 'java/lang/invoke/LambdaForm$DMH+0x0000000100214000'

Classes redefined (0 events):
No events

Internal exceptions (20 events):
Event: 13.632 Thread 0x00000296710bf2e0 Exception <a 'java/lang/NoSuchMethodError'{0x00000000ec0a6d18}: 'int java.lang.invoke.DirectMethodHandle$Holder.invokeStatic(java.lang.Object, java.lang.Object, int)'> (0x00000000ec0a6d18) 
thrown [s\src\hotspot\share\interpreter\linkResolver.cpp, line 759]
Event: 13.634 Thread 0x00000296710bf2e0 Exception <a 'java/lang/NoSuchMethodError'{0x00000000ec0aad40}: 'int java.lang.invoke.DirectMethodHandle$Holder.invokeSpecial(java.lang.Object, java.lang.Object, java.lang.Object, int)'> (0x00000000ec0aad40) 
thrown [s\src\hotspot\share\interpreter\linkResolver.cpp, line 759]
Event: 13.641 Thread 0x00000296710bf2e0 Exception <a 'java/lang/NoSuchMethodError'{0x00000000ec0c57c0}: 'java.lang.Object java.lang.invoke.DirectMethodHandle$Holder.invokeStatic(java.lang.Object, java.lang.Object, java.lang.Object, java.lang.Object, int)'> (0x00000000ec0c57c0) 
thrown [s\src\hotspot\share\interpreter\linkResolver.cpp, line 759]
Event: 13.644 Thread 0x00000296710bf2e0 Exception <a 'java/lang/NoSuchMethodError'{0x00000000ec0d1e80}: 'java.lang.Object java.lang.invoke.DelegatingMethodHandle$Holder.reinvoke_L(java.lang.Object, java.lang.Object, java.lang.Object, java.lang.Object, int, int)'> (0x00000000ec0d1e80) 
thrown [s\src\hotspot\share\interpreter\linkResolver.cpp, line 759]
Event: 13.653 Thread 0x00000296710bf2e0 Exception <a 'java/lang/NoSuchMethodError'{0x00000000ec0e9c40}: 'java.lang.Object java.lang.invoke.Invokers$Holder.invokeExact_MT(java.lang.Object, java.lang.Object, java.lang.Object, java.lang.Object)'> (0x00000000ec0e9c40) 
thrown [s\src\hotspot\share\interpreter\linkResolver.cpp, line 759]
Event: 14.487 Thread 0x00000296710bf2e0 Exception <a 'java/lang/NoSuchMethodError'{0x00000000eac924b8}: 'java.lang.Object java.lang.invoke.DirectMethodHandle$Holder.newInvokeSpecial(java.lang.Object, java.lang.Object, java.lang.Object, java.lang.Object, java.lang.Object)'> (0x00000000eac924b8) 
thrown [s\src\hotspot\share\interpreter\linkResolver.cpp, line 759]
Event: 14.957 Thread 0x00000296710bf2e0 Exception <a 'java/lang/NoSuchMethodError'{0x00000000eb000ec0}: 'java.lang.Object java.lang.invoke.DirectMethodHandle$Holder.invokeSpecial(java.lang.Object, java.lang.Object, java.lang.Object, long, java.lang.Object)'> (0x00000000eb000ec0) 
thrown [s\src\hotspot\share\interpreter\linkResolver.cpp, line 759]
Event: 14.959 Thread 0x00000296710bf2e0 Exception <a 'java/lang/NoSuchMethodError'{0x00000000eb009078}: 'java.lang.Object java.lang.invoke.DirectMethodHandle$Holder.newInvokeSpecial(java.lang.Object, java.lang.Object, java.lang.Object, long)'> (0x00000000eb009078) 
thrown [s\src\hotspot\share\interpreter\linkResolver.cpp, line 759]
Event: 14.960 Thread 0x00000296710bf2e0 Exception <a 'java/lang/NoSuchMethodError'{0x00000000eb00d880}: 'java.lang.Object java.lang.invoke.DirectMethodHandle$Holder.invokeSpecial(java.lang.Object, java.lang.Object, java.lang.Object, java.lang.Object, long)'> (0x00000000eb00d880) 
thrown [s\src\hotspot\share\interpreter\linkResolver.cpp, line 759]
Event: 14.984 Thread 0x00000296710bf2e0 Exception <a 'java/lang/NoSuchMethodError'{0x00000000eb060ae8}: 'int java.lang.invoke.DirectMethodHandle$Holder.invokeStaticInit(java.lang.Object, java.lang.Object, java.lang.Object)'> (0x00000000eb060ae8) 
thrown [s\src\hotspot\share\interpreter\linkResolver.cpp, line 759]
Event: 15.009 Thread 0x00000296710bf2e0 Exception <a 'java/lang/IncompatibleClassChangeError'{0x00000000eb0e7650}: Found class java.lang.Object, but interface was expected> (0x00000000eb0e7650) 
thrown [s\src\hotspot\share\interpreter\linkResolver.cpp, line 826]
Event: 15.045 Thread 0x00000296710bf2e0 Exception <a 'java/lang/NoSuchMethodError'{0x00000000eb105060}: 'java.lang.Object java.lang.invoke.DirectMethodHandle$Holder.invokeSpecial(java.lang.Object, java.lang.Object, java.lang.Object, int, java.lang.Object, java.lang.Object)'> (0x00000000eb105060) 
thrown [s\src\hotspot\share\interpreter\linkResolver.cpp, line 759]
Event: 15.051 Thread 0x00000296710bf2e0 Exception <a 'java/lang/NoSuchMethodError'{0x00000000eb10d7e8}: 'java.lang.Object java.lang.invoke.DirectMethodHandle$Holder.newInvokeSpecial(java.lang.Object, java.lang.Object, java.lang.Object, int, java.lang.Object)'> (0x00000000eb10d7e8) 
thrown [s\src\hotspot\share\interpreter\linkResolver.cpp, line 759]
Event: 15.057 Thread 0x00000296710bf2e0 Exception <a 'java/lang/NoSuchMethodError'{0x00000000eb111c40}: 'java.lang.Object java.lang.invoke.DirectMethodHandle$Holder.invokeSpecial(java.lang.Object, java.lang.Object, java.lang.Object, java.lang.Object, int, java.lang.Object)'> (0x00000000eb111c40) 
thrown [s\src\hotspot\share\interpreter\linkResolver.cpp, line 759]
Event: 15.060 Thread 0x0000029670c4a090 Exception <a 'java/lang/NoSuchMethodError'{0x00000000eb09cf08}: 'java.lang.Object java.lang.invoke.DirectMethodHandle$Holder.invokeSpecial(java.lang.Object, java.lang.Object, int, java.lang.Object, java.lang.Object)'> (0x00000000eb09cf08) 
thrown [s\src\hotspot\share\interpreter\linkResolver.cpp, line 759]
Event: 15.062 Thread 0x0000029670c4a090 Exception <a 'java/lang/NoSuchMethodError'{0x00000000eb0a45d8}: 'java.lang.Object java.lang.invoke.DirectMethodHandle$Holder.newInvokeSpecial(java.lang.Object, java.lang.Object, int, java.lang.Object)'> (0x00000000eb0a45d8) 
thrown [s\src\hotspot\share\interpreter\linkResolver.cpp, line 759]
Event: 15.063 Thread 0x0000029670c4a090 Exception <a 'java/lang/NoSuchMethodError'{0x00000000eb0a80e8}: 'java.lang.Object java.lang.invoke.DirectMethodHandle$Holder.invokeSpecial(java.lang.Object, java.lang.Object, java.lang.Object, int, java.lang.Object)'> (0x00000000eb0a80e8) 
thrown [s\src\hotspot\share\interpreter\linkResolver.cpp, line 759]
Event: 15.993 Thread 0x00000296710bf2e0 Exception <a 'java/io/FileNotFoundException'{0x00000000eb467370}> (0x00000000eb467370) 
thrown [s\src\hotspot\share\prims\jni.cpp, line 516]
Event: 16.515 Thread 0x00000296710bf2e0 Exception <a 'java/lang/NoSuchMethodError'{0x00000000ebab4e68}: 'void java.lang.invoke.DirectMethodHandle$Holder.invokeSpecial(java.lang.Object, java.lang.Object, java.lang.Object, int)'> (0x00000000ebab4e68) 
thrown [s\src\hotspot\share\interpreter\linkResolver.cpp, line 759]
Event: 16.830 Thread 0x0000029670c4a090 Exception <a 'java/io/FileNotFoundException'{0x00000000ebdcad10}> (0x00000000ebdcad10) 
thrown [s\src\hotspot\share\prims\jni.cpp, line 516]

VM Operations (20 events):
Event: 10.674 Executing VM operation: ParallelGCFailedAllocation
Event: 10.691 Executing VM operation: ParallelGCFailedAllocation done
Event: 12.691 Executing VM operation: Cleanup
Event: 12.691 Executing VM operation: Cleanup done
Event: 12.720 Executing VM operation: HandshakeAllThreads
Event: 12.721 Executing VM operation: HandshakeAllThreads done
Event: 12.786 Executing VM operation: HandshakeAllThreads
Event: 12.786 Executing VM operation: HandshakeAllThreads done
Event: 12.793 Executing VM operation: HandshakeAllThreads
Event: 12.793 Executing VM operation: HandshakeAllThreads done
Event: 13.613 Executing VM operation: HandshakeAllThreads
Event: 13.613 Executing VM operation: HandshakeAllThreads done
Event: 14.167 Executing VM operation: ParallelGCFailedAllocation
Event: 14.180 Executing VM operation: ParallelGCFailedAllocation done
Event: 15.105 Executing VM operation: HandshakeAllThreads
Event: 15.105 Executing VM operation: HandshakeAllThreads done
Event: 15.112 Executing VM operation: CollectForMetadataAllocation
Event: 15.181 Executing VM operation: CollectForMetadataAllocation done
Event: 16.182 Executing VM operation: Cleanup
Event: 16.203 Executing VM operation: Cleanup done

Events (20 events):
Event: 16.581 loading class java/io/ObjectInputStream$GetField done
Event: 16.581 loading class java/io/ObjectInputStream$FieldValues done
Event: 16.585 loading class java/io/SerialCallbackContext
Event: 16.586 loading class java/io/SerialCallbackContext done
Event: 16.586 loading class java/util/HashMap$UnsafeHolder
Event: 16.586 loading class java/util/HashMap$UnsafeHolder done
Event: 16.694 loading class org/w3c/dom/Node
Event: 16.695 loading class org/w3c/dom/Node done
Event: 16.695 loading class javax/xml/transform/Result
Event: 16.696 loading class javax/xml/transform/Result done
Event: 16.696 loading class javax/xml/transform/Source
Event: 16.696 loading class javax/xml/transform/Source done
Event: 16.844 loading class java/net/Authenticator
Event: 16.845 loading class java/net/Authenticator done
Event: 16.955 loading class java/util/zip/GZIPInputStream
Event: 16.955 loading class java/util/zip/GZIPInputStream done
Event: 16.957 loading class java/util/zip/GZIPOutputStream
Event: 16.957 loading class java/util/zip/DeflaterOutputStream
Event: 16.958 loading class java/util/zip/DeflaterOutputStream done
Event: 16.958 loading class java/util/zip/GZIPOutputStream done


Dynamic libraries:
0x00007ff7a4290000 - 0x00007ff7a429e000 	c:\Users\TSAYEM\.vscode\extensions\redhat.java-1.14.0-win32-x64\jre\17.0.5-win32-x86_64\bin\java.exe
0x00007ff9fc530000 - 0x00007ff9fc728000 	C:\WINDOWS\SYSTEM32\ntdll.dll
0x00007ff9fbd50000 - 0x00007ff9fbe0f000 	C:\WINDOWS\System32\KERNEL32.DLL
0x00007ff9fa200000 - 0x00007ff9fa4d2000 	C:\WINDOWS\System32\KERNELBASE.dll
0x00007ff9fa0b0000 - 0x00007ff9fa1b0000 	C:\WINDOWS\System32\ucrtbase.dll
0x00007ff9e1c90000 - 0x00007ff9e1ca7000 	c:\Users\TSAYEM\.vscode\extensions\redhat.java-1.14.0-win32-x64\jre\17.0.5-win32-x86_64\bin\jli.dll
0x00007ff9fbb90000 - 0x00007ff9fbd31000 	C:\WINDOWS\System32\USER32.dll
0x00007ff9f9dd0000 - 0x00007ff9f9df2000 	C:\WINDOWS\System32\win32u.dll
0x00007ff9faa90000 - 0x00007ff9faabb000 	C:\WINDOWS\System32\GDI32.dll
0x00007ff9f9cc0000 - 0x00007ff9f9dcf000 	C:\WINDOWS\System32\gdi32full.dll
0x00007ff9f9f60000 - 0x00007ff9f9ffd000 	C:\WINDOWS\System32\msvcp_win.dll
0x00007ff9e1c20000 - 0x00007ff9e1c39000 	c:\Users\TSAYEM\.vscode\extensions\redhat.java-1.14.0-win32-x64\jre\17.0.5-win32-x86_64\bin\VCRUNTIME140.dll
0x00007ff9eadb0000 - 0x00007ff9eb04a000 	C:\WINDOWS\WinSxS\amd64_microsoft.windows.common-controls_6595b64144ccf1df_6.0.19041.1110_none_60b5254171f9507e\COMCTL32.dll
0x00007ff9fa9d0000 - 0x00007ff9faa6e000 	C:\WINDOWS\System32\msvcrt.dll
0x00007ff9fa990000 - 0x00007ff9fa9c2000 	C:\WINDOWS\System32\IMM32.DLL
0x00007ff9ec450000 - 0x00007ff9ec45c000 	c:\Users\TSAYEM\.vscode\extensions\redhat.java-1.14.0-win32-x64\jre\17.0.5-win32-x86_64\bin\vcruntime140_1.dll
0x00007ff9c7a20000 - 0x00007ff9c7ab1000 	c:\Users\TSAYEM\.vscode\extensions\redhat.java-1.14.0-win32-x64\jre\17.0.5-win32-x86_64\bin\msvcp140.dll
0x00007ff9994b0000 - 0x00007ff99a0f4000 	c:\Users\TSAYEM\.vscode\extensions\redhat.java-1.14.0-win32-x64\jre\17.0.5-win32-x86_64\bin\server\jvm.dll
0x00007ff9fa700000 - 0x00007ff9fa7ae000 	C:\WINDOWS\System32\ADVAPI32.dll
0x00007ff9fa8f0000 - 0x00007ff9fa98c000 	C:\WINDOWS\System32\sechost.dll
0x00007ff9fa7b0000 - 0x00007ff9fa8d5000 	C:\WINDOWS\System32\RPCRT4.dll
0x00007ff9e6cb0000 - 0x00007ff9e6cb9000 	C:\WINDOWS\SYSTEM32\WSOCK32.dll
0x00007ff9fb040000 - 0x00007ff9fb0ab000 	C:\WINDOWS\System32\WS2_32.dll
0x00007ff9ebda0000 - 0x00007ff9ebdc7000 	C:\WINDOWS\SYSTEM32\WINMM.dll
0x00007ff9ee830000 - 0x00007ff9ee83a000 	C:\WINDOWS\SYSTEM32\VERSION.dll
0x00007ff9f7aa0000 - 0x00007ff9f7ab2000 	C:\WINDOWS\SYSTEM32\kernel.appcore.dll
0x00007ff9ebae0000 - 0x00007ff9ebaea000 	c:\Users\TSAYEM\.vscode\extensions\redhat.java-1.14.0-win32-x64\jre\17.0.5-win32-x86_64\bin\jimage.dll
0x00007ff9e57d0000 - 0x00007ff9e59b4000 	C:\WINDOWS\SYSTEM32\DBGHELP.DLL
0x00007ff9ebb20000 - 0x00007ff9ebb55000 	C:\WINDOWS\SYSTEM32\dbgcore.DLL
0x00007ff9fa4e0000 - 0x00007ff9fa562000 	C:\WINDOWS\System32\bcryptPrimitives.dll
0x00007ff9ec2d0000 - 0x00007ff9ec2de000 	c:\Users\TSAYEM\.vscode\extensions\redhat.java-1.14.0-win32-x64\jre\17.0.5-win32-x86_64\bin\instrument.dll
0x00007ff9ec2a0000 - 0x00007ff9ec2c5000 	c:\Users\TSAYEM\.vscode\extensions\redhat.java-1.14.0-win32-x64\jre\17.0.5-win32-x86_64\bin\java.dll
0x00007ff9ec090000 - 0x00007ff9ec0a8000 	c:\Users\TSAYEM\.vscode\extensions\redhat.java-1.14.0-win32-x64\jre\17.0.5-win32-x86_64\bin\zip.dll
0x00007ff9fb3e0000 - 0x00007ff9fbb24000 	C:\WINDOWS\System32\SHELL32.dll
0x00007ff9f7ca0000 - 0x00007ff9f8432000 	C:\WINDOWS\SYSTEM32\windows.storage.dll
0x00007ff9faac0000 - 0x00007ff9fae15000 	C:\WINDOWS\System32\combase.dll
0x00007ff9f95a0000 - 0x00007ff9f95d0000 	C:\WINDOWS\SYSTEM32\Wldp.dll
0x00007ff9fb260000 - 0x00007ff9fb30d000 	C:\WINDOWS\System32\SHCORE.dll
0x00007ff9fbb30000 - 0x00007ff9fbb85000 	C:\WINDOWS\System32\shlwapi.dll
0x00007ff9f9b60000 - 0x00007ff9f9b7f000 	C:\WINDOWS\SYSTEM32\profapi.dll
0x00007ff9e1650000 - 0x00007ff9e1669000 	C:\Users\TSAYEM\.vscode\extensions\redhat.java-1.14.0-win32-x64\jre\17.0.5-win32-x86_64\bin\net.dll
0x00007ff9f3980000 - 0x00007ff9f3a8c000 	C:\WINDOWS\SYSTEM32\WINHTTP.dll
0x00007ff9f9380000 - 0x00007ff9f93ea000 	C:\WINDOWS\system32\mswsock.dll
0x00007ff9e1620000 - 0x00007ff9e1635000 	C:\Users\TSAYEM\.vscode\extensions\redhat.java-1.14.0-win32-x64\jre\17.0.5-win32-x86_64\bin\nio.dll
0x00007ff9ec290000 - 0x00007ff9ec2a0000 	c:\Users\TSAYEM\.vscode\extensions\redhat.java-1.14.0-win32-x64\jre\17.0.5-win32-x86_64\bin\verify.dll
0x00007ff9d9210000 - 0x00007ff9d924e000 	C:\Users\TSAYEM\AppData\Roaming\Code\User\globalStorage\redhat.java\1.14.0\config_win\org.eclipse.equinox.launcher\org.eclipse.equinox.launcher.win32.win32.x86_64_1.2.700.v20221108-1024\eclipse_11801.dll
0x00007ff9fae20000 - 0x00007ff9faf4a000 	C:\WINDOWS\System32\ole32.dll

dbghelp: loaded successfully - version: 4.0.5 - missing functions: none
symbol engine: initialized successfully - sym options: 0x614 - pdb path: .;c:\Users\TSAYEM\.vscode\extensions\redhat.java-1.14.0-win32-x64\jre\17.0.5-win32-x86_64\bin;C:\WINDOWS\SYSTEM32;C:\WINDOWS\WinSxS\amd64_microsoft.windows.common-controls_6595b64144ccf1df_6.0.19041.1110_none_60b5254171f9507e;c:\Users\TSAYEM\.vscode\extensions\redhat.java-1.14.0-win32-x64\jre\17.0.5-win32-x86_64\bin\server;C:\Users\TSAYEM\AppData\Roaming\Code\User\globalStorage\redhat.java\1.14.0\config_win\org.eclipse.equinox.launcher\org.eclipse.equinox.launcher.win32.win32.x86_64_1.2.700.v20221108-1024

VM Arguments:
jvm_args: --add-modules=ALL-SYSTEM --add-opens=java.base/java.util=ALL-UNNAMED --add-opens=java.base/java.lang=ALL-UNNAMED --add-opens=java.base/sun.nio.fs=ALL-UNNAMED -Declipse.application=org.eclipse.jdt.ls.core.id1 -Dosgi.bundles.defaultStartLevel=4 -Declipse.product=org.eclipse.jdt.ls.core.product -Djava.import.generatesMetadataFilesAtProjectRoot=false -Dfile.encoding=utf8 -XX:+UseParallelGC -XX:GCTimeRatio=4 -XX:AdaptiveSizePolicyWeight=90 -Dsun.zip.disableMemoryMapping=true -Xmx1G -Xms100m -Xlog:disable -javaagent:c:\Users\TSAYEM\.vscode\extensions\redhat.java-1.14.0-win32-x64\lombok\lombok-1.18.24.jar -XX:+HeapDumpOnOutOfMemoryError -XX:HeapDumpPath=c:\Users\TSAYEM\AppData\Roaming\Code\User\workspaceStorage\34b13347db8fab4b15f6ff554861a99e\redhat.java 
java_command: c:\Users\TSAYEM\.vscode\extensions\redhat.java-1.14.0-win32-x64\server\plugins\org.eclipse.equinox.launcher_1.6.400.v20210924-0641.jar -configuration c:\Users\TSAYEM\AppData\Roaming\Code\User\globalStorage\redhat.java\1.14.0\config_win -data c:\Users\TSAYEM\AppData\Roaming\Code\User\workspaceStorage\34b13347db8fab4b15f6ff554861a99e\redhat.java\jdt_ws
java_class_path (initial): c:\Users\TSAYEM\.vscode\extensions\redhat.java-1.14.0-win32-x64\server\plugins\org.eclipse.equinox.launcher_1.6.400.v20210924-0641.jar
Launcher Type: SUN_STANDARD

[Global flags]
    uintx AdaptiveSizePolicyWeight                 = 90                                        {product} {command line}
     intx CICompilerCount                          = 3                                         {product} {ergonomic}
    uintx GCTimeRatio                              = 4                                         {product} {command line}
     bool HeapDumpOnOutOfMemoryError               = true                                   {manageable} {command line}
    ccstr HeapDumpPath                             = c:\Users\TSAYEM\AppData\Roaming\Code\User\workspaceStorage\34b13347db8fab4b15f6ff554861a99e\redhat.java         {manageable} {command line}
   size_t InitialHeapSize                          = 104857600                                 {product} {command line}
   size_t MaxHeapSize                              = 1073741824                                {product} {command line}
   size_t MaxNewSize                               = 357564416                                 {product} {ergonomic}
   size_t MinHeapDeltaBytes                        = 524288                                    {product} {ergonomic}
   size_t MinHeapSize                              = 104857600                                 {product} {command line}
   size_t NewSize                                  = 34603008                                  {product} {ergonomic}
    uintx NonNMethodCodeHeapSize                   = 5832780                                {pd product} {ergonomic}
    uintx NonProfiledCodeHeapSize                  = 122912730                              {pd product} {ergonomic}
   size_t OldSize                                  = 70254592                                  {product} {ergonomic}
    uintx ProfiledCodeHeapSize                     = 122912730                              {pd product} {ergonomic}
    uintx ReservedCodeCacheSize                    = 251658240                              {pd product} {ergonomic}
     bool SegmentedCodeCache                       = true                                      {product} {ergonomic}
   size_t SoftMaxHeapSize                          = 1073741824                             {manageable} {ergonomic}
     bool UseCompressedClassPointers               = true                           {product lp64_product} {ergonomic}
     bool UseCompressedOops                        = true                           {product lp64_product} {ergonomic}
     bool UseLargePagesIndividualAllocation        = false                                  {pd product} {ergonomic}
     bool UseParallelGC                            = true                                      {product} {command line}

Logging:
Log output configuration:
 #0: stdout all=off uptime,level,tags
 #1: stderr all=off uptime,level,tags

Environment Variables:
JAVA_HOME=C:\Program Files\Java\jdk-11.0.16.1
PATH=C:\Program Files\Common Files\Oracle\Java\javapath;C:\Program Files\Microsoft\jdk-11.0.12.7-hotspot\bin;C:\WINDOWS\system32;C:\WINDOWS;C:\WINDOWS\System32\Wbem;C:\WINDOWS\System32\WindowsPowerShell\v1.0\;C:\WINDOWS\System32\OpenSSH\;C:\Program Files (x86)\IncrediBuild;C:\Program Files\Git\cmd;C:\Users\TSAYEM\AppData\Local\Microsoft\WindowsApps;C:\Users\TSAYEM\AppData\Local\Programs\Microsoft VS Code\bin;G:\ARMEL\flutter_windows_3.0.0-stable\flutter\bin;C:\Program Files\Common Files\Oracle\Java\javapath;C:\Program Files\Microsoft\jdk-11.0.12.7-hotspot\bin;C:\Program Files (x86)\java\bin;
USERNAME=TSAYEM
OS=Windows_NT
PROCESSOR_IDENTIFIER=Intel64 Family 6 Model 42 Stepping 7, GenuineIntel
TMP=C:\Users\TSAYEM\AppData\Local\Temp
TEMP=C:\Users\TSAYEM\AppData\Local\Temp



---------------  S Y S T E M  ---------------

OS:
 Windows 10 , 64 bit Build 19041 (10.0.19041.2364)
OS uptime: 0 days 1:28 hours
Hyper-V role detected

CPU: total 4 (initial active 4) (2 cores per cpu, 2 threads per core) family 6 model 42 stepping 7 microcode 0x2f, cx8, cmov, fxsr, ht, mmx, sse, sse2, sse3, ssse3, sse4.1, sse4.2, popcnt, tsc, tscinvbit, avx, aes, clmul, vzeroupper, clflush, hv

Memory: 4k page, system-wide physical 3982M (451M free)
TotalPageFile size 7349M (AvailPageFile size 0M)
current process WorkingSet (physical memory assigned to process): 115M, peak: 115M
current process commit charge ("private bytes"): 209M, peak: 209M

vm_info: OpenJDK 64-Bit Server VM (17.0.5+8) for windows-amd64 JRE (17.0.5+8), built on Oct 19 2022 04:48:13 by "temurin" with MS VC++ 16.7 (VS2019)

END.
