#
# There is insufficient memory for the Java Runtime Environment to continue.
# Native memory allocation (mmap) failed to map 65536 bytes for Failed to commit metaspace.
# Possible reasons:
#   The system is out of physical RAM or swap space
#   The process is running with CompressedOops enabled, and the Java Heap may be blocking the growth of the native heap
# Possible solutions:
#   Reduce memory load on the system
#   Increase physical memory or swap space
#   Check if swap backing store is full
#   Decrease Java heap size (-Xmx/-Xms)
#   Decrease number of Java threads
#   Decrease Java thread stack sizes (-Xss)
#   Set larger code cache with -XX:ReservedCodeCacheSize=
#   JVM is running with Unscaled Compressed Oops mode in which the Java heap is
#     placed in the first 4GB address space. The Java Heap base address is the
#     maximum limit for the native heap growth. Please use -XX:HeapBaseMinAddress
#     to set the Java Heap base and to place the Java Heap above 4GB virtual address.
# This output file may be truncated or incomplete.
#
#  Out of Memory Error (virtualSpaceNode.cpp:110), pid=7340, tid=11756
#
# JRE version: OpenJDK Runtime Environment Temurin-17.0.5+8 (17.0.5+8) (build 17.0.5+8)
# Java VM: OpenJDK 64-Bit Server VM Temurin-17.0.5+8 (17.0.5+8, mixed mode, tiered, compressed oops, compressed class ptrs, parallel gc, windows-amd64)
# No core dump will be written. Minidumps are not enabled by default on client versions of Windows
#

---------------  S U M M A R Y ------------

Command Line: --add-modules=ALL-SYSTEM --add-opens=java.base/java.util=ALL-UNNAMED --add-opens=java.base/java.lang=ALL-UNNAMED --add-opens=java.base/sun.nio.fs=ALL-UNNAMED -Declipse.application=org.eclipse.jdt.ls.core.id1 -Dosgi.bundles.defaultStartLevel=4 -Declipse.product=org.eclipse.jdt.ls.core.product -Djava.import.generatesMetadataFilesAtProjectRoot=false -Dfile.encoding=utf8 -XX:+UseParallelGC -XX:GCTimeRatio=4 -XX:AdaptiveSizePolicyWeight=90 -Dsun.zip.disableMemoryMapping=true -Xmx1G -Xms100m -Xlog:disable -javaagent:c:\Users\TSAYEM\.vscode\extensions\redhat.java-1.14.0-win32-x64\lombok\lombok-1.18.24.jar -XX:+HeapDumpOnOutOfMemoryError -XX:HeapDumpPath=c:\Users\TSAYEM\AppData\Roaming\Code\User\workspaceStorage\34b13347db8fab4b15f6ff554861a99e\redhat.java c:\Users\TSAYEM\.vscode\extensions\redhat.java-1.14.0-win32-x64\server\plugins\org.eclipse.equinox.launcher_1.6.400.v20210924-0641.jar -configuration c:\Users\TSAYEM\AppData\Roaming\Code\User\globalStorage\redhat.java\1.14.0\config_win -data c:\Users\TSAYEM\AppData\Roaming\Code\User\workspaceStorage\34b13347db8fab4b15f6ff554861a99e\redhat.java\jdt_ws

Host: Intel(R) Core(TM) i5-2467M CPU @ 1.60GHz, 4 cores, 3G,  Windows 10 , 64 bit Build 19041 (10.0.19041.2364)
Time: Tue Jan 31 11:06:59 2023 Afr. centrale Ouest elapsed time: 2.101780 seconds (0d 0h 0m 2s)

---------------  T H R E A D  ---------------

Current thread (0x00000235d468c6c0):  JavaThread "main" [_thread_in_vm, id=11756, stack(0x000000bc37300000,0x000000bc37400000)]

Stack: [0x000000bc37300000,0x000000bc37400000]
Native frames: (J=compiled Java code, j=interpreted, Vv=VM code, C=native code)
V  [jvm.dll+0x676b3a]
V  [jvm.dll+0x831444]
V  [jvm.dll+0x832bee]
V  [jvm.dll+0x833253]
V  [jvm.dll+0x244ce5]
V  [jvm.dll+0x82d4db]
V  [jvm.dll+0x61b2f6]
V  [jvm.dll+0x61b35a]
V  [jvm.dll+0x61db7a]
V  [jvm.dll+0x61bc96]
V  [jvm.dll+0x23937f]
V  [jvm.dll+0x625af5]
V  [jvm.dll+0x1e99bb]
V  [jvm.dll+0x1e9ef5]
V  [jvm.dll+0x1ea92f]
V  [jvm.dll+0x1dfdd1]
V  [jvm.dll+0x53be30]
V  [jvm.dll+0x1f05a7]
V  [jvm.dll+0x7ab9db]
V  [jvm.dll+0x7acd82]
V  [jvm.dll+0x7ad519]
V  [jvm.dll+0x1eabe4]
V  [jvm.dll+0x1dfdea]
V  [jvm.dll+0x53be30]
V  [jvm.dll+0x1f05a7]
V  [jvm.dll+0x7ab9db]
V  [jvm.dll+0x7acd82]
V  [jvm.dll+0x7ad0b8]
V  [jvm.dll+0x23d0ee]
V  [jvm.dll+0x37e55e]
C  0x00000235d733aeae

Java frames: (J=compiled Java code, j=interpreted, Vv=VM code)
j  sun.util.calendar.CalendarSystem$GregorianHolder.<clinit>()V+0 java.base@17.0.5
v  ~StubRoutines::call_stub
j  sun.util.calendar.CalendarSystem.getGregorianCalendar()Lsun/util/calendar/Gregorian;+0 java.base@17.0.5
j  sun.security.util.DerValue.getTimeInternal(Z)Ljava/util/Date;+752 java.base@17.0.5
j  sun.security.util.DerValue.getUTCTime()Ljava/util/Date;+95 java.base@17.0.5
j  sun.security.util.DerInputStream.getUTCTime()Ljava/util/Date;+4 java.base@17.0.5
j  sun.security.x509.CertificateValidity.construct(Lsun/security/util/DerValue;)V+89 java.base@17.0.5
j  sun.security.x509.CertificateValidity.<init>(Lsun/security/util/DerInputStream;)V+11 java.base@17.0.5
j  sun.security.x509.X509CertInfo.parse(Lsun/security/util/DerValue;)V+126 java.base@17.0.5
j  sun.security.x509.X509CertInfo.<init>(Lsun/security/util/DerValue;)V+67 java.base@17.0.5
j  sun.security.x509.X509CertImpl.parse(Lsun/security/util/DerValue;)V+228 java.base@17.0.5
j  sun.security.x509.X509CertImpl.<init>([B)V+50 java.base@17.0.5
j  sun.security.provider.X509Factory.engineGenerateCertificate(Ljava/io/InputStream;)Ljava/security/cert/Certificate;+54 java.base@17.0.5
j  java.security.cert.CertificateFactory.generateCertificate(Ljava/io/InputStream;)Ljava/security/cert/Certificate;+5 java.base@17.0.5
j  sun.security.pkcs.PKCS7.parseSignedData(Lsun/security/util/DerValue;)V+264 java.base@17.0.5
j  sun.security.pkcs.PKCS7.parse(Lsun/security/util/DerInputStream;Z)V+40 java.base@17.0.5
j  sun.security.pkcs.PKCS7.parse(Lsun/security/util/DerInputStream;)V+11 java.base@17.0.5
j  sun.security.pkcs.PKCS7.<init>([B)V+50 java.base@17.0.5
j  sun.security.util.SignatureFileVerifier.<init>(Ljava/util/ArrayList;Lsun/security/util/ManifestDigester;Ljava/lang/String;[B)V+40 java.base@17.0.5
j  java.util.jar.JarVerifier.processEntry(Lsun/security/util/ManifestEntryVerifier;)V+322 java.base@17.0.5
j  java.util.jar.JarVerifier.update(I[BIILsun/security/util/ManifestEntryVerifier;)V+39 java.base@17.0.5
j  java.util.jar.JarFile.initializeVerifier()V+163 java.base@17.0.5
j  java.util.jar.JarFile.ensureInitialization()V+41 java.base@17.0.5
j  java.util.jar.JavaUtilJarAccessImpl.ensureInitialization(Ljava/util/jar/JarFile;)V+1 java.base@17.0.5
j  jdk.internal.loader.URLClassPath$JarLoader$2.getManifest()Ljava/util/jar/Manifest;+10 java.base@17.0.5
j  jdk.internal.loader.BuiltinClassLoader.defineClass(Ljava/lang/String;Ljdk/internal/loader/Resource;)Ljava/lang/Class;+29 java.base@17.0.5
j  jdk.internal.loader.BuiltinClassLoader.findClassOnClassPathOrNull(Ljava/lang/String;)Ljava/lang/Class;+37 java.base@17.0.5
j  jdk.internal.loader.BuiltinClassLoader.loadClassOrNull(Ljava/lang/String;Z)Ljava/lang/Class;+111 java.base@17.0.5
j  jdk.internal.loader.BuiltinClassLoader.loadClass(Ljava/lang/String;Z)Ljava/lang/Class;+3 java.base@17.0.5
j  jdk.internal.loader.ClassLoaders$AppClassLoader.loadClass(Ljava/lang/String;Z)Ljava/lang/Class;+36 java.base@17.0.5
j  java.lang.ClassLoader.loadClass(Ljava/lang/String;)Ljava/lang/Class;+3 java.base@17.0.5
v  ~StubRoutines::call_stub
j  java.lang.Class.forName0(Ljava/lang/String;ZLjava/lang/ClassLoader;Ljava/lang/Class;)Ljava/lang/Class;+0 java.base@17.0.5
j  java.lang.Class.forName(Ljava/lang/String;ZLjava/lang/ClassLoader;)Ljava/lang/Class;+43 java.base@17.0.5
j  sun.launcher.LauncherHelper.loadMainClass(ILjava/lang/String;)Ljava/lang/Class;+95 java.base@17.0.5
j  sun.launcher.LauncherHelper.checkAndLoadMain(ZILjava/lang/String;)Ljava/lang/Class;+42 java.base@17.0.5
v  ~StubRoutines::call_stub

---------------  P R O C E S S  ---------------

Threads class SMR info:
_java_thread_list=0x00000235ea1ecf70, length=12, elements={
0x00000235d468c6c0, 0x00000235e84a05d0, 0x00000235e84a2e30, 0x00000235e84bc2e0,
0x00000235e84dae10, 0x00000235e84db7c0, 0x00000235e84dc170, 0x00000235e84dcf00,
0x00000235e851e9f0, 0x00000235e9f36820, 0x00000235ea01e390, 0x00000235ea1d8b60
}

Java Threads: ( => current thread )
=>0x00000235d468c6c0 JavaThread "main" [_thread_in_vm, id=11756, stack(0x000000bc37300000,0x000000bc37400000)]
  0x00000235e84a05d0 JavaThread "Reference Handler" daemon [_thread_blocked, id=13672, stack(0x000000bc37600000,0x000000bc37700000)]
  0x00000235e84a2e30 JavaThread "Finalizer" daemon [_thread_blocked, id=10508, stack(0x000000bc37700000,0x000000bc37800000)]
  0x00000235e84bc2e0 JavaThread "Signal Dispatcher" daemon [_thread_blocked, id=14280, stack(0x000000bc37800000,0x000000bc37900000)]
  0x00000235e84dae10 JavaThread "Attach Listener" daemon [_thread_blocked, id=4836, stack(0x000000bc37900000,0x000000bc37a00000)]
  0x00000235e84db7c0 JavaThread "Service Thread" daemon [_thread_blocked, id=8776, stack(0x000000bc37a00000,0x000000bc37b00000)]
  0x00000235e84dc170 JavaThread "Monitor Deflation Thread" daemon [_thread_blocked, id=13004, stack(0x000000bc37b00000,0x000000bc37c00000)]
  0x00000235e84dcf00 JavaThread "C2 CompilerThread0" daemon [_thread_blocked, id=8828, stack(0x000000bc37c00000,0x000000bc37d00000)]
  0x00000235e851e9f0 JavaThread "C1 CompilerThread0" daemon [_thread_blocked, id=7568, stack(0x000000bc37d00000,0x000000bc37e00000)]
  0x00000235e9f36820 JavaThread "Sweeper thread" daemon [_thread_blocked, id=11444, stack(0x000000bc37e00000,0x000000bc37f00000)]
  0x00000235ea01e390 JavaThread "Common-Cleaner" daemon [_thread_blocked, id=8004, stack(0x000000bc37f00000,0x000000bc38000000)]
  0x00000235ea1d8b60 JavaThread "Notification Thread" daemon [_thread_blocked, id=13140, stack(0x000000bc38000000,0x000000bc38100000)]

Other Threads:
  0x00000235e8490cb0 VMThread "VM Thread" [stack: 0x000000bc37500000,0x000000bc37600000] [id=9348]
  0x00000235ea1d9030 WatcherThread [stack: 0x000000bc38100000,0x000000bc38200000] [id=3796]
  0x00000235d46a2830 GCTaskThread "GC Thread#0" [stack: 0x000000bc37400000,0x000000bc37500000] [id=13508]

Threads with active compile tasks:

VM state: not at safepoint (normal execution)

VM Mutex/Monitor currently owned by a thread:  ([mutex/lock_event])
[0x00000235d4686ed0] Metaspace_lock - owner thread: 0x00000235d468c6c0

Heap address: 0x00000000c0000000, size: 1024 MB, Compressed Oops mode: 32-bit

CDS archive(s) not mapped
Compressed class space mapped at: 0x0000000100000000-0x0000000140000000, reserved size: 1073741824
Narrow klass base: 0x0000000000000000, Narrow klass shift: 3, Narrow klass range: 0x140000000

GC Precious Log:
 CPUs: 4 total, 4 available
 Memory: 3982M
 Large Page Support: Disabled
 NUMA Support: Disabled
 Compressed Oops: Enabled (32-bit)
 Alignments: Space 512K, Generation 512K, Heap 2M
 Heap Min Capacity: 100M
 Heap Initial Capacity: 100M
 Heap Max Capacity: 1G
 Pre-touch: Disabled
 Parallel Workers: 4

Heap:
 PSYoungGen      total 29696K, used 8995K [0x00000000eab00000, 0x00000000ecc00000, 0x0000000100000000)
  eden space 25600K, 35% used [0x00000000eab00000,0x00000000eb3c8e28,0x00000000ec400000)
  from space 4096K, 0% used [0x00000000ec800000,0x00000000ec800000,0x00000000ecc00000)
  to   space 4096K, 0% used [0x00000000ec400000,0x00000000ec400000,0x00000000ec800000)
 ParOldGen       total 68608K, used 0K [0x00000000c0000000, 0x00000000c4300000, 0x00000000eab00000)
  object space 68608K, 0% used [0x00000000c0000000,0x00000000c0000000,0x00000000c4300000)
 Metaspace       used 7004K, committed 7104K, reserved 1056768K
  class space    used 676K, committed 768K, reserved 1048576K

Card table byte_map: [0x00000235d4070000,0x00000235d4280000] _byte_map_base: 0x00000235d3a70000

Marking Bits: (ParMarkBitMap*) 0x00007ff9bd500dd0
 Begin Bits: [0x00000235e6320000, 0x00000235e7320000)
 End Bits:   [0x00000235e7320000, 0x00000235e8320000)

Polling page: 0x00000235d3e60000

Metaspace:

Usage:
  Non-class:      6.18 MB used.
      Class:    676.40 KB used.
       Both:      6.84 MB used.

Virtual space:
  Non-class space:        8.00 MB reserved,       6.19 MB ( 77%) committed,  1 nodes.
      Class space:        1.00 GB reserved,     768.00 KB ( <1%) committed,  1 nodes.
             Both:        1.01 GB reserved,       6.94 MB ( <1%) committed. 

Chunk freelists:
   Non-Class:  1.00 MB
       Class:  3.22 MB
        Both:  4.22 MB

MaxMetaspaceSize: unlimited
CompressedClassSpaceSize: 1.00 GB
Initial GC threshold: 21.00 MB
Current GC threshold: 21.00 MB
CDS: off
MetaspaceReclaimPolicy: balanced
 - commit_granule_bytes: 65536.
 - commit_granule_words: 8192.
 - virtual_space_node_default_size: 1048576.
 - enlarge_chunks_in_place: 1.
 - new_chunks_are_fully_committed: 0.
 - uncommit_free_chunks: 1.
 - use_allocation_guard: 0.
 - handle_deallocations: 1.


Internal statistics:

num_allocs_failed_limit: 0.
num_arena_births: 10.
num_arena_deaths: 0.
num_vsnodes_births: 2.
num_vsnodes_deaths: 0.
num_space_committed: 111.
num_space_uncommitted: 0.
num_chunks_returned_to_freelist: 0.
num_chunks_taken_from_freelist: 37.
num_chunk_merges: 0.
num_chunk_splits: 20.
num_chunks_enlarged: 16.
num_purges: 0.
num_inconsistent_stats: 0.

CodeHeap 'non-profiled nmethods': size=120000Kb used=128Kb max_used=128Kb free=119871Kb
 bounds [0x00000235dedf0000, 0x00000235df060000, 0x00000235e6320000]
CodeHeap 'profiled nmethods': size=120000Kb used=602Kb max_used=602Kb free=119397Kb
 bounds [0x00000235d78c0000, 0x00000235d7b30000, 0x00000235dedf0000]
CodeHeap 'non-nmethods': size=5760Kb used=1104Kb max_used=1119Kb free=4655Kb
 bounds [0x00000235d7320000, 0x00000235d7590000, 0x00000235d78c0000]
 total_blobs=822 nmethods=436 adapters=301
 compilation: enabled
              stopped_count=0, restarted_count=0
 full_count=0

Compilation events (20 events):
Event: 2.036 Thread 0x00000235e851e9f0  427       3       java.lang.Integer::parseInt (264 bytes)
Event: 2.041 Thread 0x00000235e851e9f0 nmethod 427 0x00000235d7951590 code [0x00000235d7951a20, 0x00000235d79537d8]
Event: 2.041 Thread 0x00000235e851e9f0  428       3       java.lang.Integer::parseInt (7 bytes)
Event: 2.042 Thread 0x00000235e851e9f0 nmethod 428 0x00000235d7954410 code [0x00000235d79545a0, 0x00000235d79546c8]
Event: 2.042 Thread 0x00000235e851e9f0  429       3       sun.security.util.ObjectIdentifier::checkOidSize (86 bytes)
Event: 2.044 Thread 0x00000235e851e9f0 nmethod 429 0x00000235d7954790 code [0x00000235d7954aa0, 0x00000235d7955828]
Event: 2.053 Thread 0x00000235e851e9f0  430       1       sun.instrument.TransformerManager::getSnapshotTransformerList (5 bytes)
Event: 2.053 Thread 0x00000235e851e9f0 nmethod 430 0x00000235dee0f210 code [0x00000235dee0f3a0, 0x00000235dee0f478]
Event: 2.054 Thread 0x00000235e851e9f0  431       1       sun.instrument.TransformerManager$TransformerInfo::transformer (5 bytes)
Event: 2.054 Thread 0x00000235e851e9f0 nmethod 431 0x00000235dee0f510 code [0x00000235dee0f6a0, 0x00000235dee0f778]
Event: 2.058 Thread 0x00000235e84dcf00  432       4       java.util.Collections$UnmodifiableCollection$1::hasNext (10 bytes)
Event: 2.060 Thread 0x00000235e84dcf00 nmethod 432 0x00000235dee0f810 code [0x00000235dee0f9a0, 0x00000235dee0fa58]
Event: 2.061 Thread 0x00000235e851e9f0  434       3       sun.security.util.ObjectIdentifier::pack7Oid (84 bytes)
Event: 2.061 Thread 0x00000235e851e9f0 nmethod 434 0x00000235d7955d90 code [0x00000235d7955f60, 0x00000235d79562b8]
Event: 2.061 Thread 0x00000235e851e9f0  433       3       sun.security.util.ObjectIdentifier::pack7Oid (42 bytes)
Event: 2.062 Thread 0x00000235e851e9f0 nmethod 433 0x00000235d7956490 code [0x00000235d7956640, 0x00000235d7956828]
Event: 2.064 Thread 0x00000235e84dcf00  435       4       java.util.ArrayList$Itr::hasNext (20 bytes)
Event: 2.065 Thread 0x00000235e84dcf00 nmethod 435 0x00000235dee0fb10 code [0x00000235dee0fc80, 0x00000235dee0fd18]
Event: 2.065 Thread 0x00000235e84dcf00  436       4       java.util.HashMap$HashIterator::<init> (79 bytes)
Event: 2.076 Thread 0x00000235e84dcf00 nmethod 436 0x00000235dee0fe10 code [0x00000235dee0ffa0, 0x00000235dee10278]

GC Heap History (0 events):
No events

Dll operation events (8 events):
Event: 0.020 Loaded shared library c:\Users\TSAYEM\.vscode\extensions\redhat.java-1.14.0-win32-x64\jre\17.0.5-win32-x86_64\bin\java.dll
Event: 1.015 Loaded shared library c:\Users\TSAYEM\.vscode\extensions\redhat.java-1.14.0-win32-x64\jre\17.0.5-win32-x86_64\bin\zip.dll
Event: 1.025 Loaded shared library C:\Users\TSAYEM\.vscode\extensions\redhat.java-1.14.0-win32-x64\jre\17.0.5-win32-x86_64\bin\instrument.dll
Event: 1.133 Loaded shared library C:\Users\TSAYEM\.vscode\extensions\redhat.java-1.14.0-win32-x64\jre\17.0.5-win32-x86_64\bin\net.dll
Event: 1.138 Loaded shared library C:\Users\TSAYEM\.vscode\extensions\redhat.java-1.14.0-win32-x64\jre\17.0.5-win32-x86_64\bin\nio.dll
Event: 1.165 Loaded shared library C:\Users\TSAYEM\.vscode\extensions\redhat.java-1.14.0-win32-x64\jre\17.0.5-win32-x86_64\bin\zip.dll
Event: 1.234 Loaded shared library C:\Users\TSAYEM\.vscode\extensions\redhat.java-1.14.0-win32-x64\jre\17.0.5-win32-x86_64\bin\jimage.dll
Event: 1.476 Loaded shared library c:\Users\TSAYEM\.vscode\extensions\redhat.java-1.14.0-win32-x64\jre\17.0.5-win32-x86_64\bin\verify.dll

Deoptimization events (20 events):
Event: 1.819 Thread 0x00000235d468c6c0 Uncommon trap: trap_request=0xffffff45 fr.pc=0x00000235dedfca4c relative=0x00000000000004ec
Event: 1.819 Thread 0x00000235d468c6c0 Uncommon trap: reason=unstable_if action=reinterpret pc=0x00000235dedfca4c method=java.util.HashMap.putVal(ILjava/lang/Object;Ljava/lang/Object;ZZ)Ljava/lang/Object; @ 69 c2
Event: 1.819 Thread 0x00000235d468c6c0 DEOPT PACKING pc=0x00000235dedfca4c sp=0x000000bc373fd1c0
Event: 1.819 Thread 0x00000235d468c6c0 DEOPT UNPACKING pc=0x00000235d73720a3 sp=0x000000bc373fd130 mode 2
Event: 1.893 Thread 0x00000235d468c6c0 Uncommon trap: trap_request=0xffffff45 fr.pc=0x00000235dedff0f4 relative=0x0000000000000074
Event: 1.893 Thread 0x00000235d468c6c0 Uncommon trap: reason=unstable_if action=reinterpret pc=0x00000235dedff0f4 method=java.lang.String.isLatin1()Z @ 10 c2
Event: 1.894 Thread 0x00000235d468c6c0 DEOPT PACKING pc=0x00000235dedff0f4 sp=0x000000bc373fece0
Event: 1.894 Thread 0x00000235d468c6c0 DEOPT UNPACKING pc=0x00000235d73720a3 sp=0x000000bc373fec20 mode 2
Event: 1.900 Thread 0x00000235d468c6c0 DEOPT PACKING pc=0x00000235d7906356 sp=0x000000bc373fec90
Event: 1.900 Thread 0x00000235d468c6c0 DEOPT UNPACKING pc=0x00000235d7372843 sp=0x000000bc373fe130 mode 0
Event: 1.926 Thread 0x00000235d468c6c0 DEOPT PACKING pc=0x00000235d78dab13 sp=0x000000bc373fc700
Event: 1.926 Thread 0x00000235d468c6c0 DEOPT UNPACKING pc=0x00000235d7372843 sp=0x000000bc373fbbc0 mode 0
Event: 1.933 Thread 0x00000235d468c6c0 DEOPT PACKING pc=0x00000235d78dab13 sp=0x000000bc373fafe0
Event: 1.933 Thread 0x00000235d468c6c0 DEOPT UNPACKING pc=0x00000235d7372843 sp=0x000000bc373fa4a0 mode 0
Event: 1.936 Thread 0x00000235d468c6c0 DEOPT PACKING pc=0x00000235d78dab13 sp=0x000000bc373fa340
Event: 1.936 Thread 0x00000235d468c6c0 DEOPT UNPACKING pc=0x00000235d7372843 sp=0x000000bc373f9800 mode 0
Event: 1.938 Thread 0x00000235d468c6c0 DEOPT PACKING pc=0x00000235d78dab13 sp=0x000000bc373fa340
Event: 1.938 Thread 0x00000235d468c6c0 DEOPT UNPACKING pc=0x00000235d7372843 sp=0x000000bc373f9800 mode 0
Event: 1.941 Thread 0x00000235d468c6c0 DEOPT PACKING pc=0x00000235d78dab13 sp=0x000000bc373fae80
Event: 1.941 Thread 0x00000235d468c6c0 DEOPT UNPACKING pc=0x00000235d7372843 sp=0x000000bc373fa340 mode 0

Classes unloaded (0 events):
No events

Classes redefined (0 events):
No events

Internal exceptions (2 events):
Event: 0.862 Thread 0x00000235d468c6c0 Exception <a 'java/lang/NoSuchMethodError'{0x00000000eacb2138}: 'void java.lang.invoke.DirectMethodHandle$Holder.invokeStatic(java.lang.Object, java.lang.Object, java.lang.Object)'> (0x00000000eacb2138) 
thrown [s\src\hotspot\share\interpreter\linkResolver.cpp, line 759]
Event: 1.581 Thread 0x00000235d468c6c0 Exception <a 'java/lang/reflect/InvocationTargetException'{0x00000000eaf78ef0}> (0x00000000eaf78ef0) 
thrown [s\src\hotspot\share\runtime\reflection.cpp, line 1121]

VM Operations (6 events):
Event: 0.909 Executing VM operation: HandshakeAllThreads
Event: 0.909 Executing VM operation: HandshakeAllThreads done
Event: 1.303 Executing VM operation: HandshakeAllThreads
Event: 1.304 Executing VM operation: HandshakeAllThreads done
Event: 1.304 Executing VM operation: Cleanup
Event: 1.304 Executing VM operation: Cleanup done

Events (20 events):
Event: 2.059 loading class sun/security/x509/X500Name
Event: 2.059 loading class sun/security/x509/GeneralNameInterface
Event: 2.060 loading class sun/security/x509/GeneralNameInterface done
Event: 2.060 loading class sun/security/x509/X500Name done
Event: 2.061 loading class sun/security/x509/X500Name$1
Event: 2.062 loading class sun/security/x509/X500Name$1 done
Event: 2.062 loading class javax/security/auth/x500/X500Principal
Event: 2.062 loading class javax/security/auth/x500/X500Principal done
Event: 2.063 loading class sun/security/x509/RDN
Event: 2.063 loading class sun/security/x509/RDN done
Event: 2.063 loading class sun/security/x509/AVA
Event: 2.064 loading class sun/security/x509/AVA done
Event: 2.077 loading class sun/security/x509/CertificateValidity
Event: 2.077 loading class sun/security/x509/CertificateValidity done
Event: 2.077 loading class sun/util/calendar/CalendarSystem
Event: 2.078 loading class sun/util/calendar/CalendarSystem done
Event: 2.078 loading class sun/util/calendar/CalendarSystem$GregorianHolder
Event: 2.078 loading class sun/util/calendar/CalendarSystem$GregorianHolder done
Event: 2.078 loading class sun/util/calendar/Gregorian
Event: 2.078 loading class sun/util/calendar/BaseCalendar


Dynamic libraries:
0x00007ff637bd0000 - 0x00007ff637bde000 	c:\Users\TSAYEM\.vscode\extensions\redhat.java-1.14.0-win32-x64\jre\17.0.5-win32-x86_64\bin\java.exe
0x00007ff9fc530000 - 0x00007ff9fc728000 	C:\WINDOWS\SYSTEM32\ntdll.dll
0x00007ff9fbd50000 - 0x00007ff9fbe0f000 	C:\WINDOWS\System32\KERNEL32.DLL
0x00007ff9fa200000 - 0x00007ff9fa4d2000 	C:\WINDOWS\System32\KERNELBASE.dll
0x00007ff9fa0b0000 - 0x00007ff9fa1b0000 	C:\WINDOWS\System32\ucrtbase.dll
0x00007ff9ed8e0000 - 0x00007ff9ed8f7000 	c:\Users\TSAYEM\.vscode\extensions\redhat.java-1.14.0-win32-x64\jre\17.0.5-win32-x86_64\bin\jli.dll
0x00007ff9fbb90000 - 0x00007ff9fbd31000 	C:\WINDOWS\System32\USER32.dll
0x00007ff9f9dd0000 - 0x00007ff9f9df2000 	C:\WINDOWS\System32\win32u.dll
0x00007ff9faa90000 - 0x00007ff9faabb000 	C:\WINDOWS\System32\GDI32.dll
0x00007ff9f9cc0000 - 0x00007ff9f9dcf000 	C:\WINDOWS\System32\gdi32full.dll
0x00007ff9f9f60000 - 0x00007ff9f9ffd000 	C:\WINDOWS\System32\msvcp_win.dll
0x00007ff9ed2a0000 - 0x00007ff9ed2b9000 	c:\Users\TSAYEM\.vscode\extensions\redhat.java-1.14.0-win32-x64\jre\17.0.5-win32-x86_64\bin\VCRUNTIME140.dll
0x00007ff9eadb0000 - 0x00007ff9eb04a000 	C:\WINDOWS\WinSxS\amd64_microsoft.windows.common-controls_6595b64144ccf1df_6.0.19041.1110_none_60b5254171f9507e\COMCTL32.dll
0x00007ff9fa9d0000 - 0x00007ff9faa6e000 	C:\WINDOWS\System32\msvcrt.dll
0x00007ff9fa990000 - 0x00007ff9fa9c2000 	C:\WINDOWS\System32\IMM32.DLL
0x00007ff9f4ca0000 - 0x00007ff9f4cac000 	c:\Users\TSAYEM\.vscode\extensions\redhat.java-1.14.0-win32-x64\jre\17.0.5-win32-x86_64\bin\vcruntime140_1.dll
0x00007ff9da800000 - 0x00007ff9da891000 	c:\Users\TSAYEM\.vscode\extensions\redhat.java-1.14.0-win32-x64\jre\17.0.5-win32-x86_64\bin\msvcp140.dll
0x00007ff9bc980000 - 0x00007ff9bd5c4000 	c:\Users\TSAYEM\.vscode\extensions\redhat.java-1.14.0-win32-x64\jre\17.0.5-win32-x86_64\bin\server\jvm.dll
0x00007ff9fa700000 - 0x00007ff9fa7ae000 	C:\WINDOWS\System32\ADVAPI32.dll
0x00007ff9fa8f0000 - 0x00007ff9fa98c000 	C:\WINDOWS\System32\sechost.dll
0x00007ff9fa7b0000 - 0x00007ff9fa8d5000 	C:\WINDOWS\System32\RPCRT4.dll
0x00007ff9e6cb0000 - 0x00007ff9e6cb9000 	C:\WINDOWS\SYSTEM32\WSOCK32.dll
0x00007ff9fb040000 - 0x00007ff9fb0ab000 	C:\WINDOWS\System32\WS2_32.dll
0x00007ff9ebda0000 - 0x00007ff9ebdc7000 	C:\WINDOWS\SYSTEM32\WINMM.dll
0x00007ff9ee830000 - 0x00007ff9ee83a000 	C:\WINDOWS\SYSTEM32\VERSION.dll
0x00007ff9f7aa0000 - 0x00007ff9f7ab2000 	C:\WINDOWS\SYSTEM32\kernel.appcore.dll
0x00007ff9f4a90000 - 0x00007ff9f4a9a000 	c:\Users\TSAYEM\.vscode\extensions\redhat.java-1.14.0-win32-x64\jre\17.0.5-win32-x86_64\bin\jimage.dll
0x00007ff9e57d0000 - 0x00007ff9e59b4000 	C:\WINDOWS\SYSTEM32\DBGHELP.DLL
0x00007ff9ebb20000 - 0x00007ff9ebb55000 	C:\WINDOWS\SYSTEM32\dbgcore.DLL
0x00007ff9fa4e0000 - 0x00007ff9fa562000 	C:\WINDOWS\System32\bcryptPrimitives.dll
0x00007ff9f2180000 - 0x00007ff9f218e000 	c:\Users\TSAYEM\.vscode\extensions\redhat.java-1.14.0-win32-x64\jre\17.0.5-win32-x86_64\bin\instrument.dll
0x00007ff9ed900000 - 0x00007ff9ed925000 	c:\Users\TSAYEM\.vscode\extensions\redhat.java-1.14.0-win32-x64\jre\17.0.5-win32-x86_64\bin\java.dll
0x00007ff9edd40000 - 0x00007ff9edd58000 	c:\Users\TSAYEM\.vscode\extensions\redhat.java-1.14.0-win32-x64\jre\17.0.5-win32-x86_64\bin\zip.dll
0x00007ff9fb3e0000 - 0x00007ff9fbb24000 	C:\WINDOWS\System32\SHELL32.dll
0x00007ff9f7ca0000 - 0x00007ff9f8432000 	C:\WINDOWS\SYSTEM32\windows.storage.dll
0x00007ff9faac0000 - 0x00007ff9fae15000 	C:\WINDOWS\System32\combase.dll
0x00007ff9f95a0000 - 0x00007ff9f95d0000 	C:\WINDOWS\SYSTEM32\Wldp.dll
0x00007ff9fb260000 - 0x00007ff9fb30d000 	C:\WINDOWS\System32\SHCORE.dll
0x00007ff9fbb30000 - 0x00007ff9fbb85000 	C:\WINDOWS\System32\shlwapi.dll
0x00007ff9f9b60000 - 0x00007ff9f9b7f000 	C:\WINDOWS\SYSTEM32\profapi.dll
0x00007ff9e1620000 - 0x00007ff9e1639000 	C:\Users\TSAYEM\.vscode\extensions\redhat.java-1.14.0-win32-x64\jre\17.0.5-win32-x86_64\bin\net.dll
0x00007ff9f3980000 - 0x00007ff9f3a8c000 	C:\WINDOWS\SYSTEM32\WINHTTP.dll
0x00007ff9f9380000 - 0x00007ff9f93ea000 	C:\WINDOWS\system32\mswsock.dll
0x00007ff9e0b60000 - 0x00007ff9e0b75000 	C:\Users\TSAYEM\.vscode\extensions\redhat.java-1.14.0-win32-x64\jre\17.0.5-win32-x86_64\bin\nio.dll
0x00007ff9f2150000 - 0x00007ff9f2160000 	c:\Users\TSAYEM\.vscode\extensions\redhat.java-1.14.0-win32-x64\jre\17.0.5-win32-x86_64\bin\verify.dll

dbghelp: loaded successfully - version: 4.0.5 - missing functions: none
symbol engine: initialized successfully - sym options: 0x614 - pdb path: .;c:\Users\TSAYEM\.vscode\extensions\redhat.java-1.14.0-win32-x64\jre\17.0.5-win32-x86_64\bin;C:\WINDOWS\SYSTEM32;C:\WINDOWS\WinSxS\amd64_microsoft.windows.common-controls_6595b64144ccf1df_6.0.19041.1110_none_60b5254171f9507e;c:\Users\TSAYEM\.vscode\extensions\redhat.java-1.14.0-win32-x64\jre\17.0.5-win32-x86_64\bin\server

VM Arguments:
jvm_args: --add-modules=ALL-SYSTEM --add-opens=java.base/java.util=ALL-UNNAMED --add-opens=java.base/java.lang=ALL-UNNAMED --add-opens=java.base/sun.nio.fs=ALL-UNNAMED -Declipse.application=org.eclipse.jdt.ls.core.id1 -Dosgi.bundles.defaultStartLevel=4 -Declipse.product=org.eclipse.jdt.ls.core.product -Djava.import.generatesMetadataFilesAtProjectRoot=false -Dfile.encoding=utf8 -XX:+UseParallelGC -XX:GCTimeRatio=4 -XX:AdaptiveSizePolicyWeight=90 -Dsun.zip.disableMemoryMapping=true -Xmx1G -Xms100m -Xlog:disable -javaagent:c:\Users\TSAYEM\.vscode\extensions\redhat.java-1.14.0-win32-x64\lombok\lombok-1.18.24.jar -XX:+HeapDumpOnOutOfMemoryError -XX:HeapDumpPath=c:\Users\TSAYEM\AppData\Roaming\Code\User\workspaceStorage\34b13347db8fab4b15f6ff554861a99e\redhat.java 
java_command: c:\Users\TSAYEM\.vscode\extensions\redhat.java-1.14.0-win32-x64\server\plugins\org.eclipse.equinox.launcher_1.6.400.v20210924-0641.jar -configuration c:\Users\TSAYEM\AppData\Roaming\Code\User\globalStorage\redhat.java\1.14.0\config_win -data c:\Users\TSAYEM\AppData\Roaming\Code\User\workspaceStorage\34b13347db8fab4b15f6ff554861a99e\redhat.java\jdt_ws
java_class_path (initial): c:\Users\TSAYEM\.vscode\extensions\redhat.java-1.14.0-win32-x64\server\plugins\org.eclipse.equinox.launcher_1.6.400.v20210924-0641.jar
Launcher Type: SUN_STANDARD

[Global flags]
    uintx AdaptiveSizePolicyWeight                 = 90                                        {product} {command line}
     intx CICompilerCount                          = 3                                         {product} {ergonomic}
    uintx GCTimeRatio                              = 4                                         {product} {command line}
     bool HeapDumpOnOutOfMemoryError               = true                                   {manageable} {command line}
    ccstr HeapDumpPath                             = c:\Users\TSAYEM\AppData\Roaming\Code\User\workspaceStorage\34b13347db8fab4b15f6ff554861a99e\redhat.java         {manageable} {command line}
   size_t InitialHeapSize                          = 104857600                                 {product} {command line}
   size_t MaxHeapSize                              = 1073741824                                {product} {command line}
   size_t MaxNewSize                               = 357564416                                 {product} {ergonomic}
   size_t MinHeapDeltaBytes                        = 524288                                    {product} {ergonomic}
   size_t MinHeapSize                              = 104857600                                 {product} {command line}
   size_t NewSize                                  = 34603008                                  {product} {ergonomic}
    uintx NonNMethodCodeHeapSize                   = 5832780                                {pd product} {ergonomic}
    uintx NonProfiledCodeHeapSize                  = 122912730                              {pd product} {ergonomic}
   size_t OldSize                                  = 70254592                                  {product} {ergonomic}
    uintx ProfiledCodeHeapSize                     = 122912730                              {pd product} {ergonomic}
    uintx ReservedCodeCacheSize                    = 251658240                              {pd product} {ergonomic}
     bool SegmentedCodeCache                       = true                                      {product} {ergonomic}
   size_t SoftMaxHeapSize                          = 1073741824                             {manageable} {ergonomic}
     bool UseCompressedClassPointers               = true                           {product lp64_product} {ergonomic}
     bool UseCompressedOops                        = true                           {product lp64_product} {ergonomic}
     bool UseLargePagesIndividualAllocation        = false                                  {pd product} {ergonomic}
     bool UseParallelGC                            = true                                      {product} {command line}

Logging:
Log output configuration:
 #0: stdout all=off uptime,level,tags
 #1: stderr all=off uptime,level,tags

Environment Variables:
JAVA_HOME=C:\Program Files\Java\jdk-11.0.16.1
PATH=C:\Program Files\Common Files\Oracle\Java\javapath;C:\Program Files\Microsoft\jdk-11.0.12.7-hotspot\bin;C:\WINDOWS\system32;C:\WINDOWS;C:\WINDOWS\System32\Wbem;C:\WINDOWS\System32\WindowsPowerShell\v1.0\;C:\WINDOWS\System32\OpenSSH\;C:\Program Files (x86)\IncrediBuild;C:\Program Files\Git\cmd;C:\Users\TSAYEM\AppData\Local\Microsoft\WindowsApps;C:\Users\TSAYEM\AppData\Local\Programs\Microsoft VS Code\bin;G:\ARMEL\flutter_windows_3.0.0-stable\flutter\bin;C:\Program Files\Common Files\Oracle\Java\javapath;C:\Program Files\Microsoft\jdk-11.0.12.7-hotspot\bin;C:\Program Files (x86)\java\bin;
USERNAME=TSAYEM
OS=Windows_NT
PROCESSOR_IDENTIFIER=Intel64 Family 6 Model 42 Stepping 7, GenuineIntel
TMP=C:\Users\TSAYEM\AppData\Local\Temp
TEMP=C:\Users\TSAYEM\AppData\Local\Temp



---------------  S Y S T E M  ---------------

OS:
 Windows 10 , 64 bit Build 19041 (10.0.19041.2364)
OS uptime: 0 days 1:22 hours
Hyper-V role detected

CPU: total 4 (initial active 4) (2 cores per cpu, 2 threads per core) family 6 model 42 stepping 7 microcode 0x2f, cx8, cmov, fxsr, ht, mmx, sse, sse2, sse3, ssse3, sse4.1, sse4.2, popcnt, tsc, tscinvbit, avx, aes, clmul, vzeroupper, clflush, hv

Memory: 4k page, system-wide physical 3982M (563M free)
TotalPageFile size 7349M (AvailPageFile size 9M)
current process WorkingSet (physical memory assigned to process): 42M, peak: 42M
current process commit charge ("private bytes"): 175M, peak: 175M

vm_info: OpenJDK 64-Bit Server VM (17.0.5+8) for windows-amd64 JRE (17.0.5+8), built on Oct 19 2022 04:48:13 by "temurin" with MS VC++ 16.7 (VS2019)

END.
